[Fri Feb 17 17:33:03.738636 2023] [ssl:warn] [pid 19332:tid 372] AH01909: www.example.com:443:0 server certificate does NOT include an ID which matches the server name
[Fri Feb 17 17:33:03.771770 2023] [ssl:warn] [pid 19332:tid 372] AH01909: www.example.com:443:0 server certificate does NOT include an ID which matches the server name
[Fri Feb 17 17:33:03.806485 2023] [mpm_winnt:notice] [pid 19332:tid 372] AH00455: Apache/2.4.54 (Win64) OpenSSL/1.1.1p PHP/8.2.0 configured -- resuming normal operations
[Fri Feb 17 17:33:03.806485 2023] [mpm_winnt:notice] [pid 19332:tid 372] AH00456: Apache Lounge VS16 Server built: Jun 22 2022 09:58:15
[Fri Feb 17 17:33:03.806485 2023] [core:notice] [pid 19332:tid 372] AH00094: Command line: 'C:\\xampp\\apache\\bin\\httpd.exe -d C:/xampp/apache'
[Fri Feb 17 17:33:03.813467 2023] [mpm_winnt:notice] [pid 19332:tid 372] AH00418: Parent: Created child process 5708
[Fri Feb 17 17:33:04.172622 2023] [ssl:warn] [pid 5708:tid 380] AH01909: www.example.com:443:0 server certificate does NOT include an ID which matches the server name
[Fri Feb 17 17:33:04.204599 2023] [ssl:warn] [pid 5708:tid 380] AH01909: www.example.com:443:0 server certificate does NOT include an ID which matches the server name
[Fri Feb 17 17:33:04.238837 2023] [mpm_winnt:notice] [pid 5708:tid 380] AH00354: Child: Starting 150 worker threads.
[Fri Feb 17 17:34:48.719939 2023] [ssl:warn] [pid 18468:tid 364] AH01909: www.example.com:443:0 server certificate does NOT include an ID which matches the server name
[Fri Feb 17 17:34:48.747974 2023] [ssl:warn] [pid 18468:tid 364] AH01909: www.example.com:443:0 server certificate does NOT include an ID which matches the server name
[Fri Feb 17 17:34:48.781585 2023] [mpm_winnt:notice] [pid 18468:tid 364] AH00455: Apache/2.4.54 (Win64) OpenSSL/1.1.1p PHP/8.2.0 configured -- resuming normal operations
[Fri Feb 17 17:34:48.781585 2023] [mpm_winnt:notice] [pid 18468:tid 364] AH00456: Apache Lounge VS16 Server built: Jun 22 2022 09:58:15
[Fri Feb 17 17:34:48.781585 2023] [core:notice] [pid 18468:tid 364] AH00094: Command line: 'c:\\xampp\\apache\\bin\\httpd.exe -d C:/xampp/apache'
[Fri Feb 17 17:34:48.784086 2023] [mpm_winnt:notice] [pid 18468:tid 364] AH00418: Parent: Created child process 9588
[Fri Feb 17 17:34:49.017144 2023] [ssl:warn] [pid 9588:tid 360] AH01909: www.example.com:443:0 server certificate does NOT include an ID which matches the server name
[Fri Feb 17 17:34:49.044131 2023] [ssl:warn] [pid 9588:tid 360] AH01909: www.example.com:443:0 server certificate does NOT include an ID which matches the server name
[Fri Feb 17 17:34:49.072176 2023] [mpm_winnt:notice] [pid 9588:tid 360] AH00354: Child: Starting 150 worker threads.
[Fri Feb 17 18:54:39.269375 2023] [mpm_winnt:notice] [pid 18468:tid 364] AH00428: Parent: child process 9588 exited with status 1073807364 -- Restarting.
[Fri Feb 17 18:54:39.347199 2023] [ssl:warn] [pid 18468:tid 364] AH01909: www.example.com:443:0 server certificate does NOT include an ID which matches the server name
[Fri Feb 17 18:54:39.377119 2023] [mpm_winnt:notice] [pid 18468:tid 364] AH00455: Apache/2.4.54 (Win64) OpenSSL/1.1.1p PHP/8.2.0 configured -- resuming normal operations
[Fri Feb 17 18:54:39.377119 2023] [mpm_winnt:notice] [pid 18468:tid 364] AH00456: Apache Lounge VS16 Server built: Jun 22 2022 09:58:15
[Fri Feb 17 18:54:39.377119 2023] [core:notice] [pid 18468:tid 364] AH00094: Command line: 'c:\\xampp\\apache\\bin\\httpd.exe -d C:/xampp/apache'
[Fri Feb 17 18:54:39.388093 2023] [mpm_winnt:notice] [pid 18468:tid 364] AH00418: Parent: Created child process 22436
[Fri Feb 17 18:54:39.416525 2023] [mpm_winnt:crit] [pid 18468:tid 364] AH00419: master_main: create child process failed. Exiting.
[Wed Feb 22 10:15:17.548751 2023] [ssl:warn] [pid 21884:tid 364] AH01909: www.example.com:443:0 server certificate does NOT include an ID which matches the server name
[Wed Feb 22 10:15:17.575648 2023] [ssl:warn] [pid 21884:tid 364] AH01909: www.example.com:443:0 server certificate does NOT include an ID which matches the server name
[Wed Feb 22 10:15:17.767218 2023] [mpm_winnt:notice] [pid 21884:tid 364] AH00455: Apache/2.4.54 (Win64) OpenSSL/1.1.1p PHP/8.2.0 configured -- resuming normal operations
[Wed Feb 22 10:15:17.767218 2023] [mpm_winnt:notice] [pid 21884:tid 364] AH00456: Apache Lounge VS16 Server built: Jun 22 2022 09:58:15
[Wed Feb 22 10:15:17.767218 2023] [core:notice] [pid 21884:tid 364] AH00094: Command line: 'c:\\xampp\\apache\\bin\\httpd.exe -d C:/xampp/apache'
[Wed Feb 22 10:15:17.770211 2023] [mpm_winnt:notice] [pid 21884:tid 364] AH00418: Parent: Created child process 2088
[Wed Feb 22 10:15:17.986869 2023] [ssl:warn] [pid 2088:tid 348] AH01909: www.example.com:443:0 server certificate does NOT include an ID which matches the server name
[Wed Feb 22 10:15:18.011802 2023] [ssl:warn] [pid 2088:tid 348] AH01909: www.example.com:443:0 server certificate does NOT include an ID which matches the server name
[Wed Feb 22 10:15:18.040239 2023] [mpm_winnt:notice] [pid 2088:tid 348] AH00354: Child: Starting 150 worker threads.
[Wed Feb 22 10:16:01.307114 2023] [mpm_winnt:crit] [pid 2088:tid 348] AH02538: Child: Parent process exited abruptly. Child process is ending
[Wed Feb 22 10:24:04.810519 2023] [ssl:warn] [pid 17892:tid 384] AH01909: www.example.com:443:0 server certificate does NOT include an ID which matches the server name
[Wed Feb 22 10:24:04.835452 2023] [core:warn] [pid 17892:tid 384] AH00098: pid file C:/xampp/apache/logs/httpd.pid overwritten -- Unclean shutdown of previous Apache run?
[Wed Feb 22 10:24:04.837449 2023] [ssl:warn] [pid 17892:tid 384] AH01909: www.example.com:443:0 server certificate does NOT include an ID which matches the server name
[Wed Feb 22 10:24:04.866893 2023] [mpm_winnt:notice] [pid 17892:tid 384] AH00455: Apache/2.4.54 (Win64) OpenSSL/1.1.1p PHP/8.2.0 configured -- resuming normal operations
[Wed Feb 22 10:24:04.866893 2023] [mpm_winnt:notice] [pid 17892:tid 384] AH00456: Apache Lounge VS16 Server built: Jun 22 2022 09:58:15
[Wed Feb 22 10:24:04.866893 2023] [core:notice] [pid 17892:tid 384] AH00094: Command line: 'c:\\xampp\\apache\\bin\\httpd.exe -d C:/xampp/apache'
[Wed Feb 22 10:24:04.869874 2023] [mpm_winnt:notice] [pid 17892:tid 384] AH00418: Parent: Created child process 12032
[Wed Feb 22 10:24:05.099319 2023] [ssl:warn] [pid 12032:tid 372] AH01909: www.example.com:443:0 server certificate does NOT include an ID which matches the server name
[Wed Feb 22 10:24:05.125249 2023] [ssl:warn] [pid 12032:tid 372] AH01909: www.example.com:443:0 server certificate does NOT include an ID which matches the server name
[Wed Feb 22 10:24:05.155683 2023] [mpm_winnt:notice] [pid 12032:tid 372] AH00354: Child: Starting 150 worker threads.
[Wed Feb 22 10:35:23.433678 2023] [ssl:warn] [pid 20964:tid 352] AH01909: www.example.com:443:0 server certificate does NOT include an ID which matches the server name
[Wed Feb 22 10:35:23.461920 2023] [core:warn] [pid 20964:tid 352] AH00098: pid file C:/xampp/apache/logs/httpd.pid overwritten -- Unclean shutdown of previous Apache run?
[Wed Feb 22 10:35:23.463915 2023] [ssl:warn] [pid 20964:tid 352] AH01909: www.example.com:443:0 server certificate does NOT include an ID which matches the server name
[Wed Feb 22 10:35:23.727416 2023] [mpm_winnt:notice] [pid 20964:tid 352] AH00455: Apache/2.4.54 (Win64) OpenSSL/1.1.1p PHP/8.2.0 configured -- resuming normal operations
[Wed Feb 22 10:35:23.727416 2023] [mpm_winnt:notice] [pid 20964:tid 352] AH00456: Apache Lounge VS16 Server built: Jun 22 2022 09:58:15
[Wed Feb 22 10:35:23.727416 2023] [core:notice] [pid 20964:tid 352] AH00094: Command line: 'c:\\xampp\\apache\\bin\\httpd.exe -d C:/xampp/apache'
[Wed Feb 22 10:35:23.730192 2023] [mpm_winnt:notice] [pid 20964:tid 352] AH00418: Parent: Created child process 21056
[Wed Feb 22 10:35:23.972151 2023] [ssl:warn] [pid 21056:tid 356] AH01909: www.example.com:443:0 server certificate does NOT include an ID which matches the server name
[Wed Feb 22 10:35:23.997316 2023] [ssl:warn] [pid 21056:tid 356] AH01909: www.example.com:443:0 server certificate does NOT include an ID which matches the server name
[Wed Feb 22 10:35:24.025582 2023] [mpm_winnt:notice] [pid 21056:tid 356] AH00354: Child: Starting 150 worker threads.
[Wed Feb 22 10:35:38.154715 2023] [mpm_winnt:crit] [pid 21056:tid 356] AH02538: Child: Parent process exited abruptly. Child process is ending
[Fri Feb 24 09:59:45.404209 2023] [ssl:warn] [pid 20152:tid 340] AH01909: www.example.com:443:0 server certificate does NOT include an ID which matches the server name
[Fri Feb 24 09:59:45.431663 2023] [core:warn] [pid 20152:tid 340] AH00098: pid file C:/xampp/apache/logs/httpd.pid overwritten -- Unclean shutdown of previous Apache run?
[Fri Feb 24 09:59:45.433659 2023] [ssl:warn] [pid 20152:tid 340] AH01909: www.example.com:443:0 server certificate does NOT include an ID which matches the server name
[Fri Feb 24 09:59:45.613695 2023] [mpm_winnt:notice] [pid 20152:tid 340] AH00455: Apache/2.4.54 (Win64) OpenSSL/1.1.1p PHP/8.2.0 configured -- resuming normal operations
[Fri Feb 24 09:59:45.613695 2023] [mpm_winnt:notice] [pid 20152:tid 340] AH00456: Apache Lounge VS16 Server built: Jun 22 2022 09:58:15
[Fri Feb 24 09:59:45.613695 2023] [core:notice] [pid 20152:tid 340] AH00094: Command line: 'c:\\xampp\\apache\\bin\\httpd.exe -d C:/xampp/apache'
[Fri Feb 24 09:59:45.616687 2023] [mpm_winnt:notice] [pid 20152:tid 340] AH00418: Parent: Created child process 9764
[Fri Feb 24 09:59:45.841726 2023] [ssl:warn] [pid 9764:tid 368] AH01909: www.example.com:443:0 server certificate does NOT include an ID which matches the server name
[Fri Feb 24 09:59:45.866659 2023] [ssl:warn] [pid 9764:tid 368] AH01909: www.example.com:443:0 server certificate does NOT include an ID which matches the server name
[Fri Feb 24 09:59:45.893597 2023] [mpm_winnt:notice] [pid 9764:tid 368] AH00354: Child: Starting 150 worker threads.
[Fri Feb 24 10:03:52.015803 2023] [php:warn] [pid 9764:tid 1884] [client ::1:51657] PHP Warning:  Undefined array key "usr" in C:\\xampp\\htdocs\\index.php on line 11
[Fri Feb 24 10:04:05.861413 2023] [php:warn] [pid 9764:tid 1880] [client ::1:51658] PHP Warning:  Undefined array key "usr" in C:\\xampp\\htdocs\\index.php on line 11
[Fri Feb 24 10:17:10.086469 2023] [php:warn] [pid 9764:tid 1884] [client ::1:56115] PHP Warning:  Undefined array key "usr" in C:\\xampp\\htdocs\\index.php on line 11
[Fri Feb 24 15:25:48.150061 2023] [php:error] [pid 9764:tid 1880] [client ::1:56994] script 'C:/xampp/htdocs/sample17.php' not found or unable to stat, referer: http://localhost/
[Fri Feb 24 15:25:56.940253 2023] [php:error] [pid 9764:tid 1884] [client ::1:57016] script 'C:/xampp/htdocs/sample17.php' not found or unable to stat, referer: http://localhost/
[Fri Feb 24 15:26:34.315791 2023] [php:warn] [pid 9764:tid 1880] [client ::1:57023] PHP Warning:  Undefined array key "my_id" in C:\\xampp\\htdocs\\index.php on line 25
[Fri Feb 24 15:26:34.315791 2023] [php:warn] [pid 9764:tid 1880] [client ::1:57023] PHP Warning:  Undefined array key "password" in C:\\xampp\\htdocs\\index.php on line 26
[Fri Feb 24 15:26:34.315791 2023] [php:warn] [pid 9764:tid 1880] [client ::1:57023] PHP Warning:  Undefined array key "save" in C:\\xampp\\htdocs\\index.php on line 27
[Fri Feb 24 15:26:41.428136 2023] [php:warn] [pid 9764:tid 1884] [client ::1:57044] PHP Warning:  Undefined array key "my_id" in C:\\xampp\\htdocs\\index.php on line 25
[Fri Feb 24 15:26:41.428136 2023] [php:warn] [pid 9764:tid 1884] [client ::1:57044] PHP Warning:  Undefined array key "password" in C:\\xampp\\htdocs\\index.php on line 26
[Fri Feb 24 15:26:41.428136 2023] [php:warn] [pid 9764:tid 1884] [client ::1:57044] PHP Warning:  Undefined array key "save" in C:\\xampp\\htdocs\\index.php on line 27
[Fri Feb 24 15:28:29.226279 2023] [php:warn] [pid 9764:tid 1880] [client ::1:57092] PHP Warning:  Undefined array key "my_id" in C:\\xampp\\htdocs\\index.php on line 8
[Fri Feb 24 15:28:29.226279 2023] [php:warn] [pid 9764:tid 1880] [client ::1:57092] PHP Warning:  Undefined array key "password" in C:\\xampp\\htdocs\\index.php on line 9
[Fri Feb 24 15:28:29.226279 2023] [php:warn] [pid 9764:tid 1880] [client ::1:57092] PHP Warning:  Undefined array key "save" in C:\\xampp\\htdocs\\index.php on line 10
[Fri Feb 24 15:32:28.618796 2023] [php:warn] [pid 9764:tid 1884] [client ::1:57207] PHP Warning:  Undefined array key "my_id" in C:\\xampp\\htdocs\\index.php on line 5
[Fri Feb 24 15:32:33.910369 2023] [php:error] [pid 9764:tid 1880] [client ::1:57208] script 'C:/xampp/htdocs/sample18_logout.php' not found or unable to stat, referer: http://localhost/
[Fri Feb 24 15:32:35.094475 2023] [php:warn] [pid 9764:tid 1880] [client ::1:57208] PHP Warning:  Undefined array key "my_id" in C:\\xampp\\htdocs\\index.php on line 5
[Fri Feb 24 15:33:20.284587 2023] [php:warn] [pid 9764:tid 1884] [client ::1:57214] PHP Warning:  Undefined array key "my_id" in C:\\xampp\\htdocs\\index.php on line 9
[Fri Feb 24 15:33:22.943877 2023] [php:error] [pid 9764:tid 1884] [client ::1:57214] script 'C:/xampp/htdocs/sample18_second.php' not found or unable to stat, referer: http://localhost/
[Fri Feb 24 15:33:23.935015 2023] [php:warn] [pid 9764:tid 1884] [client ::1:57214] PHP Warning:  Undefined array key "my_id" in C:\\xampp\\htdocs\\index.php on line 9
[Fri Feb 24 15:35:30.977666 2023] [php:warn] [pid 9764:tid 1880] [client ::1:57372] PHP Warning:  Undefined array key "test" in C:\\xampp\\htdocs\\index.php on line 4
[Fri Feb 24 15:35:42.356989 2023] [php:error] [pid 9764:tid 1884] [client ::1:57373] script 'C:/xampp/htdocs/test.php' not found or unable to stat, referer: http://localhost/
[Fri Feb 24 15:35:44.708059 2023] [php:warn] [pid 9764:tid 1884] [client ::1:57373] PHP Warning:  Undefined array key "test" in C:\\xampp\\htdocs\\index.php on line 4
[Fri Feb 24 15:46:18.353234 2023] [php:error] [pid 9764:tid 1880] [client ::1:57835] PHP Parse error:  syntax error, unexpected token "<", expecting end of file in C:\\xampp\\htdocs\\index.php on line 8
[Fri Feb 24 15:46:34.725621 2023] [php:error] [pid 9764:tid 1884] [client ::1:57836] PHP Parse error:  syntax error, unexpected token "<", expecting end of file in C:\\xampp\\htdocs\\index.php on line 8
[Fri Feb 24 15:48:45.408605 2023] [php:warn] [pid 9764:tid 1880] [client ::1:57911] PHP Warning:  Undefined array key "usr" in C:\\xampp\\htdocs\\index.php on line 8
[Fri Feb 24 15:48:45.409595 2023] [php:warn] [pid 9764:tid 1880] [client ::1:57911] PHP Warning:  Undefined array key "usr" in C:\\xampp\\htdocs\\index.php on line 12
[Fri Feb 24 15:48:45.409595 2023] [php:warn] [pid 9764:tid 1880] [client ::1:57911] PHP Warning:  Undefined array key "usr" in C:\\xampp\\htdocs\\index.php on line 16
[Fri Feb 24 15:48:46.764345 2023] [php:warn] [pid 9764:tid 1880] [client ::1:57911] PHP Warning:  Undefined array key "usr" in C:\\xampp\\htdocs\\index.php on line 8
[Fri Feb 24 15:48:46.764345 2023] [php:warn] [pid 9764:tid 1880] [client ::1:57911] PHP Warning:  Undefined array key "usr" in C:\\xampp\\htdocs\\index.php on line 12
[Fri Feb 24 15:48:46.764345 2023] [php:warn] [pid 9764:tid 1880] [client ::1:57911] PHP Warning:  Undefined array key "usr" in C:\\xampp\\htdocs\\index.php on line 16
[Fri Feb 24 15:49:08.049729 2023] [php:warn] [pid 9764:tid 1884] [client ::1:57912] PHP Warning:  Undefined array key "usr" in C:\\xampp\\htdocs\\index.php on line 8
[Fri Feb 24 15:49:08.049729 2023] [php:warn] [pid 9764:tid 1884] [client ::1:57912] PHP Warning:  Undefined array key "usr" in C:\\xampp\\htdocs\\index.php on line 12
[Fri Feb 24 15:49:08.049729 2023] [php:warn] [pid 9764:tid 1884] [client ::1:57912] PHP Warning:  Undefined array key "usr" in C:\\xampp\\htdocs\\index.php on line 16
[Fri Feb 24 15:49:09.353677 2023] [php:warn] [pid 9764:tid 1884] [client ::1:57912] PHP Warning:  Undefined array key "usr" in C:\\xampp\\htdocs\\index.php on line 8
[Fri Feb 24 15:49:09.353677 2023] [php:warn] [pid 9764:tid 1884] [client ::1:57912] PHP Warning:  Undefined array key "usr" in C:\\xampp\\htdocs\\index.php on line 12
[Fri Feb 24 15:49:09.353677 2023] [php:warn] [pid 9764:tid 1884] [client ::1:57912] PHP Warning:  Undefined array key "usr" in C:\\xampp\\htdocs\\index.php on line 16
[Fri Feb 24 15:49:10.545152 2023] [php:warn] [pid 9764:tid 1884] [client ::1:57912] PHP Warning:  Undefined array key "usr" in C:\\xampp\\htdocs\\index.php on line 8
[Fri Feb 24 15:49:10.545152 2023] [php:warn] [pid 9764:tid 1884] [client ::1:57912] PHP Warning:  Undefined array key "usr" in C:\\xampp\\htdocs\\index.php on line 12
[Fri Feb 24 15:49:10.545152 2023] [php:warn] [pid 9764:tid 1884] [client ::1:57912] PHP Warning:  Undefined array key "usr" in C:\\xampp\\htdocs\\index.php on line 16
[Fri Feb 24 15:49:15.566434 2023] [php:warn] [pid 9764:tid 1880] [client ::1:57923] PHP Warning:  Undefined array key "usr" in C:\\xampp\\htdocs\\index.php on line 8
[Fri Feb 24 15:49:15.566434 2023] [php:warn] [pid 9764:tid 1880] [client ::1:57923] PHP Warning:  Undefined array key "usr" in C:\\xampp\\htdocs\\index.php on line 12
[Fri Feb 24 15:50:24.296906 2023] [php:warn] [pid 9764:tid 1880] [client ::1:57955] PHP Warning:  Undefined array key "usr" in C:\\xampp\\htdocs\\index.php on line 8
[Fri Feb 24 15:50:24.297905 2023] [php:warn] [pid 9764:tid 1880] [client ::1:57955] PHP Warning:  Undefined array key "usr" in C:\\xampp\\htdocs\\index.php on line 12
[Fri Feb 24 15:50:24.297905 2023] [php:warn] [pid 9764:tid 1880] [client ::1:57955] PHP Warning:  Undefined array key "usr" in C:\\xampp\\htdocs\\index.php on line 16
[Fri Feb 24 15:52:26.936966 2023] [php:warn] [pid 9764:tid 1884] [client ::1:58174] PHP Warning:  Undefined array key "usr" in C:\\xampp\\htdocs\\index.php on line 8
[Fri Feb 24 15:52:26.937965 2023] [php:warn] [pid 9764:tid 1884] [client ::1:58174] PHP Warning:  Undefined array key "usr" in C:\\xampp\\htdocs\\index.php on line 12
[Fri Feb 24 15:52:26.937965 2023] [php:warn] [pid 9764:tid 1884] [client ::1:58174] PHP Warning:  Undefined array key "usr" in C:\\xampp\\htdocs\\index.php on line 16
[Fri Feb 24 15:52:27.856578 2023] [php:warn] [pid 9764:tid 1884] [client ::1:58174] PHP Warning:  Undefined array key "usr" in C:\\xampp\\htdocs\\index.php on line 8
[Fri Feb 24 15:52:27.856578 2023] [php:warn] [pid 9764:tid 1884] [client ::1:58174] PHP Warning:  Undefined array key "usr" in C:\\xampp\\htdocs\\index.php on line 12
[Fri Feb 24 15:52:27.856578 2023] [php:warn] [pid 9764:tid 1884] [client ::1:58174] PHP Warning:  Undefined array key "usr" in C:\\xampp\\htdocs\\index.php on line 16
[Fri Feb 24 16:17:28.606428 2023] [php:warn] [pid 9764:tid 1880] [client ::1:59148] PHP Warning:  Undefined array key "tanaka" in C:\\xampp\\htdocs\\index.php on line 29
[Fri Feb 24 16:17:46.402226 2023] [php:warn] [pid 9764:tid 1884] [client ::1:59149] PHP Warning:  Undefined array key "user" in C:\\xampp\\htdocs\\index.php on line 29
[Thu Mar 02 20:31:55.090152 2023] [ssl:warn] [pid 24460:tid 360] AH01909: www.example.com:443:0 server certificate does NOT include an ID which matches the server name
[Thu Mar 02 20:31:55.120088 2023] [core:warn] [pid 24460:tid 360] AH00098: pid file C:/xampp/apache/logs/httpd.pid overwritten -- Unclean shutdown of previous Apache run?
[Thu Mar 02 20:31:55.122081 2023] [ssl:warn] [pid 24460:tid 360] AH01909: www.example.com:443:0 server certificate does NOT include an ID which matches the server name
[Thu Mar 02 20:31:55.300199 2023] [mpm_winnt:notice] [pid 24460:tid 360] AH00455: Apache/2.4.54 (Win64) OpenSSL/1.1.1p PHP/8.2.0 configured -- resuming normal operations
[Thu Mar 02 20:31:55.300199 2023] [mpm_winnt:notice] [pid 24460:tid 360] AH00456: Apache Lounge VS16 Server built: Jun 22 2022 09:58:15
[Thu Mar 02 20:31:55.300199 2023] [core:notice] [pid 24460:tid 360] AH00094: Command line: 'c:\\xampp\\apache\\bin\\httpd.exe -d C:/xampp/apache'
[Thu Mar 02 20:31:55.304215 2023] [mpm_winnt:notice] [pid 24460:tid 360] AH00418: Parent: Created child process 19628
[Thu Mar 02 20:31:55.649664 2023] [ssl:warn] [pid 19628:tid 388] AH01909: www.example.com:443:0 server certificate does NOT include an ID which matches the server name
[Thu Mar 02 20:31:55.691646 2023] [ssl:warn] [pid 19628:tid 388] AH01909: www.example.com:443:0 server certificate does NOT include an ID which matches the server name
[Thu Mar 02 20:31:55.730049 2023] [mpm_winnt:notice] [pid 19628:tid 388] AH00354: Child: Starting 150 worker threads.
[Fri Mar 03 10:02:49.286382 2023] [ssl:warn] [pid 6040:tid 364] AH01909: www.example.com:443:0 server certificate does NOT include an ID which matches the server name
[Fri Mar 03 10:02:49.315307 2023] [core:warn] [pid 6040:tid 364] AH00098: pid file C:/xampp/apache/logs/httpd.pid overwritten -- Unclean shutdown of previous Apache run?
[Fri Mar 03 10:02:49.317304 2023] [ssl:warn] [pid 6040:tid 364] AH01909: www.example.com:443:0 server certificate does NOT include an ID which matches the server name
[Fri Mar 03 10:02:49.501389 2023] [mpm_winnt:notice] [pid 6040:tid 364] AH00455: Apache/2.4.54 (Win64) OpenSSL/1.1.1p PHP/8.2.0 configured -- resuming normal operations
[Fri Mar 03 10:02:49.501389 2023] [mpm_winnt:notice] [pid 6040:tid 364] AH00456: Apache Lounge VS16 Server built: Jun 22 2022 09:58:15
[Fri Mar 03 10:02:49.501389 2023] [core:notice] [pid 6040:tid 364] AH00094: Command line: 'c:\\xampp\\apache\\bin\\httpd.exe -d C:/xampp/apache'
[Fri Mar 03 10:02:49.506377 2023] [mpm_winnt:notice] [pid 6040:tid 364] AH00418: Parent: Created child process 13388
[Fri Mar 03 10:02:49.828917 2023] [ssl:warn] [pid 13388:tid 376] AH01909: www.example.com:443:0 server certificate does NOT include an ID which matches the server name
[Fri Mar 03 10:02:49.856773 2023] [ssl:warn] [pid 13388:tid 376] AH01909: www.example.com:443:0 server certificate does NOT include an ID which matches the server name
[Fri Mar 03 10:02:49.884230 2023] [mpm_winnt:notice] [pid 13388:tid 376] AH00354: Child: Starting 150 worker threads.
[Fri Mar 03 11:51:05.153333 2023] [ssl:warn] [pid 16652:tid 388] AH01909: www.example.com:443:0 server certificate does NOT include an ID which matches the server name
[Fri Mar 03 11:51:05.181793 2023] [core:warn] [pid 16652:tid 388] AH00098: pid file C:/xampp/apache/logs/httpd.pid overwritten -- Unclean shutdown of previous Apache run?
[Fri Mar 03 11:51:05.183788 2023] [ssl:warn] [pid 16652:tid 388] AH01909: www.example.com:443:0 server certificate does NOT include an ID which matches the server name
[Fri Mar 03 11:51:05.212710 2023] [mpm_winnt:notice] [pid 16652:tid 388] AH00455: Apache/2.4.54 (Win64) OpenSSL/1.1.1p PHP/8.2.0 configured -- resuming normal operations
[Fri Mar 03 11:51:05.212710 2023] [mpm_winnt:notice] [pid 16652:tid 388] AH00456: Apache Lounge VS16 Server built: Jun 22 2022 09:58:15
[Fri Mar 03 11:51:05.212710 2023] [core:notice] [pid 16652:tid 388] AH00094: Command line: 'c:\\xampp\\apache\\bin\\httpd.exe -d C:/xampp/apache'
[Fri Mar 03 11:51:05.217696 2023] [mpm_winnt:notice] [pid 16652:tid 388] AH00418: Parent: Created child process 14840
[Fri Mar 03 11:51:05.537475 2023] [ssl:warn] [pid 14840:tid 372] AH01909: www.example.com:443:0 server certificate does NOT include an ID which matches the server name
[Fri Mar 03 11:51:05.564406 2023] [ssl:warn] [pid 14840:tid 372] AH01909: www.example.com:443:0 server certificate does NOT include an ID which matches the server name
[Fri Mar 03 11:51:05.592841 2023] [mpm_winnt:notice] [pid 14840:tid 372] AH00354: Child: Starting 150 worker threads.
[Fri Mar 03 14:09:03.778049 2023] [ssl:warn] [pid 5868:tid 408] AH01909: www.example.com:443:0 server certificate does NOT include an ID which matches the server name
[Fri Mar 03 14:09:03.810479 2023] [core:warn] [pid 5868:tid 408] AH00098: pid file C:/xampp/apache/logs/httpd.pid overwritten -- Unclean shutdown of previous Apache run?
[Fri Mar 03 14:09:03.811476 2023] [ssl:warn] [pid 5868:tid 408] AH01909: www.example.com:443:0 server certificate does NOT include an ID which matches the server name
[Fri Mar 03 14:09:04.012984 2023] [mpm_winnt:notice] [pid 5868:tid 408] AH00455: Apache/2.4.54 (Win64) OpenSSL/1.1.1p PHP/8.2.0 configured -- resuming normal operations
[Fri Mar 03 14:09:04.012984 2023] [mpm_winnt:notice] [pid 5868:tid 408] AH00456: Apache Lounge VS16 Server built: Jun 22 2022 09:58:15
[Fri Mar 03 14:09:04.012984 2023] [core:notice] [pid 5868:tid 408] AH00094: Command line: 'c:\\xampp\\apache\\bin\\httpd.exe -d C:/xampp/apache'
[Fri Mar 03 14:09:04.016973 2023] [mpm_winnt:notice] [pid 5868:tid 408] AH00418: Parent: Created child process 22640
[Fri Mar 03 14:09:04.367691 2023] [ssl:warn] [pid 22640:tid 360] AH01909: www.example.com:443:0 server certificate does NOT include an ID which matches the server name
[Fri Mar 03 14:09:04.398122 2023] [ssl:warn] [pid 22640:tid 360] AH01909: www.example.com:443:0 server certificate does NOT include an ID which matches the server name
[Fri Mar 03 14:09:04.429042 2023] [mpm_winnt:notice] [pid 22640:tid 360] AH00354: Child: Starting 150 worker threads.
[Fri Mar 03 15:14:10.183163 2023] [php:error] [pid 22640:tid 1896] [client ::1:56249] PHP Fatal error:  Uncaught ArgumentCountError: var_dump() expects at least 1 argument, 0 given in C:\\xampp\\htdocs\\index.php:9\nStack trace:\n#0 C:\\xampp\\htdocs\\index.php(9): var_dump()\n#1 {main}\n  thrown in C:\\xampp\\htdocs\\index.php on line 9
[Fri Mar 03 15:14:11.521054 2023] [php:error] [pid 22640:tid 1896] [client ::1:56249] PHP Fatal error:  Uncaught ArgumentCountError: var_dump() expects at least 1 argument, 0 given in C:\\xampp\\htdocs\\index.php:9\nStack trace:\n#0 C:\\xampp\\htdocs\\index.php(9): var_dump()\n#1 {main}\n  thrown in C:\\xampp\\htdocs\\index.php on line 9
[Sat Mar 04 22:11:30.058160 2023] [ssl:warn] [pid 20516:tid 360] AH01909: www.example.com:443:0 server certificate does NOT include an ID which matches the server name
[Sat Mar 04 22:11:30.086703 2023] [core:warn] [pid 20516:tid 360] AH00098: pid file C:/xampp/apache/logs/httpd.pid overwritten -- Unclean shutdown of previous Apache run?
[Sat Mar 04 22:11:30.088699 2023] [ssl:warn] [pid 20516:tid 360] AH01909: www.example.com:443:0 server certificate does NOT include an ID which matches the server name
[Sat Mar 04 22:11:30.283622 2023] [mpm_winnt:notice] [pid 20516:tid 360] AH00455: Apache/2.4.54 (Win64) OpenSSL/1.1.1p PHP/8.2.0 configured -- resuming normal operations
[Sat Mar 04 22:11:30.283622 2023] [mpm_winnt:notice] [pid 20516:tid 360] AH00456: Apache Lounge VS16 Server built: Jun 22 2022 09:58:15
[Sat Mar 04 22:11:30.283622 2023] [core:notice] [pid 20516:tid 360] AH00094: Command line: 'c:\\xampp\\apache\\bin\\httpd.exe -d C:/xampp/apache'
[Sat Mar 04 22:11:30.289477 2023] [mpm_winnt:notice] [pid 20516:tid 360] AH00418: Parent: Created child process 7836
[Sat Mar 04 22:11:30.623509 2023] [ssl:warn] [pid 7836:tid 396] AH01909: www.example.com:443:0 server certificate does NOT include an ID which matches the server name
[Sat Mar 04 22:11:30.652636 2023] [ssl:warn] [pid 7836:tid 396] AH01909: www.example.com:443:0 server certificate does NOT include an ID which matches the server name
[Sat Mar 04 22:11:30.682096 2023] [mpm_winnt:notice] [pid 7836:tid 396] AH00354: Child: Starting 150 worker threads.
[Mon Mar 06 20:40:45.350034 2023] [ssl:warn] [pid 10348:tid 400] AH01909: www.example.com:443:0 server certificate does NOT include an ID which matches the server name
[Mon Mar 06 20:40:45.375967 2023] [core:warn] [pid 10348:tid 400] AH00098: pid file C:/xampp/apache/logs/httpd.pid overwritten -- Unclean shutdown of previous Apache run?
[Mon Mar 06 20:40:45.377962 2023] [ssl:warn] [pid 10348:tid 400] AH01909: www.example.com:443:0 server certificate does NOT include an ID which matches the server name
[Mon Mar 06 20:40:45.421352 2023] [mpm_winnt:notice] [pid 10348:tid 400] AH00455: Apache/2.4.54 (Win64) OpenSSL/1.1.1p PHP/8.2.0 configured -- resuming normal operations
[Mon Mar 06 20:40:45.421352 2023] [mpm_winnt:notice] [pid 10348:tid 400] AH00456: Apache Lounge VS16 Server built: Jun 22 2022 09:58:15
[Mon Mar 06 20:40:45.421352 2023] [core:notice] [pid 10348:tid 400] AH00094: Command line: 'c:\\xampp\\apache\\bin\\httpd.exe -d C:/xampp/apache'
[Mon Mar 06 20:40:45.425342 2023] [mpm_winnt:notice] [pid 10348:tid 400] AH00418: Parent: Created child process 3696
[Mon Mar 06 20:40:45.744121 2023] [ssl:warn] [pid 3696:tid 360] AH01909: www.example.com:443:0 server certificate does NOT include an ID which matches the server name
[Mon Mar 06 20:40:45.770051 2023] [ssl:warn] [pid 3696:tid 360] AH01909: www.example.com:443:0 server certificate does NOT include an ID which matches the server name
[Mon Mar 06 20:40:45.798492 2023] [mpm_winnt:notice] [pid 3696:tid 360] AH00354: Child: Starting 150 worker threads.
[Mon Mar 06 23:29:51.891364 2023] [mpm_winnt:crit] [pid 3696:tid 360] AH02538: Child: Parent process exited abruptly. Child process is ending
[Thu Mar 09 21:04:54.102484 2023] [ssl:warn] [pid 4284:tid 360] AH01909: www.example.com:443:0 server certificate does NOT include an ID which matches the server name
[Thu Mar 09 21:04:54.131389 2023] [core:warn] [pid 4284:tid 360] AH00098: pid file C:/xampp/apache/logs/httpd.pid overwritten -- Unclean shutdown of previous Apache run?
[Thu Mar 09 21:04:54.133668 2023] [ssl:warn] [pid 4284:tid 360] AH01909: www.example.com:443:0 server certificate does NOT include an ID which matches the server name
[Thu Mar 09 21:04:54.325308 2023] [mpm_winnt:notice] [pid 4284:tid 360] AH00455: Apache/2.4.54 (Win64) OpenSSL/1.1.1p PHP/8.2.0 configured -- resuming normal operations
[Thu Mar 09 21:04:54.325308 2023] [mpm_winnt:notice] [pid 4284:tid 360] AH00456: Apache Lounge VS16 Server built: Jun 22 2022 09:58:15
[Thu Mar 09 21:04:54.325308 2023] [core:notice] [pid 4284:tid 360] AH00094: Command line: 'c:\\xampp\\apache\\bin\\httpd.exe -d C:/xampp/apache'
[Thu Mar 09 21:04:54.330296 2023] [mpm_winnt:notice] [pid 4284:tid 360] AH00418: Parent: Created child process 9580
[Thu Mar 09 21:04:54.657964 2023] [ssl:warn] [pid 9580:tid 376] AH01909: www.example.com:443:0 server certificate does NOT include an ID which matches the server name
[Thu Mar 09 21:04:54.686473 2023] [ssl:warn] [pid 9580:tid 376] AH01909: www.example.com:443:0 server certificate does NOT include an ID which matches the server name
[Thu Mar 09 21:04:54.716788 2023] [mpm_winnt:notice] [pid 9580:tid 376] AH00354: Child: Starting 150 worker threads.
[Thu Mar 09 21:05:54.446134 2023] [mpm_winnt:crit] [pid 9580:tid 376] AH02538: Child: Parent process exited abruptly. Child process is ending
[Thu Mar 09 21:23:25.899328 2023] [ssl:warn] [pid 16160:tid 404] AH01909: www.example.com:443:0 server certificate does NOT include an ID which matches the server name
[Thu Mar 09 21:23:25.934331 2023] [core:warn] [pid 16160:tid 404] AH00098: pid file C:/xampp/apache/logs/httpd.pid overwritten -- Unclean shutdown of previous Apache run?
[Thu Mar 09 21:23:25.937032 2023] [ssl:warn] [pid 16160:tid 404] AH01909: www.example.com:443:0 server certificate does NOT include an ID which matches the server name
[Thu Mar 09 21:23:25.973941 2023] [mpm_winnt:notice] [pid 16160:tid 404] AH00455: Apache/2.4.54 (Win64) OpenSSL/1.1.1p PHP/8.2.0 configured -- resuming normal operations
[Thu Mar 09 21:23:25.973941 2023] [mpm_winnt:notice] [pid 16160:tid 404] AH00456: Apache Lounge VS16 Server built: Jun 22 2022 09:58:15
[Thu Mar 09 21:23:25.973941 2023] [core:notice] [pid 16160:tid 404] AH00094: Command line: 'c:\\xampp\\apache\\bin\\httpd.exe -d C:/xampp/apache'
[Thu Mar 09 21:23:25.979262 2023] [mpm_winnt:notice] [pid 16160:tid 404] AH00418: Parent: Created child process 2076
[Thu Mar 09 21:23:26.356355 2023] [ssl:warn] [pid 2076:tid 376] AH01909: www.example.com:443:0 server certificate does NOT include an ID which matches the server name
[Thu Mar 09 21:23:26.393156 2023] [ssl:warn] [pid 2076:tid 376] AH01909: www.example.com:443:0 server certificate does NOT include an ID which matches the server name
[Thu Mar 09 21:23:26.430572 2023] [mpm_winnt:notice] [pid 2076:tid 376] AH00354: Child: Starting 150 worker threads.
[Fri Mar 10 18:22:35.876743 2023] [ssl:warn] [pid 8068:tid 228] AH01909: www.example.com:443:0 server certificate does NOT include an ID which matches the server name
[Fri Mar 10 18:22:35.906494 2023] [core:warn] [pid 8068:tid 228] AH00098: pid file C:/xampp/apache/logs/httpd.pid overwritten -- Unclean shutdown of previous Apache run?
[Fri Mar 10 18:22:35.908490 2023] [ssl:warn] [pid 8068:tid 228] AH01909: www.example.com:443:0 server certificate does NOT include an ID which matches the server name
[Fri Mar 10 18:22:36.116224 2023] [mpm_winnt:notice] [pid 8068:tid 228] AH00455: Apache/2.4.54 (Win64) OpenSSL/1.1.1p PHP/8.2.0 configured -- resuming normal operations
[Fri Mar 10 18:22:36.116224 2023] [mpm_winnt:notice] [pid 8068:tid 228] AH00456: Apache Lounge VS16 Server built: Jun 22 2022 09:58:15
[Fri Mar 10 18:22:36.117218 2023] [core:notice] [pid 8068:tid 228] AH00094: Command line: 'c:\\xampp\\apache\\bin\\httpd.exe -d C:/xampp/apache'
[Fri Mar 10 18:22:36.121207 2023] [mpm_winnt:notice] [pid 8068:tid 228] AH00418: Parent: Created child process 16236
[Fri Mar 10 18:22:36.461213 2023] [ssl:warn] [pid 16236:tid 400] AH01909: www.example.com:443:0 server certificate does NOT include an ID which matches the server name
[Fri Mar 10 18:22:36.488533 2023] [ssl:warn] [pid 16236:tid 400] AH01909: www.example.com:443:0 server certificate does NOT include an ID which matches the server name
[Fri Mar 10 18:22:36.519241 2023] [mpm_winnt:notice] [pid 16236:tid 400] AH00354: Child: Starting 150 worker threads.
