[2022-11-25 01:34:11] production.ERROR: Target class [Fruitcake\Cors\HandleCors] does not exist. {"exception":"[object] (Illuminate\\Contracts\\Container\\BindingResolutionException(code: 0): Target class [Fruitcake\\Cors\\HandleCors] does not exist. at D:\\xampp\\htdocs\\techUP_study\\大月凌雅\\課題7-6\\Sample\\vendor\\laravel\\framework\\src\\Illuminate\\Container\\Container.php:877)
[stacktrace]
#0 D:\\xampp\\htdocs\\techUP_study\\大月凌雅\\課題7-6\\Sample\\vendor\\laravel\\framework\\src\\Illuminate\\Container\\Container.php(756): Illuminate\\Container\\Container->build('Fruitcake\\\\Cors\\\\...')
#1 D:\\xampp\\htdocs\\techUP_study\\大月凌雅\\課題7-6\\Sample\\vendor\\laravel\\framework\\src\\Illuminate\\Foundation\\Application.php(860): Illuminate\\Container\\Container->resolve('Fruitcake\\\\Cors\\\\...', Array, true)
#2 D:\\xampp\\htdocs\\techUP_study\\大月凌雅\\課題7-6\\Sample\\vendor\\laravel\\framework\\src\\Illuminate\\Container\\Container.php(692): Illuminate\\Foundation\\Application->resolve('Fruitcake\\\\Cors\\\\...', Array)
#3 D:\\xampp\\htdocs\\techUP_study\\大月凌雅\\課題7-6\\Sample\\vendor\\laravel\\framework\\src\\Illuminate\\Foundation\\Application.php(845): Illuminate\\Container\\Container->make('Fruitcake\\\\Cors\\\\...', Array)
#4 D:\\xampp\\htdocs\\techUP_study\\大月凌雅\\課題7-6\\Sample\\vendor\\laravel\\framework\\src\\Illuminate\\Pipeline\\Pipeline.php(169): Illuminate\\Foundation\\Application->make('Fruitcake\\\\Cors\\\\...')
#5 D:\\xampp\\htdocs\\techUP_study\\大月凌雅\\課題7-6\\Sample\\vendor\\laravel\\framework\\src\\Illuminate\\Http\\Middleware\\TrustProxies.php(39): Illuminate\\Pipeline\\Pipeline->Illuminate\\Pipeline\\{closure}(Object(Illuminate\\Http\\Request))
#6 D:\\xampp\\htdocs\\techUP_study\\大月凌雅\\課題7-6\\Sample\\vendor\\laravel\\framework\\src\\Illuminate\\Pipeline\\Pipeline.php(180): Illuminate\\Http\\Middleware\\TrustProxies->handle(Object(Illuminate\\Http\\Request), Object(Closure))
#7 D:\\xampp\\htdocs\\techUP_study\\大月凌雅\\課題7-6\\Sample\\vendor\\laravel\\framework\\src\\Illuminate\\Pipeline\\Pipeline.php(116): Illuminate\\Pipeline\\Pipeline->Illuminate\\Pipeline\\{closure}(Object(Illuminate\\Http\\Request))
#8 D:\\xampp\\htdocs\\techUP_study\\大月凌雅\\課題7-6\\Sample\\vendor\\laravel\\framework\\src\\Illuminate\\Foundation\\Http\\Kernel.php(165): Illuminate\\Pipeline\\Pipeline->then(Object(Closure))
#9 D:\\xampp\\htdocs\\techUP_study\\大月凌雅\\課題7-6\\Sample\\vendor\\laravel\\framework\\src\\Illuminate\\Foundation\\Http\\Kernel.php(134): Illuminate\\Foundation\\Http\\Kernel->sendRequestThroughRouter(Object(Illuminate\\Http\\Request))
#10 D:\\xampp\\htdocs\\techUP_study\\大月凌雅\\課題7-6\\Sample\\public\\index.php(52): Illuminate\\Foundation\\Http\\Kernel->handle(Object(Illuminate\\Http\\Request))
#11 D:\\xampp\\htdocs\\techUP_study\\大月凌雅\\課題7-6\\Sample\\server.php(21): require_once('D:\\\\xampp\\\\htdocs...')
#12 {main}

[previous exception] [object] (ReflectionException(code: -1): Class \"Fruitcake\\Cors\\HandleCors\" does not exist at D:\\xampp\\htdocs\\techUP_study\\大月凌雅\\課題7-6\\Sample\\vendor\\laravel\\framework\\src\\Illuminate\\Container\\Container.php:875)
[stacktrace]
#0 D:\\xampp\\htdocs\\techUP_study\\大月凌雅\\課題7-6\\Sample\\vendor\\laravel\\framework\\src\\Illuminate\\Container\\Container.php(875): ReflectionClass->__construct('Fruitcake\\\\Cors\\\\...')
#1 D:\\xampp\\htdocs\\techUP_study\\大月凌雅\\課題7-6\\Sample\\vendor\\laravel\\framework\\src\\Illuminate\\Container\\Container.php(756): Illuminate\\Container\\Container->build('Fruitcake\\\\Cors\\\\...')
#2 D:\\xampp\\htdocs\\techUP_study\\大月凌雅\\課題7-6\\Sample\\vendor\\laravel\\framework\\src\\Illuminate\\Foundation\\Application.php(860): Illuminate\\Container\\Container->resolve('Fruitcake\\\\Cors\\\\...', Array, true)
#3 D:\\xampp\\htdocs\\techUP_study\\大月凌雅\\課題7-6\\Sample\\vendor\\laravel\\framework\\src\\Illuminate\\Container\\Container.php(692): Illuminate\\Foundation\\Application->resolve('Fruitcake\\\\Cors\\\\...', Array)
#4 D:\\xampp\\htdocs\\techUP_study\\大月凌雅\\課題7-6\\Sample\\vendor\\laravel\\framework\\src\\Illuminate\\Foundation\\Application.php(845): Illuminate\\Container\\Container->make('Fruitcake\\\\Cors\\\\...', Array)
#5 D:\\xampp\\htdocs\\techUP_study\\大月凌雅\\課題7-6\\Sample\\vendor\\laravel\\framework\\src\\Illuminate\\Pipeline\\Pipeline.php(169): Illuminate\\Foundation\\Application->make('Fruitcake\\\\Cors\\\\...')
#6 D:\\xampp\\htdocs\\techUP_study\\大月凌雅\\課題7-6\\Sample\\vendor\\laravel\\framework\\src\\Illuminate\\Http\\Middleware\\TrustProxies.php(39): Illuminate\\Pipeline\\Pipeline->Illuminate\\Pipeline\\{closure}(Object(Illuminate\\Http\\Request))
#7 D:\\xampp\\htdocs\\techUP_study\\大月凌雅\\課題7-6\\Sample\\vendor\\laravel\\framework\\src\\Illuminate\\Pipeline\\Pipeline.php(180): Illuminate\\Http\\Middleware\\TrustProxies->handle(Object(Illuminate\\Http\\Request), Object(Closure))
#8 D:\\xampp\\htdocs\\techUP_study\\大月凌雅\\課題7-6\\Sample\\vendor\\laravel\\framework\\src\\Illuminate\\Pipeline\\Pipeline.php(116): Illuminate\\Pipeline\\Pipeline->Illuminate\\Pipeline\\{closure}(Object(Illuminate\\Http\\Request))
#9 D:\\xampp\\htdocs\\techUP_study\\大月凌雅\\課題7-6\\Sample\\vendor\\laravel\\framework\\src\\Illuminate\\Foundation\\Http\\Kernel.php(165): Illuminate\\Pipeline\\Pipeline->then(Object(Closure))
#10 D:\\xampp\\htdocs\\techUP_study\\大月凌雅\\課題7-6\\Sample\\vendor\\laravel\\framework\\src\\Illuminate\\Foundation\\Http\\Kernel.php(134): Illuminate\\Foundation\\Http\\Kernel->sendRequestThroughRouter(Object(Illuminate\\Http\\Request))
#11 D:\\xampp\\htdocs\\techUP_study\\大月凌雅\\課題7-6\\Sample\\public\\index.php(52): Illuminate\\Foundation\\Http\\Kernel->handle(Object(Illuminate\\Http\\Request))
#12 D:\\xampp\\htdocs\\techUP_study\\大月凌雅\\課題7-6\\Sample\\server.php(21): require_once('D:\\\\xampp\\\\htdocs...')
#13 {main}
"} 
[2022-11-25 01:34:11] production.ERROR: Target class [Fruitcake\Cors\HandleCors] does not exist. {"exception":"[object] (Illuminate\\Contracts\\Container\\BindingResolutionException(code: 0): Target class [Fruitcake\\Cors\\HandleCors] does not exist. at D:\\xampp\\htdocs\\techUP_study\\大月凌雅\\課題7-6\\Sample\\vendor\\laravel\\framework\\src\\Illuminate\\Container\\Container.php:877)
[stacktrace]
#0 D:\\xampp\\htdocs\\techUP_study\\大月凌雅\\課題7-6\\Sample\\vendor\\laravel\\framework\\src\\Illuminate\\Container\\Container.php(756): Illuminate\\Container\\Container->build('Fruitcake\\\\Cors\\\\...')
#1 D:\\xampp\\htdocs\\techUP_study\\大月凌雅\\課題7-6\\Sample\\vendor\\laravel\\framework\\src\\Illuminate\\Foundation\\Application.php(860): Illuminate\\Container\\Container->resolve('Fruitcake\\\\Cors\\\\...', Array, true)
#2 D:\\xampp\\htdocs\\techUP_study\\大月凌雅\\課題7-6\\Sample\\vendor\\laravel\\framework\\src\\Illuminate\\Container\\Container.php(692): Illuminate\\Foundation\\Application->resolve('Fruitcake\\\\Cors\\\\...', Array)
#3 D:\\xampp\\htdocs\\techUP_study\\大月凌雅\\課題7-6\\Sample\\vendor\\laravel\\framework\\src\\Illuminate\\Foundation\\Application.php(845): Illuminate\\Container\\Container->make('Fruitcake\\\\Cors\\\\...', Array)
#4 D:\\xampp\\htdocs\\techUP_study\\大月凌雅\\課題7-6\\Sample\\vendor\\laravel\\framework\\src\\Illuminate\\Foundation\\Http\\Kernel.php(239): Illuminate\\Foundation\\Application->make('Fruitcake\\\\Cors\\\\...')
#5 D:\\xampp\\htdocs\\techUP_study\\大月凌雅\\課題7-6\\Sample\\vendor\\laravel\\framework\\src\\Illuminate\\Foundation\\Http\\Kernel.php(203): Illuminate\\Foundation\\Http\\Kernel->terminateMiddleware(Object(Illuminate\\Http\\Request), Object(Illuminate\\Http\\Response))
#6 D:\\xampp\\htdocs\\techUP_study\\大月凌雅\\課題7-6\\Sample\\public\\index.php(55): Illuminate\\Foundation\\Http\\Kernel->terminate(Object(Illuminate\\Http\\Request), Object(Illuminate\\Http\\Response))
#7 D:\\xampp\\htdocs\\techUP_study\\大月凌雅\\課題7-6\\Sample\\server.php(21): require_once('D:\\\\xampp\\\\htdocs...')
#8 {main}

[previous exception] [object] (ReflectionException(code: -1): Class \"Fruitcake\\Cors\\HandleCors\" does not exist at D:\\xampp\\htdocs\\techUP_study\\大月凌雅\\課題7-6\\Sample\\vendor\\laravel\\framework\\src\\Illuminate\\Container\\Container.php:875)
[stacktrace]
#0 D:\\xampp\\htdocs\\techUP_study\\大月凌雅\\課題7-6\\Sample\\vendor\\laravel\\framework\\src\\Illuminate\\Container\\Container.php(875): ReflectionClass->__construct('Fruitcake\\\\Cors\\\\...')
#1 D:\\xampp\\htdocs\\techUP_study\\大月凌雅\\課題7-6\\Sample\\vendor\\laravel\\framework\\src\\Illuminate\\Container\\Container.php(756): Illuminate\\Container\\Container->build('Fruitcake\\\\Cors\\\\...')
#2 D:\\xampp\\htdocs\\techUP_study\\大月凌雅\\課題7-6\\Sample\\vendor\\laravel\\framework\\src\\Illuminate\\Foundation\\Application.php(860): Illuminate\\Container\\Container->resolve('Fruitcake\\\\Cors\\\\...', Array, true)
#3 D:\\xampp\\htdocs\\techUP_study\\大月凌雅\\課題7-6\\Sample\\vendor\\laravel\\framework\\src\\Illuminate\\Container\\Container.php(692): Illuminate\\Foundation\\Application->resolve('Fruitcake\\\\Cors\\\\...', Array)
#4 D:\\xampp\\htdocs\\techUP_study\\大月凌雅\\課題7-6\\Sample\\vendor\\laravel\\framework\\src\\Illuminate\\Foundation\\Application.php(845): Illuminate\\Container\\Container->make('Fruitcake\\\\Cors\\\\...', Array)
#5 D:\\xampp\\htdocs\\techUP_study\\大月凌雅\\課題7-6\\Sample\\vendor\\laravel\\framework\\src\\Illuminate\\Foundation\\Http\\Kernel.php(239): Illuminate\\Foundation\\Application->make('Fruitcake\\\\Cors\\\\...')
#6 D:\\xampp\\htdocs\\techUP_study\\大月凌雅\\課題7-6\\Sample\\vendor\\laravel\\framework\\src\\Illuminate\\Foundation\\Http\\Kernel.php(203): Illuminate\\Foundation\\Http\\Kernel->terminateMiddleware(Object(Illuminate\\Http\\Request), Object(Illuminate\\Http\\Response))
#7 D:\\xampp\\htdocs\\techUP_study\\大月凌雅\\課題7-6\\Sample\\public\\index.php(55): Illuminate\\Foundation\\Http\\Kernel->terminate(Object(Illuminate\\Http\\Request), Object(Illuminate\\Http\\Response))
#8 D:\\xampp\\htdocs\\techUP_study\\大月凌雅\\課題7-6\\Sample\\server.php(21): require_once('D:\\\\xampp\\\\htdocs...')
#9 {main}
"} 
[2022-11-25 01:34:20] production.ERROR: Target class [Fruitcake\Cors\HandleCors] does not exist. {"exception":"[object] (Illuminate\\Contracts\\Container\\BindingResolutionException(code: 0): Target class [Fruitcake\\Cors\\HandleCors] does not exist. at D:\\xampp\\htdocs\\techUP_study\\大月凌雅\\課題7-6\\Sample\\vendor\\laravel\\framework\\src\\Illuminate\\Container\\Container.php:877)
[stacktrace]
#0 D:\\xampp\\htdocs\\techUP_study\\大月凌雅\\課題7-6\\Sample\\vendor\\laravel\\framework\\src\\Illuminate\\Container\\Container.php(756): Illuminate\\Container\\Container->build('Fruitcake\\\\Cors\\\\...')
#1 D:\\xampp\\htdocs\\techUP_study\\大月凌雅\\課題7-6\\Sample\\vendor\\laravel\\framework\\src\\Illuminate\\Foundation\\Application.php(860): Illuminate\\Container\\Container->resolve('Fruitcake\\\\Cors\\\\...', Array, true)
#2 D:\\xampp\\htdocs\\techUP_study\\大月凌雅\\課題7-6\\Sample\\vendor\\laravel\\framework\\src\\Illuminate\\Container\\Container.php(692): Illuminate\\Foundation\\Application->resolve('Fruitcake\\\\Cors\\\\...', Array)
#3 D:\\xampp\\htdocs\\techUP_study\\大月凌雅\\課題7-6\\Sample\\vendor\\laravel\\framework\\src\\Illuminate\\Foundation\\Application.php(845): Illuminate\\Container\\Container->make('Fruitcake\\\\Cors\\\\...', Array)
#4 D:\\xampp\\htdocs\\techUP_study\\大月凌雅\\課題7-6\\Sample\\vendor\\laravel\\framework\\src\\Illuminate\\Pipeline\\Pipeline.php(169): Illuminate\\Foundation\\Application->make('Fruitcake\\\\Cors\\\\...')
#5 D:\\xampp\\htdocs\\techUP_study\\大月凌雅\\課題7-6\\Sample\\vendor\\laravel\\framework\\src\\Illuminate\\Http\\Middleware\\TrustProxies.php(39): Illuminate\\Pipeline\\Pipeline->Illuminate\\Pipeline\\{closure}(Object(Illuminate\\Http\\Request))
#6 D:\\xampp\\htdocs\\techUP_study\\大月凌雅\\課題7-6\\Sample\\vendor\\laravel\\framework\\src\\Illuminate\\Pipeline\\Pipeline.php(180): Illuminate\\Http\\Middleware\\TrustProxies->handle(Object(Illuminate\\Http\\Request), Object(Closure))
#7 D:\\xampp\\htdocs\\techUP_study\\大月凌雅\\課題7-6\\Sample\\vendor\\laravel\\framework\\src\\Illuminate\\Pipeline\\Pipeline.php(116): Illuminate\\Pipeline\\Pipeline->Illuminate\\Pipeline\\{closure}(Object(Illuminate\\Http\\Request))
#8 D:\\xampp\\htdocs\\techUP_study\\大月凌雅\\課題7-6\\Sample\\vendor\\laravel\\framework\\src\\Illuminate\\Foundation\\Http\\Kernel.php(165): Illuminate\\Pipeline\\Pipeline->then(Object(Closure))
#9 D:\\xampp\\htdocs\\techUP_study\\大月凌雅\\課題7-6\\Sample\\vendor\\laravel\\framework\\src\\Illuminate\\Foundation\\Http\\Kernel.php(134): Illuminate\\Foundation\\Http\\Kernel->sendRequestThroughRouter(Object(Illuminate\\Http\\Request))
#10 D:\\xampp\\htdocs\\techUP_study\\大月凌雅\\課題7-6\\Sample\\public\\index.php(52): Illuminate\\Foundation\\Http\\Kernel->handle(Object(Illuminate\\Http\\Request))
#11 D:\\xampp\\htdocs\\techUP_study\\大月凌雅\\課題7-6\\Sample\\server.php(21): require_once('D:\\\\xampp\\\\htdocs...')
#12 {main}

[previous exception] [object] (ReflectionException(code: -1): Class \"Fruitcake\\Cors\\HandleCors\" does not exist at D:\\xampp\\htdocs\\techUP_study\\大月凌雅\\課題7-6\\Sample\\vendor\\laravel\\framework\\src\\Illuminate\\Container\\Container.php:875)
[stacktrace]
#0 D:\\xampp\\htdocs\\techUP_study\\大月凌雅\\課題7-6\\Sample\\vendor\\laravel\\framework\\src\\Illuminate\\Container\\Container.php(875): ReflectionClass->__construct('Fruitcake\\\\Cors\\\\...')
#1 D:\\xampp\\htdocs\\techUP_study\\大月凌雅\\課題7-6\\Sample\\vendor\\laravel\\framework\\src\\Illuminate\\Container\\Container.php(756): Illuminate\\Container\\Container->build('Fruitcake\\\\Cors\\\\...')
#2 D:\\xampp\\htdocs\\techUP_study\\大月凌雅\\課題7-6\\Sample\\vendor\\laravel\\framework\\src\\Illuminate\\Foundation\\Application.php(860): Illuminate\\Container\\Container->resolve('Fruitcake\\\\Cors\\\\...', Array, true)
#3 D:\\xampp\\htdocs\\techUP_study\\大月凌雅\\課題7-6\\Sample\\vendor\\laravel\\framework\\src\\Illuminate\\Container\\Container.php(692): Illuminate\\Foundation\\Application->resolve('Fruitcake\\\\Cors\\\\...', Array)
#4 D:\\xampp\\htdocs\\techUP_study\\大月凌雅\\課題7-6\\Sample\\vendor\\laravel\\framework\\src\\Illuminate\\Foundation\\Application.php(845): Illuminate\\Container\\Container->make('Fruitcake\\\\Cors\\\\...', Array)
#5 D:\\xampp\\htdocs\\techUP_study\\大月凌雅\\課題7-6\\Sample\\vendor\\laravel\\framework\\src\\Illuminate\\Pipeline\\Pipeline.php(169): Illuminate\\Foundation\\Application->make('Fruitcake\\\\Cors\\\\...')
#6 D:\\xampp\\htdocs\\techUP_study\\大月凌雅\\課題7-6\\Sample\\vendor\\laravel\\framework\\src\\Illuminate\\Http\\Middleware\\TrustProxies.php(39): Illuminate\\Pipeline\\Pipeline->Illuminate\\Pipeline\\{closure}(Object(Illuminate\\Http\\Request))
#7 D:\\xampp\\htdocs\\techUP_study\\大月凌雅\\課題7-6\\Sample\\vendor\\laravel\\framework\\src\\Illuminate\\Pipeline\\Pipeline.php(180): Illuminate\\Http\\Middleware\\TrustProxies->handle(Object(Illuminate\\Http\\Request), Object(Closure))
#8 D:\\xampp\\htdocs\\techUP_study\\大月凌雅\\課題7-6\\Sample\\vendor\\laravel\\framework\\src\\Illuminate\\Pipeline\\Pipeline.php(116): Illuminate\\Pipeline\\Pipeline->Illuminate\\Pipeline\\{closure}(Object(Illuminate\\Http\\Request))
#9 D:\\xampp\\htdocs\\techUP_study\\大月凌雅\\課題7-6\\Sample\\vendor\\laravel\\framework\\src\\Illuminate\\Foundation\\Http\\Kernel.php(165): Illuminate\\Pipeline\\Pipeline->then(Object(Closure))
#10 D:\\xampp\\htdocs\\techUP_study\\大月凌雅\\課題7-6\\Sample\\vendor\\laravel\\framework\\src\\Illuminate\\Foundation\\Http\\Kernel.php(134): Illuminate\\Foundation\\Http\\Kernel->sendRequestThroughRouter(Object(Illuminate\\Http\\Request))
#11 D:\\xampp\\htdocs\\techUP_study\\大月凌雅\\課題7-6\\Sample\\public\\index.php(52): Illuminate\\Foundation\\Http\\Kernel->handle(Object(Illuminate\\Http\\Request))
#12 D:\\xampp\\htdocs\\techUP_study\\大月凌雅\\課題7-6\\Sample\\server.php(21): require_once('D:\\\\xampp\\\\htdocs...')
#13 {main}
"} 
[2022-11-25 01:34:20] production.ERROR: Target class [Fruitcake\Cors\HandleCors] does not exist. {"exception":"[object] (Illuminate\\Contracts\\Container\\BindingResolutionException(code: 0): Target class [Fruitcake\\Cors\\HandleCors] does not exist. at D:\\xampp\\htdocs\\techUP_study\\大月凌雅\\課題7-6\\Sample\\vendor\\laravel\\framework\\src\\Illuminate\\Container\\Container.php:877)
[stacktrace]
#0 D:\\xampp\\htdocs\\techUP_study\\大月凌雅\\課題7-6\\Sample\\vendor\\laravel\\framework\\src\\Illuminate\\Container\\Container.php(756): Illuminate\\Container\\Container->build('Fruitcake\\\\Cors\\\\...')
#1 D:\\xampp\\htdocs\\techUP_study\\大月凌雅\\課題7-6\\Sample\\vendor\\laravel\\framework\\src\\Illuminate\\Foundation\\Application.php(860): Illuminate\\Container\\Container->resolve('Fruitcake\\\\Cors\\\\...', Array, true)
#2 D:\\xampp\\htdocs\\techUP_study\\大月凌雅\\課題7-6\\Sample\\vendor\\laravel\\framework\\src\\Illuminate\\Container\\Container.php(692): Illuminate\\Foundation\\Application->resolve('Fruitcake\\\\Cors\\\\...', Array)
#3 D:\\xampp\\htdocs\\techUP_study\\大月凌雅\\課題7-6\\Sample\\vendor\\laravel\\framework\\src\\Illuminate\\Foundation\\Application.php(845): Illuminate\\Container\\Container->make('Fruitcake\\\\Cors\\\\...', Array)
#4 D:\\xampp\\htdocs\\techUP_study\\大月凌雅\\課題7-6\\Sample\\vendor\\laravel\\framework\\src\\Illuminate\\Foundation\\Http\\Kernel.php(239): Illuminate\\Foundation\\Application->make('Fruitcake\\\\Cors\\\\...')
#5 D:\\xampp\\htdocs\\techUP_study\\大月凌雅\\課題7-6\\Sample\\vendor\\laravel\\framework\\src\\Illuminate\\Foundation\\Http\\Kernel.php(203): Illuminate\\Foundation\\Http\\Kernel->terminateMiddleware(Object(Illuminate\\Http\\Request), Object(Illuminate\\Http\\Response))
#6 D:\\xampp\\htdocs\\techUP_study\\大月凌雅\\課題7-6\\Sample\\public\\index.php(55): Illuminate\\Foundation\\Http\\Kernel->terminate(Object(Illuminate\\Http\\Request), Object(Illuminate\\Http\\Response))
#7 D:\\xampp\\htdocs\\techUP_study\\大月凌雅\\課題7-6\\Sample\\server.php(21): require_once('D:\\\\xampp\\\\htdocs...')
#8 {main}

[previous exception] [object] (ReflectionException(code: -1): Class \"Fruitcake\\Cors\\HandleCors\" does not exist at D:\\xampp\\htdocs\\techUP_study\\大月凌雅\\課題7-6\\Sample\\vendor\\laravel\\framework\\src\\Illuminate\\Container\\Container.php:875)
[stacktrace]
#0 D:\\xampp\\htdocs\\techUP_study\\大月凌雅\\課題7-6\\Sample\\vendor\\laravel\\framework\\src\\Illuminate\\Container\\Container.php(875): ReflectionClass->__construct('Fruitcake\\\\Cors\\\\...')
#1 D:\\xampp\\htdocs\\techUP_study\\大月凌雅\\課題7-6\\Sample\\vendor\\laravel\\framework\\src\\Illuminate\\Container\\Container.php(756): Illuminate\\Container\\Container->build('Fruitcake\\\\Cors\\\\...')
#2 D:\\xampp\\htdocs\\techUP_study\\大月凌雅\\課題7-6\\Sample\\vendor\\laravel\\framework\\src\\Illuminate\\Foundation\\Application.php(860): Illuminate\\Container\\Container->resolve('Fruitcake\\\\Cors\\\\...', Array, true)
#3 D:\\xampp\\htdocs\\techUP_study\\大月凌雅\\課題7-6\\Sample\\vendor\\laravel\\framework\\src\\Illuminate\\Container\\Container.php(692): Illuminate\\Foundation\\Application->resolve('Fruitcake\\\\Cors\\\\...', Array)
#4 D:\\xampp\\htdocs\\techUP_study\\大月凌雅\\課題7-6\\Sample\\vendor\\laravel\\framework\\src\\Illuminate\\Foundation\\Application.php(845): Illuminate\\Container\\Container->make('Fruitcake\\\\Cors\\\\...', Array)
#5 D:\\xampp\\htdocs\\techUP_study\\大月凌雅\\課題7-6\\Sample\\vendor\\laravel\\framework\\src\\Illuminate\\Foundation\\Http\\Kernel.php(239): Illuminate\\Foundation\\Application->make('Fruitcake\\\\Cors\\\\...')
#6 D:\\xampp\\htdocs\\techUP_study\\大月凌雅\\課題7-6\\Sample\\vendor\\laravel\\framework\\src\\Illuminate\\Foundation\\Http\\Kernel.php(203): Illuminate\\Foundation\\Http\\Kernel->terminateMiddleware(Object(Illuminate\\Http\\Request), Object(Illuminate\\Http\\Response))
#7 D:\\xampp\\htdocs\\techUP_study\\大月凌雅\\課題7-6\\Sample\\public\\index.php(55): Illuminate\\Foundation\\Http\\Kernel->terminate(Object(Illuminate\\Http\\Request), Object(Illuminate\\Http\\Response))
#8 D:\\xampp\\htdocs\\techUP_study\\大月凌雅\\課題7-6\\Sample\\server.php(21): require_once('D:\\\\xampp\\\\htdocs...')
#9 {main}
"} 
[2022-11-25 01:34:34] production.ERROR: Target class [Fruitcake\Cors\HandleCors] does not exist. {"exception":"[object] (Illuminate\\Contracts\\Container\\BindingResolutionException(code: 0): Target class [Fruitcake\\Cors\\HandleCors] does not exist. at D:\\xampp\\htdocs\\techUP_study\\大月凌雅\\課題7-6\\Sample\\vendor\\laravel\\framework\\src\\Illuminate\\Container\\Container.php:877)
[stacktrace]
#0 D:\\xampp\\htdocs\\techUP_study\\大月凌雅\\課題7-6\\Sample\\vendor\\laravel\\framework\\src\\Illuminate\\Container\\Container.php(756): Illuminate\\Container\\Container->build('Fruitcake\\\\Cors\\\\...')
#1 D:\\xampp\\htdocs\\techUP_study\\大月凌雅\\課題7-6\\Sample\\vendor\\laravel\\framework\\src\\Illuminate\\Foundation\\Application.php(860): Illuminate\\Container\\Container->resolve('Fruitcake\\\\Cors\\\\...', Array, true)
#2 D:\\xampp\\htdocs\\techUP_study\\大月凌雅\\課題7-6\\Sample\\vendor\\laravel\\framework\\src\\Illuminate\\Container\\Container.php(692): Illuminate\\Foundation\\Application->resolve('Fruitcake\\\\Cors\\\\...', Array)
#3 D:\\xampp\\htdocs\\techUP_study\\大月凌雅\\課題7-6\\Sample\\vendor\\laravel\\framework\\src\\Illuminate\\Foundation\\Application.php(845): Illuminate\\Container\\Container->make('Fruitcake\\\\Cors\\\\...', Array)
#4 D:\\xampp\\htdocs\\techUP_study\\大月凌雅\\課題7-6\\Sample\\vendor\\laravel\\framework\\src\\Illuminate\\Pipeline\\Pipeline.php(169): Illuminate\\Foundation\\Application->make('Fruitcake\\\\Cors\\\\...')
#5 D:\\xampp\\htdocs\\techUP_study\\大月凌雅\\課題7-6\\Sample\\vendor\\laravel\\framework\\src\\Illuminate\\Http\\Middleware\\TrustProxies.php(39): Illuminate\\Pipeline\\Pipeline->Illuminate\\Pipeline\\{closure}(Object(Illuminate\\Http\\Request))
#6 D:\\xampp\\htdocs\\techUP_study\\大月凌雅\\課題7-6\\Sample\\vendor\\laravel\\framework\\src\\Illuminate\\Pipeline\\Pipeline.php(180): Illuminate\\Http\\Middleware\\TrustProxies->handle(Object(Illuminate\\Http\\Request), Object(Closure))
#7 D:\\xampp\\htdocs\\techUP_study\\大月凌雅\\課題7-6\\Sample\\vendor\\laravel\\framework\\src\\Illuminate\\Pipeline\\Pipeline.php(116): Illuminate\\Pipeline\\Pipeline->Illuminate\\Pipeline\\{closure}(Object(Illuminate\\Http\\Request))
#8 D:\\xampp\\htdocs\\techUP_study\\大月凌雅\\課題7-6\\Sample\\vendor\\laravel\\framework\\src\\Illuminate\\Foundation\\Http\\Kernel.php(165): Illuminate\\Pipeline\\Pipeline->then(Object(Closure))
#9 D:\\xampp\\htdocs\\techUP_study\\大月凌雅\\課題7-6\\Sample\\vendor\\laravel\\framework\\src\\Illuminate\\Foundation\\Http\\Kernel.php(134): Illuminate\\Foundation\\Http\\Kernel->sendRequestThroughRouter(Object(Illuminate\\Http\\Request))
#10 D:\\xampp\\htdocs\\techUP_study\\大月凌雅\\課題7-6\\Sample\\public\\index.php(52): Illuminate\\Foundation\\Http\\Kernel->handle(Object(Illuminate\\Http\\Request))
#11 D:\\xampp\\htdocs\\techUP_study\\大月凌雅\\課題7-6\\Sample\\server.php(21): require_once('D:\\\\xampp\\\\htdocs...')
#12 {main}

[previous exception] [object] (ReflectionException(code: -1): Class \"Fruitcake\\Cors\\HandleCors\" does not exist at D:\\xampp\\htdocs\\techUP_study\\大月凌雅\\課題7-6\\Sample\\vendor\\laravel\\framework\\src\\Illuminate\\Container\\Container.php:875)
[stacktrace]
#0 D:\\xampp\\htdocs\\techUP_study\\大月凌雅\\課題7-6\\Sample\\vendor\\laravel\\framework\\src\\Illuminate\\Container\\Container.php(875): ReflectionClass->__construct('Fruitcake\\\\Cors\\\\...')
#1 D:\\xampp\\htdocs\\techUP_study\\大月凌雅\\課題7-6\\Sample\\vendor\\laravel\\framework\\src\\Illuminate\\Container\\Container.php(756): Illuminate\\Container\\Container->build('Fruitcake\\\\Cors\\\\...')
#2 D:\\xampp\\htdocs\\techUP_study\\大月凌雅\\課題7-6\\Sample\\vendor\\laravel\\framework\\src\\Illuminate\\Foundation\\Application.php(860): Illuminate\\Container\\Container->resolve('Fruitcake\\\\Cors\\\\...', Array, true)
#3 D:\\xampp\\htdocs\\techUP_study\\大月凌雅\\課題7-6\\Sample\\vendor\\laravel\\framework\\src\\Illuminate\\Container\\Container.php(692): Illuminate\\Foundation\\Application->resolve('Fruitcake\\\\Cors\\\\...', Array)
#4 D:\\xampp\\htdocs\\techUP_study\\大月凌雅\\課題7-6\\Sample\\vendor\\laravel\\framework\\src\\Illuminate\\Foundation\\Application.php(845): Illuminate\\Container\\Container->make('Fruitcake\\\\Cors\\\\...', Array)
#5 D:\\xampp\\htdocs\\techUP_study\\大月凌雅\\課題7-6\\Sample\\vendor\\laravel\\framework\\src\\Illuminate\\Pipeline\\Pipeline.php(169): Illuminate\\Foundation\\Application->make('Fruitcake\\\\Cors\\\\...')
#6 D:\\xampp\\htdocs\\techUP_study\\大月凌雅\\課題7-6\\Sample\\vendor\\laravel\\framework\\src\\Illuminate\\Http\\Middleware\\TrustProxies.php(39): Illuminate\\Pipeline\\Pipeline->Illuminate\\Pipeline\\{closure}(Object(Illuminate\\Http\\Request))
#7 D:\\xampp\\htdocs\\techUP_study\\大月凌雅\\課題7-6\\Sample\\vendor\\laravel\\framework\\src\\Illuminate\\Pipeline\\Pipeline.php(180): Illuminate\\Http\\Middleware\\TrustProxies->handle(Object(Illuminate\\Http\\Request), Object(Closure))
#8 D:\\xampp\\htdocs\\techUP_study\\大月凌雅\\課題7-6\\Sample\\vendor\\laravel\\framework\\src\\Illuminate\\Pipeline\\Pipeline.php(116): Illuminate\\Pipeline\\Pipeline->Illuminate\\Pipeline\\{closure}(Object(Illuminate\\Http\\Request))
#9 D:\\xampp\\htdocs\\techUP_study\\大月凌雅\\課題7-6\\Sample\\vendor\\laravel\\framework\\src\\Illuminate\\Foundation\\Http\\Kernel.php(165): Illuminate\\Pipeline\\Pipeline->then(Object(Closure))
#10 D:\\xampp\\htdocs\\techUP_study\\大月凌雅\\課題7-6\\Sample\\vendor\\laravel\\framework\\src\\Illuminate\\Foundation\\Http\\Kernel.php(134): Illuminate\\Foundation\\Http\\Kernel->sendRequestThroughRouter(Object(Illuminate\\Http\\Request))
#11 D:\\xampp\\htdocs\\techUP_study\\大月凌雅\\課題7-6\\Sample\\public\\index.php(52): Illuminate\\Foundation\\Http\\Kernel->handle(Object(Illuminate\\Http\\Request))
#12 D:\\xampp\\htdocs\\techUP_study\\大月凌雅\\課題7-6\\Sample\\server.php(21): require_once('D:\\\\xampp\\\\htdocs...')
#13 {main}
"} 
[2022-11-25 01:34:34] production.ERROR: Target class [Fruitcake\Cors\HandleCors] does not exist. {"exception":"[object] (Illuminate\\Contracts\\Container\\BindingResolutionException(code: 0): Target class [Fruitcake\\Cors\\HandleCors] does not exist. at D:\\xampp\\htdocs\\techUP_study\\大月凌雅\\課題7-6\\Sample\\vendor\\laravel\\framework\\src\\Illuminate\\Container\\Container.php:877)
[stacktrace]
#0 D:\\xampp\\htdocs\\techUP_study\\大月凌雅\\課題7-6\\Sample\\vendor\\laravel\\framework\\src\\Illuminate\\Container\\Container.php(756): Illuminate\\Container\\Container->build('Fruitcake\\\\Cors\\\\...')
#1 D:\\xampp\\htdocs\\techUP_study\\大月凌雅\\課題7-6\\Sample\\vendor\\laravel\\framework\\src\\Illuminate\\Foundation\\Application.php(860): Illuminate\\Container\\Container->resolve('Fruitcake\\\\Cors\\\\...', Array, true)
#2 D:\\xampp\\htdocs\\techUP_study\\大月凌雅\\課題7-6\\Sample\\vendor\\laravel\\framework\\src\\Illuminate\\Container\\Container.php(692): Illuminate\\Foundation\\Application->resolve('Fruitcake\\\\Cors\\\\...', Array)
#3 D:\\xampp\\htdocs\\techUP_study\\大月凌雅\\課題7-6\\Sample\\vendor\\laravel\\framework\\src\\Illuminate\\Foundation\\Application.php(845): Illuminate\\Container\\Container->make('Fruitcake\\\\Cors\\\\...', Array)
#4 D:\\xampp\\htdocs\\techUP_study\\大月凌雅\\課題7-6\\Sample\\vendor\\laravel\\framework\\src\\Illuminate\\Foundation\\Http\\Kernel.php(239): Illuminate\\Foundation\\Application->make('Fruitcake\\\\Cors\\\\...')
#5 D:\\xampp\\htdocs\\techUP_study\\大月凌雅\\課題7-6\\Sample\\vendor\\laravel\\framework\\src\\Illuminate\\Foundation\\Http\\Kernel.php(203): Illuminate\\Foundation\\Http\\Kernel->terminateMiddleware(Object(Illuminate\\Http\\Request), Object(Illuminate\\Http\\Response))
#6 D:\\xampp\\htdocs\\techUP_study\\大月凌雅\\課題7-6\\Sample\\public\\index.php(55): Illuminate\\Foundation\\Http\\Kernel->terminate(Object(Illuminate\\Http\\Request), Object(Illuminate\\Http\\Response))
#7 D:\\xampp\\htdocs\\techUP_study\\大月凌雅\\課題7-6\\Sample\\server.php(21): require_once('D:\\\\xampp\\\\htdocs...')
#8 {main}

[previous exception] [object] (ReflectionException(code: -1): Class \"Fruitcake\\Cors\\HandleCors\" does not exist at D:\\xampp\\htdocs\\techUP_study\\大月凌雅\\課題7-6\\Sample\\vendor\\laravel\\framework\\src\\Illuminate\\Container\\Container.php:875)
[stacktrace]
#0 D:\\xampp\\htdocs\\techUP_study\\大月凌雅\\課題7-6\\Sample\\vendor\\laravel\\framework\\src\\Illuminate\\Container\\Container.php(875): ReflectionClass->__construct('Fruitcake\\\\Cors\\\\...')
#1 D:\\xampp\\htdocs\\techUP_study\\大月凌雅\\課題7-6\\Sample\\vendor\\laravel\\framework\\src\\Illuminate\\Container\\Container.php(756): Illuminate\\Container\\Container->build('Fruitcake\\\\Cors\\\\...')
#2 D:\\xampp\\htdocs\\techUP_study\\大月凌雅\\課題7-6\\Sample\\vendor\\laravel\\framework\\src\\Illuminate\\Foundation\\Application.php(860): Illuminate\\Container\\Container->resolve('Fruitcake\\\\Cors\\\\...', Array, true)
#3 D:\\xampp\\htdocs\\techUP_study\\大月凌雅\\課題7-6\\Sample\\vendor\\laravel\\framework\\src\\Illuminate\\Container\\Container.php(692): Illuminate\\Foundation\\Application->resolve('Fruitcake\\\\Cors\\\\...', Array)
#4 D:\\xampp\\htdocs\\techUP_study\\大月凌雅\\課題7-6\\Sample\\vendor\\laravel\\framework\\src\\Illuminate\\Foundation\\Application.php(845): Illuminate\\Container\\Container->make('Fruitcake\\\\Cors\\\\...', Array)
#5 D:\\xampp\\htdocs\\techUP_study\\大月凌雅\\課題7-6\\Sample\\vendor\\laravel\\framework\\src\\Illuminate\\Foundation\\Http\\Kernel.php(239): Illuminate\\Foundation\\Application->make('Fruitcake\\\\Cors\\\\...')
#6 D:\\xampp\\htdocs\\techUP_study\\大月凌雅\\課題7-6\\Sample\\vendor\\laravel\\framework\\src\\Illuminate\\Foundation\\Http\\Kernel.php(203): Illuminate\\Foundation\\Http\\Kernel->terminateMiddleware(Object(Illuminate\\Http\\Request), Object(Illuminate\\Http\\Response))
#7 D:\\xampp\\htdocs\\techUP_study\\大月凌雅\\課題7-6\\Sample\\public\\index.php(55): Illuminate\\Foundation\\Http\\Kernel->terminate(Object(Illuminate\\Http\\Request), Object(Illuminate\\Http\\Response))
#8 D:\\xampp\\htdocs\\techUP_study\\大月凌雅\\課題7-6\\Sample\\server.php(21): require_once('D:\\\\xampp\\\\htdocs...')
#9 {main}
"} 
[2022-11-25 01:34:56] production.ERROR: Target class [Fruitcake\Cors\HandleCors] does not exist. {"exception":"[object] (Illuminate\\Contracts\\Container\\BindingResolutionException(code: 0): Target class [Fruitcake\\Cors\\HandleCors] does not exist. at D:\\xampp\\htdocs\\techUP_study\\大月凌雅\\課題7-6\\Sample\\vendor\\laravel\\framework\\src\\Illuminate\\Container\\Container.php:877)
[stacktrace]
#0 D:\\xampp\\htdocs\\techUP_study\\大月凌雅\\課題7-6\\Sample\\vendor\\laravel\\framework\\src\\Illuminate\\Container\\Container.php(756): Illuminate\\Container\\Container->build('Fruitcake\\\\Cors\\\\...')
#1 D:\\xampp\\htdocs\\techUP_study\\大月凌雅\\課題7-6\\Sample\\vendor\\laravel\\framework\\src\\Illuminate\\Foundation\\Application.php(860): Illuminate\\Container\\Container->resolve('Fruitcake\\\\Cors\\\\...', Array, true)
#2 D:\\xampp\\htdocs\\techUP_study\\大月凌雅\\課題7-6\\Sample\\vendor\\laravel\\framework\\src\\Illuminate\\Container\\Container.php(692): Illuminate\\Foundation\\Application->resolve('Fruitcake\\\\Cors\\\\...', Array)
#3 D:\\xampp\\htdocs\\techUP_study\\大月凌雅\\課題7-6\\Sample\\vendor\\laravel\\framework\\src\\Illuminate\\Foundation\\Application.php(845): Illuminate\\Container\\Container->make('Fruitcake\\\\Cors\\\\...', Array)
#4 D:\\xampp\\htdocs\\techUP_study\\大月凌雅\\課題7-6\\Sample\\vendor\\laravel\\framework\\src\\Illuminate\\Pipeline\\Pipeline.php(169): Illuminate\\Foundation\\Application->make('Fruitcake\\\\Cors\\\\...')
#5 D:\\xampp\\htdocs\\techUP_study\\大月凌雅\\課題7-6\\Sample\\vendor\\laravel\\framework\\src\\Illuminate\\Http\\Middleware\\TrustProxies.php(39): Illuminate\\Pipeline\\Pipeline->Illuminate\\Pipeline\\{closure}(Object(Illuminate\\Http\\Request))
#6 D:\\xampp\\htdocs\\techUP_study\\大月凌雅\\課題7-6\\Sample\\vendor\\laravel\\framework\\src\\Illuminate\\Pipeline\\Pipeline.php(180): Illuminate\\Http\\Middleware\\TrustProxies->handle(Object(Illuminate\\Http\\Request), Object(Closure))
#7 D:\\xampp\\htdocs\\techUP_study\\大月凌雅\\課題7-6\\Sample\\vendor\\laravel\\framework\\src\\Illuminate\\Pipeline\\Pipeline.php(116): Illuminate\\Pipeline\\Pipeline->Illuminate\\Pipeline\\{closure}(Object(Illuminate\\Http\\Request))
#8 D:\\xampp\\htdocs\\techUP_study\\大月凌雅\\課題7-6\\Sample\\vendor\\laravel\\framework\\src\\Illuminate\\Foundation\\Http\\Kernel.php(165): Illuminate\\Pipeline\\Pipeline->then(Object(Closure))
#9 D:\\xampp\\htdocs\\techUP_study\\大月凌雅\\課題7-6\\Sample\\vendor\\laravel\\framework\\src\\Illuminate\\Foundation\\Http\\Kernel.php(134): Illuminate\\Foundation\\Http\\Kernel->sendRequestThroughRouter(Object(Illuminate\\Http\\Request))
#10 D:\\xampp\\htdocs\\techUP_study\\大月凌雅\\課題7-6\\Sample\\public\\index.php(52): Illuminate\\Foundation\\Http\\Kernel->handle(Object(Illuminate\\Http\\Request))
#11 D:\\xampp\\htdocs\\techUP_study\\大月凌雅\\課題7-6\\Sample\\server.php(21): require_once('D:\\\\xampp\\\\htdocs...')
#12 {main}

[previous exception] [object] (ReflectionException(code: -1): Class \"Fruitcake\\Cors\\HandleCors\" does not exist at D:\\xampp\\htdocs\\techUP_study\\大月凌雅\\課題7-6\\Sample\\vendor\\laravel\\framework\\src\\Illuminate\\Container\\Container.php:875)
[stacktrace]
#0 D:\\xampp\\htdocs\\techUP_study\\大月凌雅\\課題7-6\\Sample\\vendor\\laravel\\framework\\src\\Illuminate\\Container\\Container.php(875): ReflectionClass->__construct('Fruitcake\\\\Cors\\\\...')
#1 D:\\xampp\\htdocs\\techUP_study\\大月凌雅\\課題7-6\\Sample\\vendor\\laravel\\framework\\src\\Illuminate\\Container\\Container.php(756): Illuminate\\Container\\Container->build('Fruitcake\\\\Cors\\\\...')
#2 D:\\xampp\\htdocs\\techUP_study\\大月凌雅\\課題7-6\\Sample\\vendor\\laravel\\framework\\src\\Illuminate\\Foundation\\Application.php(860): Illuminate\\Container\\Container->resolve('Fruitcake\\\\Cors\\\\...', Array, true)
#3 D:\\xampp\\htdocs\\techUP_study\\大月凌雅\\課題7-6\\Sample\\vendor\\laravel\\framework\\src\\Illuminate\\Container\\Container.php(692): Illuminate\\Foundation\\Application->resolve('Fruitcake\\\\Cors\\\\...', Array)
#4 D:\\xampp\\htdocs\\techUP_study\\大月凌雅\\課題7-6\\Sample\\vendor\\laravel\\framework\\src\\Illuminate\\Foundation\\Application.php(845): Illuminate\\Container\\Container->make('Fruitcake\\\\Cors\\\\...', Array)
#5 D:\\xampp\\htdocs\\techUP_study\\大月凌雅\\課題7-6\\Sample\\vendor\\laravel\\framework\\src\\Illuminate\\Pipeline\\Pipeline.php(169): Illuminate\\Foundation\\Application->make('Fruitcake\\\\Cors\\\\...')
#6 D:\\xampp\\htdocs\\techUP_study\\大月凌雅\\課題7-6\\Sample\\vendor\\laravel\\framework\\src\\Illuminate\\Http\\Middleware\\TrustProxies.php(39): Illuminate\\Pipeline\\Pipeline->Illuminate\\Pipeline\\{closure}(Object(Illuminate\\Http\\Request))
#7 D:\\xampp\\htdocs\\techUP_study\\大月凌雅\\課題7-6\\Sample\\vendor\\laravel\\framework\\src\\Illuminate\\Pipeline\\Pipeline.php(180): Illuminate\\Http\\Middleware\\TrustProxies->handle(Object(Illuminate\\Http\\Request), Object(Closure))
#8 D:\\xampp\\htdocs\\techUP_study\\大月凌雅\\課題7-6\\Sample\\vendor\\laravel\\framework\\src\\Illuminate\\Pipeline\\Pipeline.php(116): Illuminate\\Pipeline\\Pipeline->Illuminate\\Pipeline\\{closure}(Object(Illuminate\\Http\\Request))
#9 D:\\xampp\\htdocs\\techUP_study\\大月凌雅\\課題7-6\\Sample\\vendor\\laravel\\framework\\src\\Illuminate\\Foundation\\Http\\Kernel.php(165): Illuminate\\Pipeline\\Pipeline->then(Object(Closure))
#10 D:\\xampp\\htdocs\\techUP_study\\大月凌雅\\課題7-6\\Sample\\vendor\\laravel\\framework\\src\\Illuminate\\Foundation\\Http\\Kernel.php(134): Illuminate\\Foundation\\Http\\Kernel->sendRequestThroughRouter(Object(Illuminate\\Http\\Request))
#11 D:\\xampp\\htdocs\\techUP_study\\大月凌雅\\課題7-6\\Sample\\public\\index.php(52): Illuminate\\Foundation\\Http\\Kernel->handle(Object(Illuminate\\Http\\Request))
#12 D:\\xampp\\htdocs\\techUP_study\\大月凌雅\\課題7-6\\Sample\\server.php(21): require_once('D:\\\\xampp\\\\htdocs...')
#13 {main}
"} 
[2022-11-25 01:34:56] production.ERROR: Target class [Fruitcake\Cors\HandleCors] does not exist. {"exception":"[object] (Illuminate\\Contracts\\Container\\BindingResolutionException(code: 0): Target class [Fruitcake\\Cors\\HandleCors] does not exist. at D:\\xampp\\htdocs\\techUP_study\\大月凌雅\\課題7-6\\Sample\\vendor\\laravel\\framework\\src\\Illuminate\\Container\\Container.php:877)
[stacktrace]
#0 D:\\xampp\\htdocs\\techUP_study\\大月凌雅\\課題7-6\\Sample\\vendor\\laravel\\framework\\src\\Illuminate\\Container\\Container.php(756): Illuminate\\Container\\Container->build('Fruitcake\\\\Cors\\\\...')
#1 D:\\xampp\\htdocs\\techUP_study\\大月凌雅\\課題7-6\\Sample\\vendor\\laravel\\framework\\src\\Illuminate\\Foundation\\Application.php(860): Illuminate\\Container\\Container->resolve('Fruitcake\\\\Cors\\\\...', Array, true)
#2 D:\\xampp\\htdocs\\techUP_study\\大月凌雅\\課題7-6\\Sample\\vendor\\laravel\\framework\\src\\Illuminate\\Container\\Container.php(692): Illuminate\\Foundation\\Application->resolve('Fruitcake\\\\Cors\\\\...', Array)
#3 D:\\xampp\\htdocs\\techUP_study\\大月凌雅\\課題7-6\\Sample\\vendor\\laravel\\framework\\src\\Illuminate\\Foundation\\Application.php(845): Illuminate\\Container\\Container->make('Fruitcake\\\\Cors\\\\...', Array)
#4 D:\\xampp\\htdocs\\techUP_study\\大月凌雅\\課題7-6\\Sample\\vendor\\laravel\\framework\\src\\Illuminate\\Foundation\\Http\\Kernel.php(239): Illuminate\\Foundation\\Application->make('Fruitcake\\\\Cors\\\\...')
#5 D:\\xampp\\htdocs\\techUP_study\\大月凌雅\\課題7-6\\Sample\\vendor\\laravel\\framework\\src\\Illuminate\\Foundation\\Http\\Kernel.php(203): Illuminate\\Foundation\\Http\\Kernel->terminateMiddleware(Object(Illuminate\\Http\\Request), Object(Illuminate\\Http\\Response))
#6 D:\\xampp\\htdocs\\techUP_study\\大月凌雅\\課題7-6\\Sample\\public\\index.php(55): Illuminate\\Foundation\\Http\\Kernel->terminate(Object(Illuminate\\Http\\Request), Object(Illuminate\\Http\\Response))
#7 D:\\xampp\\htdocs\\techUP_study\\大月凌雅\\課題7-6\\Sample\\server.php(21): require_once('D:\\\\xampp\\\\htdocs...')
#8 {main}

[previous exception] [object] (ReflectionException(code: -1): Class \"Fruitcake\\Cors\\HandleCors\" does not exist at D:\\xampp\\htdocs\\techUP_study\\大月凌雅\\課題7-6\\Sample\\vendor\\laravel\\framework\\src\\Illuminate\\Container\\Container.php:875)
[stacktrace]
#0 D:\\xampp\\htdocs\\techUP_study\\大月凌雅\\課題7-6\\Sample\\vendor\\laravel\\framework\\src\\Illuminate\\Container\\Container.php(875): ReflectionClass->__construct('Fruitcake\\\\Cors\\\\...')
#1 D:\\xampp\\htdocs\\techUP_study\\大月凌雅\\課題7-6\\Sample\\vendor\\laravel\\framework\\src\\Illuminate\\Container\\Container.php(756): Illuminate\\Container\\Container->build('Fruitcake\\\\Cors\\\\...')
#2 D:\\xampp\\htdocs\\techUP_study\\大月凌雅\\課題7-6\\Sample\\vendor\\laravel\\framework\\src\\Illuminate\\Foundation\\Application.php(860): Illuminate\\Container\\Container->resolve('Fruitcake\\\\Cors\\\\...', Array, true)
#3 D:\\xampp\\htdocs\\techUP_study\\大月凌雅\\課題7-6\\Sample\\vendor\\laravel\\framework\\src\\Illuminate\\Container\\Container.php(692): Illuminate\\Foundation\\Application->resolve('Fruitcake\\\\Cors\\\\...', Array)
#4 D:\\xampp\\htdocs\\techUP_study\\大月凌雅\\課題7-6\\Sample\\vendor\\laravel\\framework\\src\\Illuminate\\Foundation\\Application.php(845): Illuminate\\Container\\Container->make('Fruitcake\\\\Cors\\\\...', Array)
#5 D:\\xampp\\htdocs\\techUP_study\\大月凌雅\\課題7-6\\Sample\\vendor\\laravel\\framework\\src\\Illuminate\\Foundation\\Http\\Kernel.php(239): Illuminate\\Foundation\\Application->make('Fruitcake\\\\Cors\\\\...')
#6 D:\\xampp\\htdocs\\techUP_study\\大月凌雅\\課題7-6\\Sample\\vendor\\laravel\\framework\\src\\Illuminate\\Foundation\\Http\\Kernel.php(203): Illuminate\\Foundation\\Http\\Kernel->terminateMiddleware(Object(Illuminate\\Http\\Request), Object(Illuminate\\Http\\Response))
#7 D:\\xampp\\htdocs\\techUP_study\\大月凌雅\\課題7-6\\Sample\\public\\index.php(55): Illuminate\\Foundation\\Http\\Kernel->terminate(Object(Illuminate\\Http\\Request), Object(Illuminate\\Http\\Response))
#8 D:\\xampp\\htdocs\\techUP_study\\大月凌雅\\課題7-6\\Sample\\server.php(21): require_once('D:\\\\xampp\\\\htdocs...')
#9 {main}
"} 
[2022-11-25 01:35:03] production.ERROR: Target class [Fruitcake\Cors\HandleCors] does not exist. {"exception":"[object] (Illuminate\\Contracts\\Container\\BindingResolutionException(code: 0): Target class [Fruitcake\\Cors\\HandleCors] does not exist. at D:\\xampp\\htdocs\\techUP_study\\大月凌雅\\課題7-6\\Sample\\vendor\\laravel\\framework\\src\\Illuminate\\Container\\Container.php:877)
[stacktrace]
#0 D:\\xampp\\htdocs\\techUP_study\\大月凌雅\\課題7-6\\Sample\\vendor\\laravel\\framework\\src\\Illuminate\\Container\\Container.php(756): Illuminate\\Container\\Container->build('Fruitcake\\\\Cors\\\\...')
#1 D:\\xampp\\htdocs\\techUP_study\\大月凌雅\\課題7-6\\Sample\\vendor\\laravel\\framework\\src\\Illuminate\\Foundation\\Application.php(860): Illuminate\\Container\\Container->resolve('Fruitcake\\\\Cors\\\\...', Array, true)
#2 D:\\xampp\\htdocs\\techUP_study\\大月凌雅\\課題7-6\\Sample\\vendor\\laravel\\framework\\src\\Illuminate\\Container\\Container.php(692): Illuminate\\Foundation\\Application->resolve('Fruitcake\\\\Cors\\\\...', Array)
#3 D:\\xampp\\htdocs\\techUP_study\\大月凌雅\\課題7-6\\Sample\\vendor\\laravel\\framework\\src\\Illuminate\\Foundation\\Application.php(845): Illuminate\\Container\\Container->make('Fruitcake\\\\Cors\\\\...', Array)
#4 D:\\xampp\\htdocs\\techUP_study\\大月凌雅\\課題7-6\\Sample\\vendor\\laravel\\framework\\src\\Illuminate\\Pipeline\\Pipeline.php(169): Illuminate\\Foundation\\Application->make('Fruitcake\\\\Cors\\\\...')
#5 D:\\xampp\\htdocs\\techUP_study\\大月凌雅\\課題7-6\\Sample\\vendor\\laravel\\framework\\src\\Illuminate\\Http\\Middleware\\TrustProxies.php(39): Illuminate\\Pipeline\\Pipeline->Illuminate\\Pipeline\\{closure}(Object(Illuminate\\Http\\Request))
#6 D:\\xampp\\htdocs\\techUP_study\\大月凌雅\\課題7-6\\Sample\\vendor\\laravel\\framework\\src\\Illuminate\\Pipeline\\Pipeline.php(180): Illuminate\\Http\\Middleware\\TrustProxies->handle(Object(Illuminate\\Http\\Request), Object(Closure))
#7 D:\\xampp\\htdocs\\techUP_study\\大月凌雅\\課題7-6\\Sample\\vendor\\laravel\\framework\\src\\Illuminate\\Pipeline\\Pipeline.php(116): Illuminate\\Pipeline\\Pipeline->Illuminate\\Pipeline\\{closure}(Object(Illuminate\\Http\\Request))
#8 D:\\xampp\\htdocs\\techUP_study\\大月凌雅\\課題7-6\\Sample\\vendor\\laravel\\framework\\src\\Illuminate\\Foundation\\Http\\Kernel.php(165): Illuminate\\Pipeline\\Pipeline->then(Object(Closure))
#9 D:\\xampp\\htdocs\\techUP_study\\大月凌雅\\課題7-6\\Sample\\vendor\\laravel\\framework\\src\\Illuminate\\Foundation\\Http\\Kernel.php(134): Illuminate\\Foundation\\Http\\Kernel->sendRequestThroughRouter(Object(Illuminate\\Http\\Request))
#10 D:\\xampp\\htdocs\\techUP_study\\大月凌雅\\課題7-6\\Sample\\public\\index.php(52): Illuminate\\Foundation\\Http\\Kernel->handle(Object(Illuminate\\Http\\Request))
#11 D:\\xampp\\htdocs\\techUP_study\\大月凌雅\\課題7-6\\Sample\\server.php(21): require_once('D:\\\\xampp\\\\htdocs...')
#12 {main}

[previous exception] [object] (ReflectionException(code: -1): Class \"Fruitcake\\Cors\\HandleCors\" does not exist at D:\\xampp\\htdocs\\techUP_study\\大月凌雅\\課題7-6\\Sample\\vendor\\laravel\\framework\\src\\Illuminate\\Container\\Container.php:875)
[stacktrace]
#0 D:\\xampp\\htdocs\\techUP_study\\大月凌雅\\課題7-6\\Sample\\vendor\\laravel\\framework\\src\\Illuminate\\Container\\Container.php(875): ReflectionClass->__construct('Fruitcake\\\\Cors\\\\...')
#1 D:\\xampp\\htdocs\\techUP_study\\大月凌雅\\課題7-6\\Sample\\vendor\\laravel\\framework\\src\\Illuminate\\Container\\Container.php(756): Illuminate\\Container\\Container->build('Fruitcake\\\\Cors\\\\...')
#2 D:\\xampp\\htdocs\\techUP_study\\大月凌雅\\課題7-6\\Sample\\vendor\\laravel\\framework\\src\\Illuminate\\Foundation\\Application.php(860): Illuminate\\Container\\Container->resolve('Fruitcake\\\\Cors\\\\...', Array, true)
#3 D:\\xampp\\htdocs\\techUP_study\\大月凌雅\\課題7-6\\Sample\\vendor\\laravel\\framework\\src\\Illuminate\\Container\\Container.php(692): Illuminate\\Foundation\\Application->resolve('Fruitcake\\\\Cors\\\\...', Array)
#4 D:\\xampp\\htdocs\\techUP_study\\大月凌雅\\課題7-6\\Sample\\vendor\\laravel\\framework\\src\\Illuminate\\Foundation\\Application.php(845): Illuminate\\Container\\Container->make('Fruitcake\\\\Cors\\\\...', Array)
#5 D:\\xampp\\htdocs\\techUP_study\\大月凌雅\\課題7-6\\Sample\\vendor\\laravel\\framework\\src\\Illuminate\\Pipeline\\Pipeline.php(169): Illuminate\\Foundation\\Application->make('Fruitcake\\\\Cors\\\\...')
#6 D:\\xampp\\htdocs\\techUP_study\\大月凌雅\\課題7-6\\Sample\\vendor\\laravel\\framework\\src\\Illuminate\\Http\\Middleware\\TrustProxies.php(39): Illuminate\\Pipeline\\Pipeline->Illuminate\\Pipeline\\{closure}(Object(Illuminate\\Http\\Request))
#7 D:\\xampp\\htdocs\\techUP_study\\大月凌雅\\課題7-6\\Sample\\vendor\\laravel\\framework\\src\\Illuminate\\Pipeline\\Pipeline.php(180): Illuminate\\Http\\Middleware\\TrustProxies->handle(Object(Illuminate\\Http\\Request), Object(Closure))
#8 D:\\xampp\\htdocs\\techUP_study\\大月凌雅\\課題7-6\\Sample\\vendor\\laravel\\framework\\src\\Illuminate\\Pipeline\\Pipeline.php(116): Illuminate\\Pipeline\\Pipeline->Illuminate\\Pipeline\\{closure}(Object(Illuminate\\Http\\Request))
#9 D:\\xampp\\htdocs\\techUP_study\\大月凌雅\\課題7-6\\Sample\\vendor\\laravel\\framework\\src\\Illuminate\\Foundation\\Http\\Kernel.php(165): Illuminate\\Pipeline\\Pipeline->then(Object(Closure))
#10 D:\\xampp\\htdocs\\techUP_study\\大月凌雅\\課題7-6\\Sample\\vendor\\laravel\\framework\\src\\Illuminate\\Foundation\\Http\\Kernel.php(134): Illuminate\\Foundation\\Http\\Kernel->sendRequestThroughRouter(Object(Illuminate\\Http\\Request))
#11 D:\\xampp\\htdocs\\techUP_study\\大月凌雅\\課題7-6\\Sample\\public\\index.php(52): Illuminate\\Foundation\\Http\\Kernel->handle(Object(Illuminate\\Http\\Request))
#12 D:\\xampp\\htdocs\\techUP_study\\大月凌雅\\課題7-6\\Sample\\server.php(21): require_once('D:\\\\xampp\\\\htdocs...')
#13 {main}
"} 
[2022-11-25 01:35:03] production.ERROR: Target class [Fruitcake\Cors\HandleCors] does not exist. {"exception":"[object] (Illuminate\\Contracts\\Container\\BindingResolutionException(code: 0): Target class [Fruitcake\\Cors\\HandleCors] does not exist. at D:\\xampp\\htdocs\\techUP_study\\大月凌雅\\課題7-6\\Sample\\vendor\\laravel\\framework\\src\\Illuminate\\Container\\Container.php:877)
[stacktrace]
#0 D:\\xampp\\htdocs\\techUP_study\\大月凌雅\\課題7-6\\Sample\\vendor\\laravel\\framework\\src\\Illuminate\\Container\\Container.php(756): Illuminate\\Container\\Container->build('Fruitcake\\\\Cors\\\\...')
#1 D:\\xampp\\htdocs\\techUP_study\\大月凌雅\\課題7-6\\Sample\\vendor\\laravel\\framework\\src\\Illuminate\\Foundation\\Application.php(860): Illuminate\\Container\\Container->resolve('Fruitcake\\\\Cors\\\\...', Array, true)
#2 D:\\xampp\\htdocs\\techUP_study\\大月凌雅\\課題7-6\\Sample\\vendor\\laravel\\framework\\src\\Illuminate\\Container\\Container.php(692): Illuminate\\Foundation\\Application->resolve('Fruitcake\\\\Cors\\\\...', Array)
#3 D:\\xampp\\htdocs\\techUP_study\\大月凌雅\\課題7-6\\Sample\\vendor\\laravel\\framework\\src\\Illuminate\\Foundation\\Application.php(845): Illuminate\\Container\\Container->make('Fruitcake\\\\Cors\\\\...', Array)
#4 D:\\xampp\\htdocs\\techUP_study\\大月凌雅\\課題7-6\\Sample\\vendor\\laravel\\framework\\src\\Illuminate\\Foundation\\Http\\Kernel.php(239): Illuminate\\Foundation\\Application->make('Fruitcake\\\\Cors\\\\...')
#5 D:\\xampp\\htdocs\\techUP_study\\大月凌雅\\課題7-6\\Sample\\vendor\\laravel\\framework\\src\\Illuminate\\Foundation\\Http\\Kernel.php(203): Illuminate\\Foundation\\Http\\Kernel->terminateMiddleware(Object(Illuminate\\Http\\Request), Object(Illuminate\\Http\\Response))
#6 D:\\xampp\\htdocs\\techUP_study\\大月凌雅\\課題7-6\\Sample\\public\\index.php(55): Illuminate\\Foundation\\Http\\Kernel->terminate(Object(Illuminate\\Http\\Request), Object(Illuminate\\Http\\Response))
#7 D:\\xampp\\htdocs\\techUP_study\\大月凌雅\\課題7-6\\Sample\\server.php(21): require_once('D:\\\\xampp\\\\htdocs...')
#8 {main}

[previous exception] [object] (ReflectionException(code: -1): Class \"Fruitcake\\Cors\\HandleCors\" does not exist at D:\\xampp\\htdocs\\techUP_study\\大月凌雅\\課題7-6\\Sample\\vendor\\laravel\\framework\\src\\Illuminate\\Container\\Container.php:875)
[stacktrace]
#0 D:\\xampp\\htdocs\\techUP_study\\大月凌雅\\課題7-6\\Sample\\vendor\\laravel\\framework\\src\\Illuminate\\Container\\Container.php(875): ReflectionClass->__construct('Fruitcake\\\\Cors\\\\...')
#1 D:\\xampp\\htdocs\\techUP_study\\大月凌雅\\課題7-6\\Sample\\vendor\\laravel\\framework\\src\\Illuminate\\Container\\Container.php(756): Illuminate\\Container\\Container->build('Fruitcake\\\\Cors\\\\...')
#2 D:\\xampp\\htdocs\\techUP_study\\大月凌雅\\課題7-6\\Sample\\vendor\\laravel\\framework\\src\\Illuminate\\Foundation\\Application.php(860): Illuminate\\Container\\Container->resolve('Fruitcake\\\\Cors\\\\...', Array, true)
#3 D:\\xampp\\htdocs\\techUP_study\\大月凌雅\\課題7-6\\Sample\\vendor\\laravel\\framework\\src\\Illuminate\\Container\\Container.php(692): Illuminate\\Foundation\\Application->resolve('Fruitcake\\\\Cors\\\\...', Array)
#4 D:\\xampp\\htdocs\\techUP_study\\大月凌雅\\課題7-6\\Sample\\vendor\\laravel\\framework\\src\\Illuminate\\Foundation\\Application.php(845): Illuminate\\Container\\Container->make('Fruitcake\\\\Cors\\\\...', Array)
#5 D:\\xampp\\htdocs\\techUP_study\\大月凌雅\\課題7-6\\Sample\\vendor\\laravel\\framework\\src\\Illuminate\\Foundation\\Http\\Kernel.php(239): Illuminate\\Foundation\\Application->make('Fruitcake\\\\Cors\\\\...')
#6 D:\\xampp\\htdocs\\techUP_study\\大月凌雅\\課題7-6\\Sample\\vendor\\laravel\\framework\\src\\Illuminate\\Foundation\\Http\\Kernel.php(203): Illuminate\\Foundation\\Http\\Kernel->terminateMiddleware(Object(Illuminate\\Http\\Request), Object(Illuminate\\Http\\Response))
#7 D:\\xampp\\htdocs\\techUP_study\\大月凌雅\\課題7-6\\Sample\\public\\index.php(55): Illuminate\\Foundation\\Http\\Kernel->terminate(Object(Illuminate\\Http\\Request), Object(Illuminate\\Http\\Response))
#8 D:\\xampp\\htdocs\\techUP_study\\大月凌雅\\課題7-6\\Sample\\server.php(21): require_once('D:\\\\xampp\\\\htdocs...')
#9 {main}
"} 
[2022-11-25 01:35:32] production.ERROR: Target class [Fruitcake\Cors\HandleCors] does not exist. {"exception":"[object] (Illuminate\\Contracts\\Container\\BindingResolutionException(code: 0): Target class [Fruitcake\\Cors\\HandleCors] does not exist. at D:\\xampp\\htdocs\\techUP_study\\大月凌雅\\課題7-6\\Sample\\vendor\\laravel\\framework\\src\\Illuminate\\Container\\Container.php:877)
[stacktrace]
#0 D:\\xampp\\htdocs\\techUP_study\\大月凌雅\\課題7-6\\Sample\\vendor\\laravel\\framework\\src\\Illuminate\\Container\\Container.php(756): Illuminate\\Container\\Container->build('Fruitcake\\\\Cors\\\\...')
#1 D:\\xampp\\htdocs\\techUP_study\\大月凌雅\\課題7-6\\Sample\\vendor\\laravel\\framework\\src\\Illuminate\\Foundation\\Application.php(860): Illuminate\\Container\\Container->resolve('Fruitcake\\\\Cors\\\\...', Array, true)
#2 D:\\xampp\\htdocs\\techUP_study\\大月凌雅\\課題7-6\\Sample\\vendor\\laravel\\framework\\src\\Illuminate\\Container\\Container.php(692): Illuminate\\Foundation\\Application->resolve('Fruitcake\\\\Cors\\\\...', Array)
#3 D:\\xampp\\htdocs\\techUP_study\\大月凌雅\\課題7-6\\Sample\\vendor\\laravel\\framework\\src\\Illuminate\\Foundation\\Application.php(845): Illuminate\\Container\\Container->make('Fruitcake\\\\Cors\\\\...', Array)
#4 D:\\xampp\\htdocs\\techUP_study\\大月凌雅\\課題7-6\\Sample\\vendor\\laravel\\framework\\src\\Illuminate\\Pipeline\\Pipeline.php(169): Illuminate\\Foundation\\Application->make('Fruitcake\\\\Cors\\\\...')
#5 D:\\xampp\\htdocs\\techUP_study\\大月凌雅\\課題7-6\\Sample\\vendor\\laravel\\framework\\src\\Illuminate\\Http\\Middleware\\TrustProxies.php(39): Illuminate\\Pipeline\\Pipeline->Illuminate\\Pipeline\\{closure}(Object(Illuminate\\Http\\Request))
#6 D:\\xampp\\htdocs\\techUP_study\\大月凌雅\\課題7-6\\Sample\\vendor\\laravel\\framework\\src\\Illuminate\\Pipeline\\Pipeline.php(180): Illuminate\\Http\\Middleware\\TrustProxies->handle(Object(Illuminate\\Http\\Request), Object(Closure))
#7 D:\\xampp\\htdocs\\techUP_study\\大月凌雅\\課題7-6\\Sample\\vendor\\laravel\\framework\\src\\Illuminate\\Pipeline\\Pipeline.php(116): Illuminate\\Pipeline\\Pipeline->Illuminate\\Pipeline\\{closure}(Object(Illuminate\\Http\\Request))
#8 D:\\xampp\\htdocs\\techUP_study\\大月凌雅\\課題7-6\\Sample\\vendor\\laravel\\framework\\src\\Illuminate\\Foundation\\Http\\Kernel.php(165): Illuminate\\Pipeline\\Pipeline->then(Object(Closure))
#9 D:\\xampp\\htdocs\\techUP_study\\大月凌雅\\課題7-6\\Sample\\vendor\\laravel\\framework\\src\\Illuminate\\Foundation\\Http\\Kernel.php(134): Illuminate\\Foundation\\Http\\Kernel->sendRequestThroughRouter(Object(Illuminate\\Http\\Request))
#10 D:\\xampp\\htdocs\\techUP_study\\大月凌雅\\課題7-6\\Sample\\public\\index.php(52): Illuminate\\Foundation\\Http\\Kernel->handle(Object(Illuminate\\Http\\Request))
#11 {main}

[previous exception] [object] (ReflectionException(code: -1): Class \"Fruitcake\\Cors\\HandleCors\" does not exist at D:\\xampp\\htdocs\\techUP_study\\大月凌雅\\課題7-6\\Sample\\vendor\\laravel\\framework\\src\\Illuminate\\Container\\Container.php:875)
[stacktrace]
#0 D:\\xampp\\htdocs\\techUP_study\\大月凌雅\\課題7-6\\Sample\\vendor\\laravel\\framework\\src\\Illuminate\\Container\\Container.php(875): ReflectionClass->__construct('Fruitcake\\\\Cors\\\\...')
#1 D:\\xampp\\htdocs\\techUP_study\\大月凌雅\\課題7-6\\Sample\\vendor\\laravel\\framework\\src\\Illuminate\\Container\\Container.php(756): Illuminate\\Container\\Container->build('Fruitcake\\\\Cors\\\\...')
#2 D:\\xampp\\htdocs\\techUP_study\\大月凌雅\\課題7-6\\Sample\\vendor\\laravel\\framework\\src\\Illuminate\\Foundation\\Application.php(860): Illuminate\\Container\\Container->resolve('Fruitcake\\\\Cors\\\\...', Array, true)
#3 D:\\xampp\\htdocs\\techUP_study\\大月凌雅\\課題7-6\\Sample\\vendor\\laravel\\framework\\src\\Illuminate\\Container\\Container.php(692): Illuminate\\Foundation\\Application->resolve('Fruitcake\\\\Cors\\\\...', Array)
#4 D:\\xampp\\htdocs\\techUP_study\\大月凌雅\\課題7-6\\Sample\\vendor\\laravel\\framework\\src\\Illuminate\\Foundation\\Application.php(845): Illuminate\\Container\\Container->make('Fruitcake\\\\Cors\\\\...', Array)
#5 D:\\xampp\\htdocs\\techUP_study\\大月凌雅\\課題7-6\\Sample\\vendor\\laravel\\framework\\src\\Illuminate\\Pipeline\\Pipeline.php(169): Illuminate\\Foundation\\Application->make('Fruitcake\\\\Cors\\\\...')
#6 D:\\xampp\\htdocs\\techUP_study\\大月凌雅\\課題7-6\\Sample\\vendor\\laravel\\framework\\src\\Illuminate\\Http\\Middleware\\TrustProxies.php(39): Illuminate\\Pipeline\\Pipeline->Illuminate\\Pipeline\\{closure}(Object(Illuminate\\Http\\Request))
#7 D:\\xampp\\htdocs\\techUP_study\\大月凌雅\\課題7-6\\Sample\\vendor\\laravel\\framework\\src\\Illuminate\\Pipeline\\Pipeline.php(180): Illuminate\\Http\\Middleware\\TrustProxies->handle(Object(Illuminate\\Http\\Request), Object(Closure))
#8 D:\\xampp\\htdocs\\techUP_study\\大月凌雅\\課題7-6\\Sample\\vendor\\laravel\\framework\\src\\Illuminate\\Pipeline\\Pipeline.php(116): Illuminate\\Pipeline\\Pipeline->Illuminate\\Pipeline\\{closure}(Object(Illuminate\\Http\\Request))
#9 D:\\xampp\\htdocs\\techUP_study\\大月凌雅\\課題7-6\\Sample\\vendor\\laravel\\framework\\src\\Illuminate\\Foundation\\Http\\Kernel.php(165): Illuminate\\Pipeline\\Pipeline->then(Object(Closure))
#10 D:\\xampp\\htdocs\\techUP_study\\大月凌雅\\課題7-6\\Sample\\vendor\\laravel\\framework\\src\\Illuminate\\Foundation\\Http\\Kernel.php(134): Illuminate\\Foundation\\Http\\Kernel->sendRequestThroughRouter(Object(Illuminate\\Http\\Request))
#11 D:\\xampp\\htdocs\\techUP_study\\大月凌雅\\課題7-6\\Sample\\public\\index.php(52): Illuminate\\Foundation\\Http\\Kernel->handle(Object(Illuminate\\Http\\Request))
#12 {main}
"} 
[2022-11-25 01:35:32] production.ERROR: Target class [Fruitcake\Cors\HandleCors] does not exist. {"exception":"[object] (Illuminate\\Contracts\\Container\\BindingResolutionException(code: 0): Target class [Fruitcake\\Cors\\HandleCors] does not exist. at D:\\xampp\\htdocs\\techUP_study\\大月凌雅\\課題7-6\\Sample\\vendor\\laravel\\framework\\src\\Illuminate\\Container\\Container.php:877)
[stacktrace]
#0 D:\\xampp\\htdocs\\techUP_study\\大月凌雅\\課題7-6\\Sample\\vendor\\laravel\\framework\\src\\Illuminate\\Container\\Container.php(756): Illuminate\\Container\\Container->build('Fruitcake\\\\Cors\\\\...')
#1 D:\\xampp\\htdocs\\techUP_study\\大月凌雅\\課題7-6\\Sample\\vendor\\laravel\\framework\\src\\Illuminate\\Foundation\\Application.php(860): Illuminate\\Container\\Container->resolve('Fruitcake\\\\Cors\\\\...', Array, true)
#2 D:\\xampp\\htdocs\\techUP_study\\大月凌雅\\課題7-6\\Sample\\vendor\\laravel\\framework\\src\\Illuminate\\Container\\Container.php(692): Illuminate\\Foundation\\Application->resolve('Fruitcake\\\\Cors\\\\...', Array)
#3 D:\\xampp\\htdocs\\techUP_study\\大月凌雅\\課題7-6\\Sample\\vendor\\laravel\\framework\\src\\Illuminate\\Foundation\\Application.php(845): Illuminate\\Container\\Container->make('Fruitcake\\\\Cors\\\\...', Array)
#4 D:\\xampp\\htdocs\\techUP_study\\大月凌雅\\課題7-6\\Sample\\vendor\\laravel\\framework\\src\\Illuminate\\Foundation\\Http\\Kernel.php(239): Illuminate\\Foundation\\Application->make('Fruitcake\\\\Cors\\\\...')
#5 D:\\xampp\\htdocs\\techUP_study\\大月凌雅\\課題7-6\\Sample\\vendor\\laravel\\framework\\src\\Illuminate\\Foundation\\Http\\Kernel.php(203): Illuminate\\Foundation\\Http\\Kernel->terminateMiddleware(Object(Illuminate\\Http\\Request), Object(Illuminate\\Http\\Response))
#6 D:\\xampp\\htdocs\\techUP_study\\大月凌雅\\課題7-6\\Sample\\public\\index.php(55): Illuminate\\Foundation\\Http\\Kernel->terminate(Object(Illuminate\\Http\\Request), Object(Illuminate\\Http\\Response))
#7 {main}

[previous exception] [object] (ReflectionException(code: -1): Class \"Fruitcake\\Cors\\HandleCors\" does not exist at D:\\xampp\\htdocs\\techUP_study\\大月凌雅\\課題7-6\\Sample\\vendor\\laravel\\framework\\src\\Illuminate\\Container\\Container.php:875)
[stacktrace]
#0 D:\\xampp\\htdocs\\techUP_study\\大月凌雅\\課題7-6\\Sample\\vendor\\laravel\\framework\\src\\Illuminate\\Container\\Container.php(875): ReflectionClass->__construct('Fruitcake\\\\Cors\\\\...')
#1 D:\\xampp\\htdocs\\techUP_study\\大月凌雅\\課題7-6\\Sample\\vendor\\laravel\\framework\\src\\Illuminate\\Container\\Container.php(756): Illuminate\\Container\\Container->build('Fruitcake\\\\Cors\\\\...')
#2 D:\\xampp\\htdocs\\techUP_study\\大月凌雅\\課題7-6\\Sample\\vendor\\laravel\\framework\\src\\Illuminate\\Foundation\\Application.php(860): Illuminate\\Container\\Container->resolve('Fruitcake\\\\Cors\\\\...', Array, true)
#3 D:\\xampp\\htdocs\\techUP_study\\大月凌雅\\課題7-6\\Sample\\vendor\\laravel\\framework\\src\\Illuminate\\Container\\Container.php(692): Illuminate\\Foundation\\Application->resolve('Fruitcake\\\\Cors\\\\...', Array)
#4 D:\\xampp\\htdocs\\techUP_study\\大月凌雅\\課題7-6\\Sample\\vendor\\laravel\\framework\\src\\Illuminate\\Foundation\\Application.php(845): Illuminate\\Container\\Container->make('Fruitcake\\\\Cors\\\\...', Array)
#5 D:\\xampp\\htdocs\\techUP_study\\大月凌雅\\課題7-6\\Sample\\vendor\\laravel\\framework\\src\\Illuminate\\Foundation\\Http\\Kernel.php(239): Illuminate\\Foundation\\Application->make('Fruitcake\\\\Cors\\\\...')
#6 D:\\xampp\\htdocs\\techUP_study\\大月凌雅\\課題7-6\\Sample\\vendor\\laravel\\framework\\src\\Illuminate\\Foundation\\Http\\Kernel.php(203): Illuminate\\Foundation\\Http\\Kernel->terminateMiddleware(Object(Illuminate\\Http\\Request), Object(Illuminate\\Http\\Response))
#7 D:\\xampp\\htdocs\\techUP_study\\大月凌雅\\課題7-6\\Sample\\public\\index.php(55): Illuminate\\Foundation\\Http\\Kernel->terminate(Object(Illuminate\\Http\\Request), Object(Illuminate\\Http\\Response))
#8 {main}
"} 
[2022-11-25 01:37:32] local.ERROR: Target class [Fruitcake\Cors\HandleCors] does not exist. {"exception":"[object] (Illuminate\\Contracts\\Container\\BindingResolutionException(code: 0): Target class [Fruitcake\\Cors\\HandleCors] does not exist. at D:\\xampp\\htdocs\\techUP_study\\大月凌雅\\課題7-6\\Sample\\vendor\\laravel\\framework\\src\\Illuminate\\Container\\Container.php:877)
[stacktrace]
#0 D:\\xampp\\htdocs\\techUP_study\\大月凌雅\\課題7-6\\Sample\\vendor\\laravel\\framework\\src\\Illuminate\\Container\\Container.php(756): Illuminate\\Container\\Container->build('Fruitcake\\\\Cors\\\\...')
#1 D:\\xampp\\htdocs\\techUP_study\\大月凌雅\\課題7-6\\Sample\\vendor\\laravel\\framework\\src\\Illuminate\\Foundation\\Application.php(860): Illuminate\\Container\\Container->resolve('Fruitcake\\\\Cors\\\\...', Array, true)
#2 D:\\xampp\\htdocs\\techUP_study\\大月凌雅\\課題7-6\\Sample\\vendor\\laravel\\framework\\src\\Illuminate\\Container\\Container.php(692): Illuminate\\Foundation\\Application->resolve('Fruitcake\\\\Cors\\\\...', Array)
#3 D:\\xampp\\htdocs\\techUP_study\\大月凌雅\\課題7-6\\Sample\\vendor\\laravel\\framework\\src\\Illuminate\\Foundation\\Application.php(845): Illuminate\\Container\\Container->make('Fruitcake\\\\Cors\\\\...', Array)
#4 D:\\xampp\\htdocs\\techUP_study\\大月凌雅\\課題7-6\\Sample\\vendor\\laravel\\framework\\src\\Illuminate\\Pipeline\\Pipeline.php(169): Illuminate\\Foundation\\Application->make('Fruitcake\\\\Cors\\\\...')
#5 D:\\xampp\\htdocs\\techUP_study\\大月凌雅\\課題7-6\\Sample\\vendor\\laravel\\framework\\src\\Illuminate\\Http\\Middleware\\TrustProxies.php(39): Illuminate\\Pipeline\\Pipeline->Illuminate\\Pipeline\\{closure}(Object(Illuminate\\Http\\Request))
#6 D:\\xampp\\htdocs\\techUP_study\\大月凌雅\\課題7-6\\Sample\\vendor\\laravel\\framework\\src\\Illuminate\\Pipeline\\Pipeline.php(180): Illuminate\\Http\\Middleware\\TrustProxies->handle(Object(Illuminate\\Http\\Request), Object(Closure))
#7 D:\\xampp\\htdocs\\techUP_study\\大月凌雅\\課題7-6\\Sample\\vendor\\laravel\\framework\\src\\Illuminate\\Pipeline\\Pipeline.php(116): Illuminate\\Pipeline\\Pipeline->Illuminate\\Pipeline\\{closure}(Object(Illuminate\\Http\\Request))
#8 D:\\xampp\\htdocs\\techUP_study\\大月凌雅\\課題7-6\\Sample\\vendor\\laravel\\framework\\src\\Illuminate\\Foundation\\Http\\Kernel.php(165): Illuminate\\Pipeline\\Pipeline->then(Object(Closure))
#9 D:\\xampp\\htdocs\\techUP_study\\大月凌雅\\課題7-6\\Sample\\vendor\\laravel\\framework\\src\\Illuminate\\Foundation\\Http\\Kernel.php(134): Illuminate\\Foundation\\Http\\Kernel->sendRequestThroughRouter(Object(Illuminate\\Http\\Request))
#10 D:\\xampp\\htdocs\\techUP_study\\大月凌雅\\課題7-6\\Sample\\public\\index.php(52): Illuminate\\Foundation\\Http\\Kernel->handle(Object(Illuminate\\Http\\Request))
#11 {main}

[previous exception] [object] (ReflectionException(code: -1): Class \"Fruitcake\\Cors\\HandleCors\" does not exist at D:\\xampp\\htdocs\\techUP_study\\大月凌雅\\課題7-6\\Sample\\vendor\\laravel\\framework\\src\\Illuminate\\Container\\Container.php:875)
[stacktrace]
#0 D:\\xampp\\htdocs\\techUP_study\\大月凌雅\\課題7-6\\Sample\\vendor\\laravel\\framework\\src\\Illuminate\\Container\\Container.php(875): ReflectionClass->__construct('Fruitcake\\\\Cors\\\\...')
#1 D:\\xampp\\htdocs\\techUP_study\\大月凌雅\\課題7-6\\Sample\\vendor\\laravel\\framework\\src\\Illuminate\\Container\\Container.php(756): Illuminate\\Container\\Container->build('Fruitcake\\\\Cors\\\\...')
#2 D:\\xampp\\htdocs\\techUP_study\\大月凌雅\\課題7-6\\Sample\\vendor\\laravel\\framework\\src\\Illuminate\\Foundation\\Application.php(860): Illuminate\\Container\\Container->resolve('Fruitcake\\\\Cors\\\\...', Array, true)
#3 D:\\xampp\\htdocs\\techUP_study\\大月凌雅\\課題7-6\\Sample\\vendor\\laravel\\framework\\src\\Illuminate\\Container\\Container.php(692): Illuminate\\Foundation\\Application->resolve('Fruitcake\\\\Cors\\\\...', Array)
#4 D:\\xampp\\htdocs\\techUP_study\\大月凌雅\\課題7-6\\Sample\\vendor\\laravel\\framework\\src\\Illuminate\\Foundation\\Application.php(845): Illuminate\\Container\\Container->make('Fruitcake\\\\Cors\\\\...', Array)
#5 D:\\xampp\\htdocs\\techUP_study\\大月凌雅\\課題7-6\\Sample\\vendor\\laravel\\framework\\src\\Illuminate\\Pipeline\\Pipeline.php(169): Illuminate\\Foundation\\Application->make('Fruitcake\\\\Cors\\\\...')
#6 D:\\xampp\\htdocs\\techUP_study\\大月凌雅\\課題7-6\\Sample\\vendor\\laravel\\framework\\src\\Illuminate\\Http\\Middleware\\TrustProxies.php(39): Illuminate\\Pipeline\\Pipeline->Illuminate\\Pipeline\\{closure}(Object(Illuminate\\Http\\Request))
#7 D:\\xampp\\htdocs\\techUP_study\\大月凌雅\\課題7-6\\Sample\\vendor\\laravel\\framework\\src\\Illuminate\\Pipeline\\Pipeline.php(180): Illuminate\\Http\\Middleware\\TrustProxies->handle(Object(Illuminate\\Http\\Request), Object(Closure))
#8 D:\\xampp\\htdocs\\techUP_study\\大月凌雅\\課題7-6\\Sample\\vendor\\laravel\\framework\\src\\Illuminate\\Pipeline\\Pipeline.php(116): Illuminate\\Pipeline\\Pipeline->Illuminate\\Pipeline\\{closure}(Object(Illuminate\\Http\\Request))
#9 D:\\xampp\\htdocs\\techUP_study\\大月凌雅\\課題7-6\\Sample\\vendor\\laravel\\framework\\src\\Illuminate\\Foundation\\Http\\Kernel.php(165): Illuminate\\Pipeline\\Pipeline->then(Object(Closure))
#10 D:\\xampp\\htdocs\\techUP_study\\大月凌雅\\課題7-6\\Sample\\vendor\\laravel\\framework\\src\\Illuminate\\Foundation\\Http\\Kernel.php(134): Illuminate\\Foundation\\Http\\Kernel->sendRequestThroughRouter(Object(Illuminate\\Http\\Request))
#11 D:\\xampp\\htdocs\\techUP_study\\大月凌雅\\課題7-6\\Sample\\public\\index.php(52): Illuminate\\Foundation\\Http\\Kernel->handle(Object(Illuminate\\Http\\Request))
#12 {main}
"} 
[2022-11-25 01:37:32] local.ERROR: Target class [Fruitcake\Cors\HandleCors] does not exist. {"exception":"[object] (Illuminate\\Contracts\\Container\\BindingResolutionException(code: 0): Target class [Fruitcake\\Cors\\HandleCors] does not exist. at D:\\xampp\\htdocs\\techUP_study\\大月凌雅\\課題7-6\\Sample\\vendor\\laravel\\framework\\src\\Illuminate\\Container\\Container.php:877)
[stacktrace]
#0 D:\\xampp\\htdocs\\techUP_study\\大月凌雅\\課題7-6\\Sample\\vendor\\laravel\\framework\\src\\Illuminate\\Container\\Container.php(756): Illuminate\\Container\\Container->build('Fruitcake\\\\Cors\\\\...')
#1 D:\\xampp\\htdocs\\techUP_study\\大月凌雅\\課題7-6\\Sample\\vendor\\laravel\\framework\\src\\Illuminate\\Foundation\\Application.php(860): Illuminate\\Container\\Container->resolve('Fruitcake\\\\Cors\\\\...', Array, true)
#2 D:\\xampp\\htdocs\\techUP_study\\大月凌雅\\課題7-6\\Sample\\vendor\\laravel\\framework\\src\\Illuminate\\Container\\Container.php(692): Illuminate\\Foundation\\Application->resolve('Fruitcake\\\\Cors\\\\...', Array)
#3 D:\\xampp\\htdocs\\techUP_study\\大月凌雅\\課題7-6\\Sample\\vendor\\laravel\\framework\\src\\Illuminate\\Foundation\\Application.php(845): Illuminate\\Container\\Container->make('Fruitcake\\\\Cors\\\\...', Array)
#4 D:\\xampp\\htdocs\\techUP_study\\大月凌雅\\課題7-6\\Sample\\vendor\\laravel\\framework\\src\\Illuminate\\Foundation\\Http\\Kernel.php(239): Illuminate\\Foundation\\Application->make('Fruitcake\\\\Cors\\\\...')
#5 D:\\xampp\\htdocs\\techUP_study\\大月凌雅\\課題7-6\\Sample\\vendor\\laravel\\framework\\src\\Illuminate\\Foundation\\Http\\Kernel.php(203): Illuminate\\Foundation\\Http\\Kernel->terminateMiddleware(Object(Illuminate\\Http\\Request), Object(Illuminate\\Http\\Response))
#6 D:\\xampp\\htdocs\\techUP_study\\大月凌雅\\課題7-6\\Sample\\public\\index.php(55): Illuminate\\Foundation\\Http\\Kernel->terminate(Object(Illuminate\\Http\\Request), Object(Illuminate\\Http\\Response))
#7 {main}

[previous exception] [object] (ReflectionException(code: -1): Class \"Fruitcake\\Cors\\HandleCors\" does not exist at D:\\xampp\\htdocs\\techUP_study\\大月凌雅\\課題7-6\\Sample\\vendor\\laravel\\framework\\src\\Illuminate\\Container\\Container.php:875)
[stacktrace]
#0 D:\\xampp\\htdocs\\techUP_study\\大月凌雅\\課題7-6\\Sample\\vendor\\laravel\\framework\\src\\Illuminate\\Container\\Container.php(875): ReflectionClass->__construct('Fruitcake\\\\Cors\\\\...')
#1 D:\\xampp\\htdocs\\techUP_study\\大月凌雅\\課題7-6\\Sample\\vendor\\laravel\\framework\\src\\Illuminate\\Container\\Container.php(756): Illuminate\\Container\\Container->build('Fruitcake\\\\Cors\\\\...')
#2 D:\\xampp\\htdocs\\techUP_study\\大月凌雅\\課題7-6\\Sample\\vendor\\laravel\\framework\\src\\Illuminate\\Foundation\\Application.php(860): Illuminate\\Container\\Container->resolve('Fruitcake\\\\Cors\\\\...', Array, true)
#3 D:\\xampp\\htdocs\\techUP_study\\大月凌雅\\課題7-6\\Sample\\vendor\\laravel\\framework\\src\\Illuminate\\Container\\Container.php(692): Illuminate\\Foundation\\Application->resolve('Fruitcake\\\\Cors\\\\...', Array)
#4 D:\\xampp\\htdocs\\techUP_study\\大月凌雅\\課題7-6\\Sample\\vendor\\laravel\\framework\\src\\Illuminate\\Foundation\\Application.php(845): Illuminate\\Container\\Container->make('Fruitcake\\\\Cors\\\\...', Array)
#5 D:\\xampp\\htdocs\\techUP_study\\大月凌雅\\課題7-6\\Sample\\vendor\\laravel\\framework\\src\\Illuminate\\Foundation\\Http\\Kernel.php(239): Illuminate\\Foundation\\Application->make('Fruitcake\\\\Cors\\\\...')
#6 D:\\xampp\\htdocs\\techUP_study\\大月凌雅\\課題7-6\\Sample\\vendor\\laravel\\framework\\src\\Illuminate\\Foundation\\Http\\Kernel.php(203): Illuminate\\Foundation\\Http\\Kernel->terminateMiddleware(Object(Illuminate\\Http\\Request), Object(Illuminate\\Http\\Response))
#7 D:\\xampp\\htdocs\\techUP_study\\大月凌雅\\課題7-6\\Sample\\public\\index.php(55): Illuminate\\Foundation\\Http\\Kernel->terminate(Object(Illuminate\\Http\\Request), Object(Illuminate\\Http\\Response))
#8 {main}
"} 
