2023-02-17 17:34:58 0 [Note] InnoDB: Mutexes and rw_locks use Windows interlocked functions
2023-02-17 17:34:58 0 [Note] InnoDB: Uses event mutexes
2023-02-17 17:34:58 0 [Note] InnoDB: Compressed tables use zlib 1.2.12
2023-02-17 17:34:58 0 [Note] InnoDB: Number of pools: 1
2023-02-17 17:34:58 0 [Note] InnoDB: Using SSE2 crc32 instructions
2023-02-17 17:34:58 0 [Note] InnoDB: Initializing buffer pool, total size = 16M, instances = 1, chunk size = 16M
2023-02-17 17:34:58 0 [Note] InnoDB: Completed initialization of buffer pool
2023-02-17 17:34:58 0 [Note] InnoDB: Starting crash recovery from checkpoint LSN=300288
2023-02-17 17:34:58 0 [Note] InnoDB: 128 out of 128 rollback segments are active.
2023-02-17 17:34:58 0 [Note] InnoDB: Removed temporary tablespace data file: "ibtmp1"
2023-02-17 17:34:58 0 [Note] InnoDB: Creating shared tablespace for temporary tables
2023-02-17 17:34:58 0 [Note] InnoDB: Setting file 'C:\xampp\mysql\data\ibtmp1' size to 12 MB. Physically writing the file full; Please wait ...
2023-02-17 17:34:58 0 [Note] InnoDB: File 'C:\xampp\mysql\data\ibtmp1' size is now 12 MB.
2023-02-17 17:34:58 0 [Note] InnoDB: Waiting for purge to start
2023-02-17 17:34:58 0 [Note] InnoDB: 10.4.27 started; log sequence number 300297; transaction id 170
2023-02-17 17:34:58 0 [Note] InnoDB: Loading buffer pool(s) from C:\xampp\mysql\data\ib_buffer_pool
2023-02-17 17:34:58 0 [Note] Plugin 'FEEDBACK' is disabled.
2023-02-17 17:34:58 0 [Note] Server socket created on IP: '::'.
2023-02-22 10:15:24 0 [Note] InnoDB: Mutexes and rw_locks use Windows interlocked functions
2023-02-22 10:15:24 0 [Note] InnoDB: Uses event mutexes
2023-02-22 10:15:24 0 [Note] InnoDB: Compressed tables use zlib 1.2.12
2023-02-22 10:15:24 0 [Note] InnoDB: Number of pools: 1
2023-02-22 10:15:24 0 [Note] InnoDB: Using SSE2 crc32 instructions
2023-02-22 10:15:24 0 [Note] InnoDB: Initializing buffer pool, total size = 16M, instances = 1, chunk size = 16M
2023-02-22 10:15:24 0 [Note] InnoDB: Completed initialization of buffer pool
2023-02-22 10:15:24 0 [Note] InnoDB: Starting crash recovery from checkpoint LSN=300306
2023-02-22 10:15:25 0 [Note] InnoDB: 128 out of 128 rollback segments are active.
2023-02-22 10:15:25 0 [Note] InnoDB: Removed temporary tablespace data file: "ibtmp1"
2023-02-22 10:15:25 0 [Note] InnoDB: Creating shared tablespace for temporary tables
2023-02-22 10:15:25 0 [Note] InnoDB: Setting file 'C:\xampp\mysql\data\ibtmp1' size to 12 MB. Physically writing the file full; Please wait ...
2023-02-22 10:15:25 0 [Note] InnoDB: File 'C:\xampp\mysql\data\ibtmp1' size is now 12 MB.
2023-02-22 10:15:25 0 [Note] InnoDB: Waiting for purge to start
2023-02-22 10:15:25 0 [Note] InnoDB: 10.4.27 started; log sequence number 300315; transaction id 170
2023-02-22 10:15:25 0 [Note] InnoDB: Loading buffer pool(s) from C:\xampp\mysql\data\ib_buffer_pool
2023-02-22 10:15:25 0 [Note] Plugin 'FEEDBACK' is disabled.
2023-02-22 10:15:25 0 [Note] InnoDB: Buffer pool(s) load completed at 230222 10:15:25
2023-02-22 10:15:25 0 [Note] Server socket created on IP: '::'.
2023-02-22 10:24:09 0 [Note] InnoDB: Mutexes and rw_locks use Windows interlocked functions
2023-02-22 10:24:09 0 [Note] InnoDB: Uses event mutexes
2023-02-22 10:24:09 0 [Note] InnoDB: Compressed tables use zlib 1.2.12
2023-02-22 10:24:09 0 [Note] InnoDB: Number of pools: 1
2023-02-22 10:24:09 0 [Note] InnoDB: Using SSE2 crc32 instructions
2023-02-22 10:24:09 0 [Note] InnoDB: Initializing buffer pool, total size = 16M, instances = 1, chunk size = 16M
2023-02-22 10:24:09 0 [Note] InnoDB: Completed initialization of buffer pool
2023-02-22 10:24:09 0 [Note] InnoDB: Starting crash recovery from checkpoint LSN=300324
2023-02-22 10:24:09 0 [Note] InnoDB: 128 out of 128 rollback segments are active.
2023-02-22 10:24:09 0 [Note] InnoDB: Removed temporary tablespace data file: "ibtmp1"
2023-02-22 10:24:09 0 [Note] InnoDB: Creating shared tablespace for temporary tables
2023-02-22 10:24:09 0 [Note] InnoDB: Setting file 'C:\xampp\mysql\data\ibtmp1' size to 12 MB. Physically writing the file full; Please wait ...
2023-02-22 10:24:09 0 [Note] InnoDB: File 'C:\xampp\mysql\data\ibtmp1' size is now 12 MB.
2023-02-22 10:24:09 0 [Note] InnoDB: 10.4.27 started; log sequence number 300333; transaction id 170
2023-02-22 10:24:09 0 [Note] InnoDB: Loading buffer pool(s) from C:\xampp\mysql\data\ib_buffer_pool
2023-02-22 10:24:09 0 [Note] Plugin 'FEEDBACK' is disabled.
2023-02-22 10:24:09 0 [Note] Server socket created on IP: '::'.
2023-02-22 10:35:28 0 [Note] InnoDB: Mutexes and rw_locks use Windows interlocked functions
2023-02-22 10:35:28 0 [Note] InnoDB: Uses event mutexes
2023-02-22 10:35:28 0 [Note] InnoDB: Compressed tables use zlib 1.2.12
2023-02-22 10:35:28 0 [Note] InnoDB: Number of pools: 1
2023-02-22 10:35:28 0 [Note] InnoDB: Using SSE2 crc32 instructions
2023-02-22 10:35:28 0 [Note] InnoDB: Initializing buffer pool, total size = 16M, instances = 1, chunk size = 16M
2023-02-22 10:35:28 0 [Note] InnoDB: Completed initialization of buffer pool
2023-02-22 10:35:28 0 [Note] InnoDB: Starting crash recovery from checkpoint LSN=300342
2023-02-22 10:35:28 0 [Note] InnoDB: 128 out of 128 rollback segments are active.
2023-02-22 10:35:28 0 [Note] InnoDB: Removed temporary tablespace data file: "ibtmp1"
2023-02-22 10:35:28 0 [Note] InnoDB: Creating shared tablespace for temporary tables
2023-02-22 10:35:28 0 [Note] InnoDB: Setting file 'C:\xampp\mysql\data\ibtmp1' size to 12 MB. Physically writing the file full; Please wait ...
2023-02-22 10:35:28 0 [Note] InnoDB: File 'C:\xampp\mysql\data\ibtmp1' size is now 12 MB.
2023-02-22 10:35:28 0 [Note] InnoDB: Waiting for purge to start
2023-02-22 10:35:28 0 [Note] InnoDB: 10.4.27 started; log sequence number 300351; transaction id 170
2023-02-22 10:35:28 0 [Note] InnoDB: Loading buffer pool(s) from C:\xampp\mysql\data\ib_buffer_pool
2023-02-22 10:35:28 0 [Note] Plugin 'FEEDBACK' is disabled.
2023-02-22 10:35:28 0 [Note] InnoDB: Buffer pool(s) load completed at 230222 10:35:28
2023-02-22 10:35:28 0 [Note] Server socket created on IP: '::'.
2023-02-24  9:59:47 0 [Note] InnoDB: Mutexes and rw_locks use Windows interlocked functions
2023-02-24  9:59:47 0 [Note] InnoDB: Uses event mutexes
2023-02-24  9:59:47 0 [Note] InnoDB: Compressed tables use zlib 1.2.12
2023-02-24  9:59:47 0 [Note] InnoDB: Number of pools: 1
2023-02-24  9:59:47 0 [Note] InnoDB: Using SSE2 crc32 instructions
2023-02-24  9:59:47 0 [Note] InnoDB: Initializing buffer pool, total size = 16M, instances = 1, chunk size = 16M
2023-02-24  9:59:47 0 [Note] InnoDB: Completed initialization of buffer pool
2023-02-24  9:59:47 0 [Note] InnoDB: Starting crash recovery from checkpoint LSN=300360
2023-02-24  9:59:47 0 [Note] InnoDB: 128 out of 128 rollback segments are active.
2023-02-24  9:59:47 0 [Note] InnoDB: Removed temporary tablespace data file: "ibtmp1"
2023-02-24  9:59:47 0 [Note] InnoDB: Creating shared tablespace for temporary tables
2023-02-24  9:59:47 0 [Note] InnoDB: Setting file 'C:\xampp\mysql\data\ibtmp1' size to 12 MB. Physically writing the file full; Please wait ...
2023-02-24  9:59:47 0 [Note] InnoDB: File 'C:\xampp\mysql\data\ibtmp1' size is now 12 MB.
2023-02-24  9:59:47 0 [Note] InnoDB: Waiting for purge to start
2023-02-24  9:59:47 0 [Note] InnoDB: 10.4.27 started; log sequence number 300369; transaction id 170
2023-02-24  9:59:47 0 [Note] InnoDB: Loading buffer pool(s) from C:\xampp\mysql\data\ib_buffer_pool
2023-02-24  9:59:47 0 [Note] Plugin 'FEEDBACK' is disabled.
2023-02-24  9:59:47 0 [Note] InnoDB: Buffer pool(s) load completed at 230224  9:59:47
2023-02-24  9:59:47 0 [Note] Server socket created on IP: '::'.
2023-02-24  9:59:55 0 [Note] InnoDB: Mutexes and rw_locks use Windows interlocked functions
2023-02-24  9:59:55 0 [Note] InnoDB: Uses event mutexes
2023-02-24  9:59:55 0 [Note] InnoDB: Compressed tables use zlib 1.2.12
2023-02-24  9:59:55 0 [Note] InnoDB: Number of pools: 1
2023-02-24  9:59:55 0 [Note] InnoDB: Using SSE2 crc32 instructions
2023-02-24  9:59:55 0 [Note] InnoDB: Initializing buffer pool, total size = 16M, instances = 1, chunk size = 16M
2023-02-24  9:59:55 0 [Note] InnoDB: Completed initialization of buffer pool
2023-02-24  9:59:55 0 [Note] InnoDB: Starting crash recovery from checkpoint LSN=300360
2023-02-24  9:59:56 0 [Note] InnoDB: 128 out of 128 rollback segments are active.
2023-02-24  9:59:56 0 [Note] InnoDB: Removed temporary tablespace data file: "ibtmp1"
2023-02-24  9:59:56 0 [Note] InnoDB: Creating shared tablespace for temporary tables
2023-02-24  9:59:56 0 [Note] InnoDB: Setting file 'C:\xampp\mysql\data\ibtmp1' size to 12 MB. Physically writing the file full; Please wait ...
2023-02-24  9:59:56 0 [Note] InnoDB: File 'C:\xampp\mysql\data\ibtmp1' size is now 12 MB.
2023-02-24  9:59:56 0 [Note] InnoDB: Waiting for purge to start
2023-02-24  9:59:56 0 [Note] InnoDB: 10.4.27 started; log sequence number 300369; transaction id 170
2023-02-24  9:59:56 0 [Note] InnoDB: Loading buffer pool(s) from C:\xampp\mysql\data\ib_buffer_pool
2023-02-24  9:59:56 0 [Note] Plugin 'FEEDBACK' is disabled.
2023-02-24  9:59:56 0 [Note] Server socket created on IP: '::'.
2023-03-02 20:32:00 0 [Note] InnoDB: Mutexes and rw_locks use Windows interlocked functions
2023-03-02 20:32:00 0 [Note] InnoDB: Uses event mutexes
2023-03-02 20:32:00 0 [Note] InnoDB: Compressed tables use zlib 1.2.12
2023-03-02 20:32:00 0 [Note] InnoDB: Number of pools: 1
2023-03-02 20:32:00 0 [Note] InnoDB: Using SSE2 crc32 instructions
2023-03-02 20:32:00 0 [Note] InnoDB: Initializing buffer pool, total size = 16M, instances = 1, chunk size = 16M
2023-03-02 20:32:00 0 [Note] InnoDB: Completed initialization of buffer pool
2023-03-02 20:32:00 0 [Note] InnoDB: Starting crash recovery from checkpoint LSN=300378
2023-03-02 20:32:00 0 [Note] InnoDB: 128 out of 128 rollback segments are active.
2023-03-02 20:32:00 0 [Note] InnoDB: Removed temporary tablespace data file: "ibtmp1"
2023-03-02 20:32:00 0 [Note] InnoDB: Creating shared tablespace for temporary tables
2023-03-02 20:32:00 0 [Note] InnoDB: Setting file 'C:\xampp\mysql\data\ibtmp1' size to 12 MB. Physically writing the file full; Please wait ...
2023-03-02 20:32:00 0 [Note] InnoDB: File 'C:\xampp\mysql\data\ibtmp1' size is now 12 MB.
2023-03-02 20:32:00 0 [Note] InnoDB: Waiting for purge to start
2023-03-02 20:32:00 0 [Note] InnoDB: 10.4.27 started; log sequence number 300387; transaction id 170
2023-03-02 20:32:00 0 [Note] InnoDB: Loading buffer pool(s) from C:\xampp\mysql\data\ib_buffer_pool
2023-03-02 20:32:00 0 [Note] Plugin 'FEEDBACK' is disabled.
2023-03-02 20:32:00 0 [Note] InnoDB: Buffer pool(s) load completed at 230302 20:32:00
2023-03-02 20:32:00 0 [Note] Server socket created on IP: '::'.
2023-03-03 10:03:00 0 [Note] InnoDB: Mutexes and rw_locks use Windows interlocked functions
2023-03-03 10:03:00 0 [Note] InnoDB: Uses event mutexes
2023-03-03 10:03:00 0 [Note] InnoDB: Compressed tables use zlib 1.2.12
2023-03-03 10:03:00 0 [Note] InnoDB: Number of pools: 1
2023-03-03 10:03:00 0 [Note] InnoDB: Using SSE2 crc32 instructions
2023-03-03 10:03:00 0 [Note] InnoDB: Initializing buffer pool, total size = 16M, instances = 1, chunk size = 16M
2023-03-03 10:03:00 0 [Note] InnoDB: Completed initialization of buffer pool
2023-03-03 10:03:00 0 [Note] InnoDB: Starting crash recovery from checkpoint LSN=300396
2023-03-03 10:03:01 0 [Note] InnoDB: 128 out of 128 rollback segments are active.
2023-03-03 10:03:01 0 [Note] InnoDB: Removed temporary tablespace data file: "ibtmp1"
2023-03-03 10:03:01 0 [Note] InnoDB: Creating shared tablespace for temporary tables
2023-03-03 10:03:01 0 [Note] InnoDB: Setting file 'C:\xampp\mysql\data\ibtmp1' size to 12 MB. Physically writing the file full; Please wait ...
2023-03-03 10:03:01 0 [Note] InnoDB: File 'C:\xampp\mysql\data\ibtmp1' size is now 12 MB.
2023-03-03 10:03:01 0 [Note] InnoDB: Waiting for purge to start
2023-03-03 10:03:01 0 [Note] InnoDB: 10.4.27 started; log sequence number 300405; transaction id 170
2023-03-03 10:03:01 0 [Note] InnoDB: Loading buffer pool(s) from C:\xampp\mysql\data\ib_buffer_pool
2023-03-03 10:03:01 0 [Note] Plugin 'FEEDBACK' is disabled.
2023-03-03 10:03:01 0 [Note] InnoDB: Buffer pool(s) load completed at 230303 10:03:01
2023-03-03 10:03:01 0 [Note] Server socket created on IP: '::'.
2023-03-03 16:24:32 0 [Note] InnoDB: Mutexes and rw_locks use Windows interlocked functions
2023-03-03 16:24:32 0 [Note] InnoDB: Uses event mutexes
2023-03-03 16:24:32 0 [Note] InnoDB: Compressed tables use zlib 1.2.12
2023-03-03 16:24:32 0 [Note] InnoDB: Number of pools: 1
2023-03-03 16:24:32 0 [Note] InnoDB: Using SSE2 crc32 instructions
2023-03-03 16:24:32 0 [Note] InnoDB: Initializing buffer pool, total size = 16M, instances = 1, chunk size = 16M
2023-03-03 16:24:32 0 [Note] InnoDB: Completed initialization of buffer pool
2023-03-03 16:24:32 0 [Note] InnoDB: Starting crash recovery from checkpoint LSN=300414
2023-03-03 16:24:32 0 [Note] InnoDB: 128 out of 128 rollback segments are active.
2023-03-03 16:24:32 0 [Note] InnoDB: Removed temporary tablespace data file: "ibtmp1"
2023-03-03 16:24:32 0 [Note] InnoDB: Creating shared tablespace for temporary tables
2023-03-03 16:24:32 0 [Note] InnoDB: Setting file 'C:\xampp\mysql\data\ibtmp1' size to 12 MB. Physically writing the file full; Please wait ...
2023-03-03 16:24:32 0 [Note] InnoDB: File 'C:\xampp\mysql\data\ibtmp1' size is now 12 MB.
2023-03-03 16:24:32 0 [Note] InnoDB: Waiting for purge to start
2023-03-03 16:24:32 0 [Note] InnoDB: 10.4.27 started; log sequence number 300423; transaction id 170
2023-03-03 16:24:32 0 [Note] InnoDB: Loading buffer pool(s) from C:\xampp\mysql\data\ib_buffer_pool
2023-03-03 16:24:32 0 [Note] Plugin 'FEEDBACK' is disabled.
2023-03-03 16:24:32 0 [Note] InnoDB: Buffer pool(s) load completed at 230303 16:24:32
2023-03-03 16:24:32 0 [Note] Server socket created on IP: '::'.
2023-03-03 16:24:36 0 [Note] InnoDB: Mutexes and rw_locks use Windows interlocked functions
2023-03-03 16:24:36 0 [Note] InnoDB: Uses event mutexes
2023-03-03 16:24:36 0 [Note] InnoDB: Compressed tables use zlib 1.2.12
2023-03-03 16:24:36 0 [Note] InnoDB: Number of pools: 1
2023-03-03 16:24:36 0 [Note] InnoDB: Using SSE2 crc32 instructions
2023-03-03 16:24:36 0 [Note] InnoDB: Initializing buffer pool, total size = 16M, instances = 1, chunk size = 16M
2023-03-03 16:24:36 0 [Note] InnoDB: Completed initialization of buffer pool
2023-03-03 16:24:36 0 [Note] InnoDB: Starting crash recovery from checkpoint LSN=300414
2023-03-03 16:24:36 0 [Note] InnoDB: 128 out of 128 rollback segments are active.
2023-03-03 16:24:36 0 [Note] InnoDB: Removed temporary tablespace data file: "ibtmp1"
2023-03-03 16:24:36 0 [Note] InnoDB: Creating shared tablespace for temporary tables
2023-03-03 16:24:36 0 [Note] InnoDB: Setting file 'C:\xampp\mysql\data\ibtmp1' size to 12 MB. Physically writing the file full; Please wait ...
2023-03-03 16:24:36 0 [Note] InnoDB: File 'C:\xampp\mysql\data\ibtmp1' size is now 12 MB.
2023-03-03 16:24:36 0 [Note] InnoDB: Waiting for purge to start
2023-03-03 16:24:36 0 [Note] InnoDB: 10.4.27 started; log sequence number 300423; transaction id 170
2023-03-03 16:24:36 0 [Note] InnoDB: Loading buffer pool(s) from C:\xampp\mysql\data\ib_buffer_pool
2023-03-03 16:24:36 0 [Note] Plugin 'FEEDBACK' is disabled.
2023-03-03 16:24:36 0 [Note] Server socket created on IP: '::'.
2023-03-04 22:11:31 0 [Note] InnoDB: Mutexes and rw_locks use Windows interlocked functions
2023-03-04 22:11:31 0 [Note] InnoDB: Uses event mutexes
2023-03-04 22:11:31 0 [Note] InnoDB: Compressed tables use zlib 1.2.12
2023-03-04 22:11:31 0 [Note] InnoDB: Number of pools: 1
2023-03-04 22:11:31 0 [Note] InnoDB: Using SSE2 crc32 instructions
2023-03-04 22:11:31 0 [Note] InnoDB: Initializing buffer pool, total size = 16M, instances = 1, chunk size = 16M
2023-03-04 22:11:31 0 [Note] InnoDB: Completed initialization of buffer pool
2023-03-04 22:11:31 0 [Note] InnoDB: Starting crash recovery from checkpoint LSN=300432
2023-03-04 22:11:31 0 [Note] InnoDB: 128 out of 128 rollback segments are active.
2023-03-04 22:11:31 0 [Note] InnoDB: Removed temporary tablespace data file: "ibtmp1"
2023-03-04 22:11:31 0 [Note] InnoDB: Creating shared tablespace for temporary tables
2023-03-04 22:11:31 0 [Note] InnoDB: Setting file 'C:\xampp\mysql\data\ibtmp1' size to 12 MB. Physically writing the file full; Please wait ...
2023-03-04 22:11:31 0 [Note] InnoDB: File 'C:\xampp\mysql\data\ibtmp1' size is now 12 MB.
2023-03-04 22:11:31 0 [Note] InnoDB: Waiting for purge to start
2023-03-04 22:11:31 0 [Note] InnoDB: 10.4.27 started; log sequence number 300441; transaction id 170
2023-03-04 22:11:31 0 [Note] InnoDB: Loading buffer pool(s) from C:\xampp\mysql\data\ib_buffer_pool
2023-03-04 22:11:31 0 [Note] Plugin 'FEEDBACK' is disabled.
2023-03-04 22:11:31 0 [Note] InnoDB: Buffer pool(s) load completed at 230304 22:11:31
2023-03-04 22:11:31 0 [Note] Server socket created on IP: '::'.
2023-03-06 20:40:47 0 [Note] InnoDB: Mutexes and rw_locks use Windows interlocked functions
2023-03-06 20:40:47 0 [Note] InnoDB: Uses event mutexes
2023-03-06 20:40:47 0 [Note] InnoDB: Compressed tables use zlib 1.2.12
2023-03-06 20:40:47 0 [Note] InnoDB: Number of pools: 1
2023-03-06 20:40:47 0 [Note] InnoDB: Using SSE2 crc32 instructions
2023-03-06 20:40:47 0 [Note] InnoDB: Initializing buffer pool, total size = 16M, instances = 1, chunk size = 16M
2023-03-06 20:40:47 0 [Note] InnoDB: Completed initialization of buffer pool
2023-03-06 20:40:47 0 [Note] InnoDB: Starting crash recovery from checkpoint LSN=356088
2023-03-06 20:40:47 0 [Note] InnoDB: 128 out of 128 rollback segments are active.
2023-03-06 20:40:47 0 [Note] InnoDB: Removed temporary tablespace data file: "ibtmp1"
2023-03-06 20:40:47 0 [Note] InnoDB: Creating shared tablespace for temporary tables
2023-03-06 20:40:47 0 [Note] InnoDB: Setting file 'C:\xampp\mysql\data\ibtmp1' size to 12 MB. Physically writing the file full; Please wait ...
2023-03-06 20:40:47 0 [Note] InnoDB: File 'C:\xampp\mysql\data\ibtmp1' size is now 12 MB.
2023-03-06 20:40:47 0 [Note] InnoDB: Waiting for purge to start
2023-03-06 20:40:47 0 [Note] InnoDB: 10.4.27 started; log sequence number 356097; transaction id 269
2023-03-06 20:40:47 0 [Note] InnoDB: Loading buffer pool(s) from C:\xampp\mysql\data\ib_buffer_pool
2023-03-06 20:40:47 0 [Note] Plugin 'FEEDBACK' is disabled.
2023-03-06 20:40:47 0 [Note] InnoDB: Buffer pool(s) load completed at 230306 20:40:47
2023-03-06 20:40:47 0 [Note] Server socket created on IP: '::'.
2023-03-09 21:04:54 0 [Note] InnoDB: Mutexes and rw_locks use Windows interlocked functions
2023-03-09 21:04:54 0 [Note] InnoDB: Uses event mutexes
2023-03-09 21:04:54 0 [Note] InnoDB: Compressed tables use zlib 1.2.12
2023-03-09 21:04:54 0 [Note] InnoDB: Number of pools: 1
2023-03-09 21:04:54 0 [Note] InnoDB: Using SSE2 crc32 instructions
2023-03-09 21:04:54 0 [Note] InnoDB: Initializing buffer pool, total size = 16M, instances = 1, chunk size = 16M
2023-03-09 21:04:54 0 [Note] InnoDB: Completed initialization of buffer pool
2023-03-09 21:04:54 0 [Note] InnoDB: Starting crash recovery from checkpoint LSN=356106
2023-03-09 21:04:55 0 [Note] InnoDB: 128 out of 128 rollback segments are active.
2023-03-09 21:04:55 0 [Note] InnoDB: Removed temporary tablespace data file: "ibtmp1"
2023-03-09 21:04:55 0 [Note] InnoDB: Creating shared tablespace for temporary tables
2023-03-09 21:04:55 0 [Note] InnoDB: Setting file 'C:\xampp\mysql\data\ibtmp1' size to 12 MB. Physically writing the file full; Please wait ...
2023-03-09 21:04:55 0 [Note] InnoDB: File 'C:\xampp\mysql\data\ibtmp1' size is now 12 MB.
2023-03-09 21:04:55 0 [Note] InnoDB: Waiting for purge to start
2023-03-09 21:04:55 0 [Note] InnoDB: 10.4.27 started; log sequence number 356115; transaction id 269
2023-03-09 21:04:55 0 [Note] InnoDB: Loading buffer pool(s) from C:\xampp\mysql\data\ib_buffer_pool
2023-03-09 21:04:55 0 [Note] Plugin 'FEEDBACK' is disabled.
2023-03-09 21:04:55 0 [Note] InnoDB: Buffer pool(s) load completed at 230309 21:04:55
2023-03-09 21:04:55 0 [Note] Server socket created on IP: '::'.
2023-03-09 21:23:26 0 [Note] InnoDB: Mutexes and rw_locks use Windows interlocked functions
2023-03-09 21:23:26 0 [Note] InnoDB: Uses event mutexes
2023-03-09 21:23:26 0 [Note] InnoDB: Compressed tables use zlib 1.2.12
2023-03-09 21:23:26 0 [Note] InnoDB: Number of pools: 1
2023-03-09 21:23:26 0 [Note] InnoDB: Using SSE2 crc32 instructions
2023-03-09 21:23:26 0 [Note] InnoDB: Initializing buffer pool, total size = 16M, instances = 1, chunk size = 16M
2023-03-09 21:23:26 0 [Note] InnoDB: Completed initialization of buffer pool
2023-03-09 21:23:26 0 [Note] InnoDB: Starting crash recovery from checkpoint LSN=356124
2023-03-09 21:23:26 0 [Note] InnoDB: 128 out of 128 rollback segments are active.
2023-03-09 21:23:26 0 [Note] InnoDB: Removed temporary tablespace data file: "ibtmp1"
2023-03-09 21:23:26 0 [Note] InnoDB: Creating shared tablespace for temporary tables
2023-03-09 21:23:26 0 [Note] InnoDB: Setting file 'C:\xampp\mysql\data\ibtmp1' size to 12 MB. Physically writing the file full; Please wait ...
2023-03-09 21:23:26 0 [Note] InnoDB: File 'C:\xampp\mysql\data\ibtmp1' size is now 12 MB.
2023-03-09 21:23:26 0 [Note] InnoDB: Waiting for purge to start
2023-03-09 21:23:26 0 [Note] InnoDB: 10.4.27 started; log sequence number 356133; transaction id 269
2023-03-09 21:23:26 0 [Note] InnoDB: Loading buffer pool(s) from C:\xampp\mysql\data\ib_buffer_pool
2023-03-09 21:23:26 0 [Note] Plugin 'FEEDBACK' is disabled.
2023-03-09 21:23:26 0 [Note] Server socket created on IP: '::'.
2023-03-10 18:22:35 0 [Note] InnoDB: Mutexes and rw_locks use Windows interlocked functions
2023-03-10 18:22:35 0 [Note] InnoDB: Uses event mutexes
2023-03-10 18:22:35 0 [Note] InnoDB: Compressed tables use zlib 1.2.12
2023-03-10 18:22:35 0 [Note] InnoDB: Number of pools: 1
2023-03-10 18:22:35 0 [Note] InnoDB: Using SSE2 crc32 instructions
2023-03-10 18:22:35 0 [Note] InnoDB: Initializing buffer pool, total size = 16M, instances = 1, chunk size = 16M
2023-03-10 18:22:35 0 [Note] InnoDB: Completed initialization of buffer pool
2023-03-10 18:22:35 0 [Note] InnoDB: Starting crash recovery from checkpoint LSN=356142
2023-03-10 18:22:36 0 [Note] InnoDB: 128 out of 128 rollback segments are active.
2023-03-10 18:22:36 0 [Note] InnoDB: Removed temporary tablespace data file: "ibtmp1"
2023-03-10 18:22:36 0 [Note] InnoDB: Creating shared tablespace for temporary tables
2023-03-10 18:22:36 0 [Note] InnoDB: Setting file 'C:\xampp\mysql\data\ibtmp1' size to 12 MB. Physically writing the file full; Please wait ...
2023-03-10 18:22:36 0 [Note] InnoDB: File 'C:\xampp\mysql\data\ibtmp1' size is now 12 MB.
2023-03-10 18:22:36 0 [Note] InnoDB: Waiting for purge to start
2023-03-10 18:22:36 0 [Note] InnoDB: 10.4.27 started; log sequence number 356151; transaction id 269
2023-03-10 18:22:36 0 [Note] InnoDB: Loading buffer pool(s) from C:\xampp\mysql\data\ib_buffer_pool
2023-03-10 18:22:36 0 [Note] Plugin 'FEEDBACK' is disabled.
2023-03-10 18:22:36 0 [Note] InnoDB: Buffer pool(s) load completed at 230310 18:22:36
2023-03-10 18:22:36 0 [Note] Server socket created on IP: '::'.
