[2024-02-06 22:27:49] local.ERROR: SQLSTATE[42S01]: Base table or view already exists: 1050 Table 'todo_lists' already exists (SQL: create table `todo_lists` (`id` bigint unsigned not null auto_increment primary key, `name` varchar(100) not null, `created_at` timestamp null, `updated_at` timestamp null) default character set utf8 collate 'utf8_general_ci') {"exception":"[object] (Illuminate\\Database\\QueryException(code: 42S01): SQLSTATE[42S01]: Base table or view already exists: 1050 Table 'todo_lists' already exists (SQL: create table `todo_lists` (`id` bigint unsigned not null auto_increment primary key, `name` varchar(100) not null, `created_at` timestamp null, `updated_at` timestamp null) default character set utf8 collate 'utf8_general_ci') at /Applications/MAMP/htdocs/techUP_study/152_tanabe_takatoshi/Laravel/sample/vendor/laravel/framework/src/Illuminate/Database/Connection.php:712)
[stacktrace]
#0 /Applications/MAMP/htdocs/techUP_study/152_tanabe_takatoshi/Laravel/sample/vendor/laravel/framework/src/Illuminate/Database/Connection.php(672): Illuminate\\Database\\Connection->runQueryCallback('create table `t...', Array, Object(Closure))
#1 /Applications/MAMP/htdocs/techUP_study/152_tanabe_takatoshi/Laravel/sample/vendor/laravel/framework/src/Illuminate/Database/Connection.php(490): Illuminate\\Database\\Connection->run('create table `t...', Array, Object(Closure))
#2 /Applications/MAMP/htdocs/techUP_study/152_tanabe_takatoshi/Laravel/sample/vendor/laravel/framework/src/Illuminate/Database/Schema/Blueprint.php(109): Illuminate\\Database\\Connection->statement('create table `t...')
#3 /Applications/MAMP/htdocs/techUP_study/152_tanabe_takatoshi/Laravel/sample/vendor/laravel/framework/src/Illuminate/Database/Schema/Builder.php(364): Illuminate\\Database\\Schema\\Blueprint->build(Object(Illuminate\\Database\\MySqlConnection), Object(Illuminate\\Database\\Schema\\Grammars\\MySqlGrammar))
#4 /Applications/MAMP/htdocs/techUP_study/152_tanabe_takatoshi/Laravel/sample/vendor/laravel/framework/src/Illuminate/Database/Schema/Builder.php(223): Illuminate\\Database\\Schema\\Builder->build(Object(Illuminate\\Database\\Schema\\Blueprint))
#5 /Applications/MAMP/htdocs/techUP_study/152_tanabe_takatoshi/Laravel/sample/vendor/laravel/framework/src/Illuminate/Support/Facades/Facade.php(261): Illuminate\\Database\\Schema\\Builder->create('todo_lists', Object(Closure))
#6 /Applications/MAMP/htdocs/techUP_study/152_tanabe_takatoshi/Laravel/sample/database/migrations/2024_02_06_222706_create_todo_lists_table.php(16): Illuminate\\Support\\Facades\\Facade::__callStatic('create', Array)
#7 /Applications/MAMP/htdocs/techUP_study/152_tanabe_takatoshi/Laravel/sample/vendor/laravel/framework/src/Illuminate/Database/Migrations/Migrator.php(472): CreateTodoListsTable->up()
#8 /Applications/MAMP/htdocs/techUP_study/152_tanabe_takatoshi/Laravel/sample/vendor/laravel/framework/src/Illuminate/Database/Migrations/Migrator.php(394): Illuminate\\Database\\Migrations\\Migrator->runMethod(Object(Illuminate\\Database\\MySqlConnection), Object(CreateTodoListsTable), 'up')
#9 /Applications/MAMP/htdocs/techUP_study/152_tanabe_takatoshi/Laravel/sample/vendor/laravel/framework/src/Illuminate/Database/Migrations/Migrator.php(403): Illuminate\\Database\\Migrations\\Migrator->Illuminate\\Database\\Migrations\\{closure}()
#10 /Applications/MAMP/htdocs/techUP_study/152_tanabe_takatoshi/Laravel/sample/vendor/laravel/framework/src/Illuminate/Database/Migrations/Migrator.php(202): Illuminate\\Database\\Migrations\\Migrator->runMigration(Object(CreateTodoListsTable), 'up')
#11 /Applications/MAMP/htdocs/techUP_study/152_tanabe_takatoshi/Laravel/sample/vendor/laravel/framework/src/Illuminate/Database/Migrations/Migrator.php(167): Illuminate\\Database\\Migrations\\Migrator->runUp('/Applications/M...', 5, false)
#12 /Applications/MAMP/htdocs/techUP_study/152_tanabe_takatoshi/Laravel/sample/vendor/laravel/framework/src/Illuminate/Database/Migrations/Migrator.php(112): Illuminate\\Database\\Migrations\\Migrator->runPending(Array, Array)
#13 /Applications/MAMP/htdocs/techUP_study/152_tanabe_takatoshi/Laravel/sample/vendor/laravel/framework/src/Illuminate/Database/Console/Migrations/MigrateCommand.php(84): Illuminate\\Database\\Migrations\\Migrator->run(Array, Array)
#14 /Applications/MAMP/htdocs/techUP_study/152_tanabe_takatoshi/Laravel/sample/vendor/laravel/framework/src/Illuminate/Database/Migrations/Migrator.php(606): Illuminate\\Database\\Console\\Migrations\\MigrateCommand->Illuminate\\Database\\Console\\Migrations\\{closure}()
#15 /Applications/MAMP/htdocs/techUP_study/152_tanabe_takatoshi/Laravel/sample/vendor/laravel/framework/src/Illuminate/Database/Console/Migrations/MigrateCommand.php(77): Illuminate\\Database\\Migrations\\Migrator->usingConnection(NULL, Object(Closure))
#16 /Applications/MAMP/htdocs/techUP_study/152_tanabe_takatoshi/Laravel/sample/vendor/laravel/framework/src/Illuminate/Container/BoundMethod.php(36): Illuminate\\Database\\Console\\Migrations\\MigrateCommand->handle()
#17 /Applications/MAMP/htdocs/techUP_study/152_tanabe_takatoshi/Laravel/sample/vendor/laravel/framework/src/Illuminate/Container/Util.php(40): Illuminate\\Container\\BoundMethod::Illuminate\\Container\\{closure}()
#18 /Applications/MAMP/htdocs/techUP_study/152_tanabe_takatoshi/Laravel/sample/vendor/laravel/framework/src/Illuminate/Container/BoundMethod.php(93): Illuminate\\Container\\Util::unwrapIfClosure(Object(Closure))
#19 /Applications/MAMP/htdocs/techUP_study/152_tanabe_takatoshi/Laravel/sample/vendor/laravel/framework/src/Illuminate/Container/BoundMethod.php(35): Illuminate\\Container\\BoundMethod::callBoundMethod(Object(Illuminate\\Foundation\\Application), Array, Object(Closure))
#20 /Applications/MAMP/htdocs/techUP_study/152_tanabe_takatoshi/Laravel/sample/vendor/laravel/framework/src/Illuminate/Container/Container.php(653): Illuminate\\Container\\BoundMethod::call(Object(Illuminate\\Foundation\\Application), Array, Array, NULL)
#21 /Applications/MAMP/htdocs/techUP_study/152_tanabe_takatoshi/Laravel/sample/vendor/laravel/framework/src/Illuminate/Console/Command.php(136): Illuminate\\Container\\Container->call(Array)
#22 /Applications/MAMP/htdocs/techUP_study/152_tanabe_takatoshi/Laravel/sample/vendor/symfony/console/Command/Command.php(298): Illuminate\\Console\\Command->execute(Object(Symfony\\Component\\Console\\Input\\ArgvInput), Object(Illuminate\\Console\\OutputStyle))
#23 /Applications/MAMP/htdocs/techUP_study/152_tanabe_takatoshi/Laravel/sample/vendor/laravel/framework/src/Illuminate/Console/Command.php(120): Symfony\\Component\\Console\\Command\\Command->run(Object(Symfony\\Component\\Console\\Input\\ArgvInput), Object(Illuminate\\Console\\OutputStyle))
#24 /Applications/MAMP/htdocs/techUP_study/152_tanabe_takatoshi/Laravel/sample/vendor/symfony/console/Application.php(1040): Illuminate\\Console\\Command->run(Object(Symfony\\Component\\Console\\Input\\ArgvInput), Object(Symfony\\Component\\Console\\Output\\ConsoleOutput))
#25 /Applications/MAMP/htdocs/techUP_study/152_tanabe_takatoshi/Laravel/sample/vendor/symfony/console/Application.php(301): Symfony\\Component\\Console\\Application->doRunCommand(Object(Illuminate\\Database\\Console\\Migrations\\MigrateCommand), Object(Symfony\\Component\\Console\\Input\\ArgvInput), Object(Symfony\\Component\\Console\\Output\\ConsoleOutput))
#26 /Applications/MAMP/htdocs/techUP_study/152_tanabe_takatoshi/Laravel/sample/vendor/symfony/console/Application.php(171): Symfony\\Component\\Console\\Application->doRun(Object(Symfony\\Component\\Console\\Input\\ArgvInput), Object(Symfony\\Component\\Console\\Output\\ConsoleOutput))
#27 /Applications/MAMP/htdocs/techUP_study/152_tanabe_takatoshi/Laravel/sample/vendor/laravel/framework/src/Illuminate/Console/Application.php(94): Symfony\\Component\\Console\\Application->run(Object(Symfony\\Component\\Console\\Input\\ArgvInput), Object(Symfony\\Component\\Console\\Output\\ConsoleOutput))
#28 /Applications/MAMP/htdocs/techUP_study/152_tanabe_takatoshi/Laravel/sample/vendor/laravel/framework/src/Illuminate/Foundation/Console/Kernel.php(129): Illuminate\\Console\\Application->run(Object(Symfony\\Component\\Console\\Input\\ArgvInput), Object(Symfony\\Component\\Console\\Output\\ConsoleOutput))
#29 /Applications/MAMP/htdocs/techUP_study/152_tanabe_takatoshi/Laravel/sample/artisan(35): Illuminate\\Foundation\\Console\\Kernel->handle(Object(Symfony\\Component\\Console\\Input\\ArgvInput), Object(Symfony\\Component\\Console\\Output\\ConsoleOutput))
#30 {main}

[previous exception] [object] (PDOException(code: 42S01): SQLSTATE[42S01]: Base table or view already exists: 1050 Table 'todo_lists' already exists at /Applications/MAMP/htdocs/techUP_study/152_tanabe_takatoshi/Laravel/sample/vendor/laravel/framework/src/Illuminate/Database/Connection.php:501)
[stacktrace]
#0 /Applications/MAMP/htdocs/techUP_study/152_tanabe_takatoshi/Laravel/sample/vendor/laravel/framework/src/Illuminate/Database/Connection.php(501): PDOStatement->execute()
#1 /Applications/MAMP/htdocs/techUP_study/152_tanabe_takatoshi/Laravel/sample/vendor/laravel/framework/src/Illuminate/Database/Connection.php(705): Illuminate\\Database\\Connection->Illuminate\\Database\\{closure}('create table `t...', Array)
#2 /Applications/MAMP/htdocs/techUP_study/152_tanabe_takatoshi/Laravel/sample/vendor/laravel/framework/src/Illuminate/Database/Connection.php(672): Illuminate\\Database\\Connection->runQueryCallback('create table `t...', Array, Object(Closure))
#3 /Applications/MAMP/htdocs/techUP_study/152_tanabe_takatoshi/Laravel/sample/vendor/laravel/framework/src/Illuminate/Database/Connection.php(490): Illuminate\\Database\\Connection->run('create table `t...', Array, Object(Closure))
#4 /Applications/MAMP/htdocs/techUP_study/152_tanabe_takatoshi/Laravel/sample/vendor/laravel/framework/src/Illuminate/Database/Schema/Blueprint.php(109): Illuminate\\Database\\Connection->statement('create table `t...')
#5 /Applications/MAMP/htdocs/techUP_study/152_tanabe_takatoshi/Laravel/sample/vendor/laravel/framework/src/Illuminate/Database/Schema/Builder.php(364): Illuminate\\Database\\Schema\\Blueprint->build(Object(Illuminate\\Database\\MySqlConnection), Object(Illuminate\\Database\\Schema\\Grammars\\MySqlGrammar))
#6 /Applications/MAMP/htdocs/techUP_study/152_tanabe_takatoshi/Laravel/sample/vendor/laravel/framework/src/Illuminate/Database/Schema/Builder.php(223): Illuminate\\Database\\Schema\\Builder->build(Object(Illuminate\\Database\\Schema\\Blueprint))
#7 /Applications/MAMP/htdocs/techUP_study/152_tanabe_takatoshi/Laravel/sample/vendor/laravel/framework/src/Illuminate/Support/Facades/Facade.php(261): Illuminate\\Database\\Schema\\Builder->create('todo_lists', Object(Closure))
#8 /Applications/MAMP/htdocs/techUP_study/152_tanabe_takatoshi/Laravel/sample/database/migrations/2024_02_06_222706_create_todo_lists_table.php(16): Illuminate\\Support\\Facades\\Facade::__callStatic('create', Array)
#9 /Applications/MAMP/htdocs/techUP_study/152_tanabe_takatoshi/Laravel/sample/vendor/laravel/framework/src/Illuminate/Database/Migrations/Migrator.php(472): CreateTodoListsTable->up()
#10 /Applications/MAMP/htdocs/techUP_study/152_tanabe_takatoshi/Laravel/sample/vendor/laravel/framework/src/Illuminate/Database/Migrations/Migrator.php(394): Illuminate\\Database\\Migrations\\Migrator->runMethod(Object(Illuminate\\Database\\MySqlConnection), Object(CreateTodoListsTable), 'up')
#11 /Applications/MAMP/htdocs/techUP_study/152_tanabe_takatoshi/Laravel/sample/vendor/laravel/framework/src/Illuminate/Database/Migrations/Migrator.php(403): Illuminate\\Database\\Migrations\\Migrator->Illuminate\\Database\\Migrations\\{closure}()
#12 /Applications/MAMP/htdocs/techUP_study/152_tanabe_takatoshi/Laravel/sample/vendor/laravel/framework/src/Illuminate/Database/Migrations/Migrator.php(202): Illuminate\\Database\\Migrations\\Migrator->runMigration(Object(CreateTodoListsTable), 'up')
#13 /Applications/MAMP/htdocs/techUP_study/152_tanabe_takatoshi/Laravel/sample/vendor/laravel/framework/src/Illuminate/Database/Migrations/Migrator.php(167): Illuminate\\Database\\Migrations\\Migrator->runUp('/Applications/M...', 5, false)
#14 /Applications/MAMP/htdocs/techUP_study/152_tanabe_takatoshi/Laravel/sample/vendor/laravel/framework/src/Illuminate/Database/Migrations/Migrator.php(112): Illuminate\\Database\\Migrations\\Migrator->runPending(Array, Array)
#15 /Applications/MAMP/htdocs/techUP_study/152_tanabe_takatoshi/Laravel/sample/vendor/laravel/framework/src/Illuminate/Database/Console/Migrations/MigrateCommand.php(84): Illuminate\\Database\\Migrations\\Migrator->run(Array, Array)
#16 /Applications/MAMP/htdocs/techUP_study/152_tanabe_takatoshi/Laravel/sample/vendor/laravel/framework/src/Illuminate/Database/Migrations/Migrator.php(606): Illuminate\\Database\\Console\\Migrations\\MigrateCommand->Illuminate\\Database\\Console\\Migrations\\{closure}()
#17 /Applications/MAMP/htdocs/techUP_study/152_tanabe_takatoshi/Laravel/sample/vendor/laravel/framework/src/Illuminate/Database/Console/Migrations/MigrateCommand.php(77): Illuminate\\Database\\Migrations\\Migrator->usingConnection(NULL, Object(Closure))
#18 /Applications/MAMP/htdocs/techUP_study/152_tanabe_takatoshi/Laravel/sample/vendor/laravel/framework/src/Illuminate/Container/BoundMethod.php(36): Illuminate\\Database\\Console\\Migrations\\MigrateCommand->handle()
#19 /Applications/MAMP/htdocs/techUP_study/152_tanabe_takatoshi/Laravel/sample/vendor/laravel/framework/src/Illuminate/Container/Util.php(40): Illuminate\\Container\\BoundMethod::Illuminate\\Container\\{closure}()
#20 /Applications/MAMP/htdocs/techUP_study/152_tanabe_takatoshi/Laravel/sample/vendor/laravel/framework/src/Illuminate/Container/BoundMethod.php(93): Illuminate\\Container\\Util::unwrapIfClosure(Object(Closure))
#21 /Applications/MAMP/htdocs/techUP_study/152_tanabe_takatoshi/Laravel/sample/vendor/laravel/framework/src/Illuminate/Container/BoundMethod.php(35): Illuminate\\Container\\BoundMethod::callBoundMethod(Object(Illuminate\\Foundation\\Application), Array, Object(Closure))
#22 /Applications/MAMP/htdocs/techUP_study/152_tanabe_takatoshi/Laravel/sample/vendor/laravel/framework/src/Illuminate/Container/Container.php(653): Illuminate\\Container\\BoundMethod::call(Object(Illuminate\\Foundation\\Application), Array, Array, NULL)
#23 /Applications/MAMP/htdocs/techUP_study/152_tanabe_takatoshi/Laravel/sample/vendor/laravel/framework/src/Illuminate/Console/Command.php(136): Illuminate\\Container\\Container->call(Array)
#24 /Applications/MAMP/htdocs/techUP_study/152_tanabe_takatoshi/Laravel/sample/vendor/symfony/console/Command/Command.php(298): Illuminate\\Console\\Command->execute(Object(Symfony\\Component\\Console\\Input\\ArgvInput), Object(Illuminate\\Console\\OutputStyle))
#25 /Applications/MAMP/htdocs/techUP_study/152_tanabe_takatoshi/Laravel/sample/vendor/laravel/framework/src/Illuminate/Console/Command.php(120): Symfony\\Component\\Console\\Command\\Command->run(Object(Symfony\\Component\\Console\\Input\\ArgvInput), Object(Illuminate\\Console\\OutputStyle))
#26 /Applications/MAMP/htdocs/techUP_study/152_tanabe_takatoshi/Laravel/sample/vendor/symfony/console/Application.php(1040): Illuminate\\Console\\Command->run(Object(Symfony\\Component\\Console\\Input\\ArgvInput), Object(Symfony\\Component\\Console\\Output\\ConsoleOutput))
#27 /Applications/MAMP/htdocs/techUP_study/152_tanabe_takatoshi/Laravel/sample/vendor/symfony/console/Application.php(301): Symfony\\Component\\Console\\Application->doRunCommand(Object(Illuminate\\Database\\Console\\Migrations\\MigrateCommand), Object(Symfony\\Component\\Console\\Input\\ArgvInput), Object(Symfony\\Component\\Console\\Output\\ConsoleOutput))
#28 /Applications/MAMP/htdocs/techUP_study/152_tanabe_takatoshi/Laravel/sample/vendor/symfony/console/Application.php(171): Symfony\\Component\\Console\\Application->doRun(Object(Symfony\\Component\\Console\\Input\\ArgvInput), Object(Symfony\\Component\\Console\\Output\\ConsoleOutput))
#29 /Applications/MAMP/htdocs/techUP_study/152_tanabe_takatoshi/Laravel/sample/vendor/laravel/framework/src/Illuminate/Console/Application.php(94): Symfony\\Component\\Console\\Application->run(Object(Symfony\\Component\\Console\\Input\\ArgvInput), Object(Symfony\\Component\\Console\\Output\\ConsoleOutput))
#30 /Applications/MAMP/htdocs/techUP_study/152_tanabe_takatoshi/Laravel/sample/vendor/laravel/framework/src/Illuminate/Foundation/Console/Kernel.php(129): Illuminate\\Console\\Application->run(Object(Symfony\\Component\\Console\\Input\\ArgvInput), Object(Symfony\\Component\\Console\\Output\\ConsoleOutput))
#31 /Applications/MAMP/htdocs/techUP_study/152_tanabe_takatoshi/Laravel/sample/artisan(35): Illuminate\\Foundation\\Console\\Kernel->handle(Object(Symfony\\Component\\Console\\Input\\ArgvInput), Object(Symfony\\Component\\Console\\Output\\ConsoleOutput))
#32 {main}
"} 
[2024-02-06 22:37:23] local.DEBUG: [{"id":1,"name":"\u30c6\u30b9\u30c81","created_at":"2024-02-06T13:33:46.000000Z","updated_at":"2024-02-06T13:33:46.000000Z"},{"id":2,"name":"\u30c6\u30b9\u30c82","created_at":"2024-02-06T13:33:46.000000Z","updated_at":"2024-02-06T13:33:46.000000Z"},{"id":3,"name":"\u30c6\u30b9\u30c83","created_at":"2024-02-06T13:33:46.000000Z","updated_at":"2024-02-06T13:33:46.000000Z"}]  
[2024-02-06 22:37:45] local.DEBUG: [{"id":1,"name":"\u30c6\u30b9\u30c81","created_at":"2024-02-06T13:33:46.000000Z","updated_at":"2024-02-06T13:33:46.000000Z"},{"id":2,"name":"\u30c6\u30b9\u30c82","created_at":"2024-02-06T13:33:46.000000Z","updated_at":"2024-02-06T13:33:46.000000Z"},{"id":3,"name":"\u30c6\u30b9\u30c83","created_at":"2024-02-06T13:33:46.000000Z","updated_at":"2024-02-06T13:33:46.000000Z"}]  
[2024-02-06 22:37:51] local.DEBUG: [{"id":1,"name":"\u30c6\u30b9\u30c81","created_at":"2024-02-06T13:33:46.000000Z","updated_at":"2024-02-06T13:33:46.000000Z"},{"id":2,"name":"\u30c6\u30b9\u30c82","created_at":"2024-02-06T13:33:46.000000Z","updated_at":"2024-02-06T13:33:46.000000Z"},{"id":3,"name":"\u30c6\u30b9\u30c83","created_at":"2024-02-06T13:33:46.000000Z","updated_at":"2024-02-06T13:33:46.000000Z"}]  
[2024-02-06 22:38:01] local.DEBUG: [{"id":1,"name":"\u30c6\u30b9\u30c81","created_at":"2024-02-06T13:33:46.000000Z","updated_at":"2024-02-06T13:33:46.000000Z"},{"id":2,"name":"\u30c6\u30b9\u30c82","created_at":"2024-02-06T13:33:46.000000Z","updated_at":"2024-02-06T13:33:46.000000Z"},{"id":3,"name":"\u30c6\u30b9\u30c83","created_at":"2024-02-06T13:33:46.000000Z","updated_at":"2024-02-06T13:33:46.000000Z"}]  
[2024-02-06 22:38:05] local.DEBUG: [{"id":1,"name":"\u30c6\u30b9\u30c81","created_at":"2024-02-06T13:33:46.000000Z","updated_at":"2024-02-06T13:33:46.000000Z"},{"id":2,"name":"\u30c6\u30b9\u30c82","created_at":"2024-02-06T13:33:46.000000Z","updated_at":"2024-02-06T13:33:46.000000Z"},{"id":3,"name":"\u30c6\u30b9\u30c83","created_at":"2024-02-06T13:33:46.000000Z","updated_at":"2024-02-06T13:33:46.000000Z"}]  
[2024-02-07 00:19:47] local.DEBUG: [{"id":1,"name":"\u30c6\u30b9\u30c81","created_at":"2024-02-06T13:33:46.000000Z","updated_at":"2024-02-06T13:33:46.000000Z"},{"id":2,"name":"\u30c6\u30b9\u30c82","created_at":"2024-02-06T13:33:46.000000Z","updated_at":"2024-02-06T13:33:46.000000Z"},{"id":3,"name":"\u30c6\u30b9\u30c83","created_at":"2024-02-06T13:33:46.000000Z","updated_at":"2024-02-06T13:33:46.000000Z"}]  
[2024-02-07 00:19:48] local.DEBUG: [{"id":1,"name":"\u30c6\u30b9\u30c81","created_at":"2024-02-06T13:33:46.000000Z","updated_at":"2024-02-06T13:33:46.000000Z"},{"id":2,"name":"\u30c6\u30b9\u30c82","created_at":"2024-02-06T13:33:46.000000Z","updated_at":"2024-02-06T13:33:46.000000Z"},{"id":3,"name":"\u30c6\u30b9\u30c83","created_at":"2024-02-06T13:33:46.000000Z","updated_at":"2024-02-06T13:33:46.000000Z"}]  
[2024-02-07 00:23:17] local.DEBUG: [{"id":1,"name":"\u30c6\u30b9\u30c81","created_at":"2024-02-06T13:33:46.000000Z","updated_at":"2024-02-06T13:33:46.000000Z"},{"id":2,"name":"\u30c6\u30b9\u30c82","created_at":"2024-02-06T13:33:46.000000Z","updated_at":"2024-02-06T13:33:46.000000Z"},{"id":3,"name":"\u30c6\u30b9\u30c83","created_at":"2024-02-06T13:33:46.000000Z","updated_at":"2024-02-06T13:33:46.000000Z"}]  
[2024-02-10 13:39:28] local.DEBUG: [{"id":1,"name":"\u30c6\u30b9\u30c81","created_at":"2024-02-06T13:33:46.000000Z","updated_at":"2024-02-06T13:33:46.000000Z"},{"id":2,"name":"\u30c6\u30b9\u30c82","created_at":"2024-02-06T13:33:46.000000Z","updated_at":"2024-02-06T13:33:46.000000Z"},{"id":3,"name":"\u30c6\u30b9\u30c83","created_at":"2024-02-06T13:33:46.000000Z","updated_at":"2024-02-06T13:33:46.000000Z"}]  
