20:31:45  [main] 	Initializing Control Panel
20:31:45  [main] 	Windows Version:  Home  64-bit
20:31:45  [main] 	XAMPP Version: 8.2.0
20:31:45  [main] 	Control Panel Version: 3.3.0  [ Compiled: Apr 6th 2021 ]
20:31:45  [main] 	Running with Administrator rights - good!
20:31:45  [main] 	XAMPP Installation Directory: "c:\xampp\"
20:31:45  [main] 	Checking for prerequisites
20:31:46  [main] 	All prerequisites found
20:31:46  [main] 	Initializing Modules
20:31:46  [main] 	Starting Check-Timer
20:31:46  [main] 	Control Panel Ready
20:31:54  [Apache] 	Attempting to start Apache app...
20:31:54  [Apache] 	Status change detected: running
20:32:00  [mysql] 	Attempting to start MySQL app...
20:32:00  [mysql] 	Status change detected: running
21:32:48  [main] 	Deinitializing Modules
21:32:48  [main] 	Deinitializing Control Panel

10:02:43  [main] 	Initializing Control Panel
10:02:43  [main] 	Windows Version:  Home  64-bit
10:02:43  [main] 	XAMPP Version: 8.2.0
10:02:43  [main] 	Control Panel Version: 3.3.0  [ Compiled: Apr 6th 2021 ]
10:02:43  [main] 	Running with Administrator rights - good!
10:02:43  [main] 	XAMPP Installation Directory: "c:\xampp\"
10:02:43  [main] 	Checking for prerequisites
10:02:44  [main] 	All prerequisites found
10:02:44  [main] 	Initializing Modules
10:02:44  [main] 	Starting Check-Timer
10:02:44  [main] 	Control Panel Ready
10:02:48  [Apache] 	Attempting to start Apache app...
10:02:48  [Apache] 	Status change detected: running
10:03:00  [mysql] 	Attempting to start MySQL app...
10:03:00  [mysql] 	Status change detected: running
10:03:14  [Apache] 	Attempting to stop Apache (PID: 6040)
10:03:14  [Apache] 	Attempting to stop Apache (PID: 13388)
10:03:14  [Apache] 	Status change detected: stopped
10:03:15  [mysql] 	Attempting to stop MySQL app...
10:03:15  [mysql] 	Status change detected: stopped
10:03:16  [main] 	Deinitializing Modules
10:03:16  [main] 	Deinitializing Control Panel

11:50:54  [main] 	Initializing Control Panel
11:50:54  [main] 	Windows Version:  Home  64-bit
11:50:54  [main] 	XAMPP Version: 8.2.0
11:50:54  [main] 	Control Panel Version: 3.3.0  [ Compiled: Apr 6th 2021 ]
11:50:54  [main] 	Running with Administrator rights - good!
11:50:54  [main] 	XAMPP Installation Directory: "c:\xampp\"
11:50:54  [main] 	Checking for prerequisites
11:50:54  [main] 	All prerequisites found
11:50:54  [main] 	Initializing Modules
11:50:54  [main] 	Starting Check-Timer
11:50:54  [main] 	Control Panel Ready
11:51:04  [Apache] 	Attempting to start Apache app...
11:51:04  [Apache] 	Status change detected: running
12:28:35  [Apache] 	Attempting to stop Apache (PID: 16652)
12:28:35  [Apache] 	Attempting to stop Apache (PID: 14840)
12:28:35  [Apache] 	Status change detected: stopped
12:28:36  [main] 	Deinitializing Modules
12:28:36  [main] 	Deinitializing Control Panel

14:09:00  [main] 	Initializing Control Panel
14:09:00  [main] 	Windows Version:  Home  64-bit
14:09:00  [main] 	XAMPP Version: 8.2.0
14:09:00  [main] 	Control Panel Version: 3.3.0  [ Compiled: Apr 6th 2021 ]
14:09:00  [main] 	Running with Administrator rights - good!
14:09:00  [main] 	XAMPP Installation Directory: "c:\xampp\"
14:09:00  [main] 	Checking for prerequisites
14:09:00  [main] 	All prerequisites found
14:09:00  [main] 	Initializing Modules
14:09:00  [main] 	Starting Check-Timer
14:09:00  [main] 	Control Panel Ready
14:09:02  [Apache] 	Attempting to start Apache app...
14:09:02  [Apache] 	Status change detected: running
16:24:31  [mysql] 	Attempting to start MySQL app...
16:24:32  [mysql] 	Status change detected: running
16:24:33  [mysql] 	Status change detected: stopped
16:24:33  [mysql] 	Error: MySQL shutdown unexpectedly.
16:24:33  [mysql] 	This may be due to a blocked port, missing dependencies, 
16:24:33  [mysql] 	improper privileges, a crash, or a shutdown by another method.
16:24:33  [mysql] 	Press the Logs button to view error logs and check
16:24:33  [mysql] 	the Windows Event Viewer for more clues
16:24:33  [mysql] 	If you need more help, copy and post this
16:24:33  [mysql] 	entire log window on the forums
16:24:35  [mysql] 	Attempting to start MySQL app...
16:24:36  [mysql] 	Status change detected: running
21:51:20  [Apache] 	Attempting to stop Apache (PID: 5868)
21:51:20  [Apache] 	Attempting to stop Apache (PID: 22640)
21:51:20  [Apache] 	Status change detected: stopped
21:51:20  [mysql] 	Attempting to stop MySQL app...
21:51:20  [mysql] 	Status change detected: stopped
21:51:22  [main] 	Deinitializing Modules
21:51:22  [main] 	Deinitializing Control Panel

22:11:19  [main] 	Initializing Control Panel
22:11:19  [main] 	Windows Version:  Home  64-bit
22:11:19  [main] 	XAMPP Version: 8.2.0
22:11:19  [main] 	Control Panel Version: 3.3.0  [ Compiled: Apr 6th 2021 ]
22:11:19  [main] 	Running with Administrator rights - good!
22:11:19  [main] 	XAMPP Installation Directory: "c:\xampp\"
22:11:19  [main] 	Checking for prerequisites
22:11:19  [main] 	All prerequisites found
22:11:19  [main] 	Initializing Modules
22:11:19  [main] 	Starting Check-Timer
22:11:19  [main] 	Control Panel Ready
22:11:29  [Apache] 	Attempting to start Apache app...
22:11:29  [Apache] 	Status change detected: running
22:11:31  [mysql] 	Attempting to start MySQL app...
22:11:31  [mysql] 	Status change detected: running
1:28:55  [Apache] 	Attempting to stop Apache (PID: 20516)
1:28:55  [Apache] 	Attempting to stop Apache (PID: 7836)
1:28:55  [Apache] 	Status change detected: stopped
1:28:55  [mysql] 	Attempting to stop MySQL app...
1:28:56  [mysql] 	Status change detected: stopped
1:28:56  [main] 	Deinitializing Modules
1:28:56  [main] 	Deinitializing Control Panel

20:40:41  [main] 	Initializing Control Panel
20:40:41  [main] 	Windows Version:  Home  64-bit
20:40:41  [main] 	XAMPP Version: 8.2.0
20:40:41  [main] 	Control Panel Version: 3.3.0  [ Compiled: Apr 6th 2021 ]
20:40:41  [main] 	Running with Administrator rights - good!
20:40:41  [main] 	XAMPP Installation Directory: "c:\xampp\"
20:40:41  [main] 	Checking for prerequisites
20:40:42  [main] 	All prerequisites found
20:40:42  [main] 	Initializing Modules
20:40:42  [main] 	Starting Check-Timer
20:40:42  [main] 	Control Panel Ready
20:40:44  [Apache] 	Attempting to start Apache app...
20:40:44  [Apache] 	Status change detected: running
20:40:47  [mysql] 	Attempting to start MySQL app...
20:40:47  [mysql] 	Status change detected: running
23:29:51  [Apache] 	Attempting to stop Apache (PID: 10348)
23:29:51  [Apache] 	Attempting to stop Apache (PID: 3696)
23:29:52  [Apache] 	Status change detected: stopped
23:29:52  [mysql] 	Attempting to stop MySQL app...
23:29:52  [mysql] 	Status change detected: stopped
23:29:53  [main] 	Deinitializing Modules
23:29:53  [main] 	Deinitializing Control Panel

21:04:43  [main] 	Initializing Control Panel
21:04:43  [main] 	Windows Version:  Home  64-bit
21:04:43  [main] 	XAMPP Version: 8.2.0
21:04:43  [main] 	Control Panel Version: 3.3.0  [ Compiled: Apr 6th 2021 ]
21:04:43  [main] 	Running with Administrator rights - good!
21:04:43  [main] 	XAMPP Installation Directory: "c:\xampp\"
21:04:43  [main] 	Checking for prerequisites
21:04:44  [main] 	All prerequisites found
21:04:44  [main] 	Initializing Modules
21:04:44  [main] 	Starting Check-Timer
21:04:44  [main] 	Control Panel Ready
21:04:53  [Apache] 	Attempting to start Apache app...
21:04:53  [Apache] 	Status change detected: running
21:04:54  [mysql] 	Attempting to start MySQL app...
21:04:54  [mysql] 	Status change detected: running
21:05:54  [Apache] 	Attempting to stop Apache (PID: 4284)
21:05:54  [Apache] 	Attempting to stop Apache (PID: 9580)
21:05:54  [Apache] 	Status change detected: stopped
21:05:55  [mysql] 	Attempting to stop MySQL app...
21:05:55  [mysql] 	Status change detected: stopped
21:05:56  [main] 	Deinitializing Modules
21:05:56  [main] 	Deinitializing Control Panel

21:23:19  [main] 	Initializing Control Panel
21:23:19  [main] 	Windows Version:  Home  64-bit
21:23:19  [main] 	XAMPP Version: 8.2.0
21:23:19  [main] 	Control Panel Version: 3.3.0  [ Compiled: Apr 6th 2021 ]
21:23:19  [main] 	Running with Administrator rights - good!
21:23:19  [main] 	XAMPP Installation Directory: "c:\xampp\"
21:23:19  [main] 	Checking for prerequisites
21:23:19  [main] 	All prerequisites found
21:23:19  [main] 	Initializing Modules
21:23:19  [main] 	Starting Check-Timer
21:23:19  [main] 	Control Panel Ready
21:23:25  [Apache] 	Attempting to start Apache app...
21:23:25  [Apache] 	Status change detected: running
21:23:26  [mysql] 	Attempting to start MySQL app...
21:23:26  [mysql] 	Status change detected: running
11:00:40  [Apache] 	Attempting to stop Apache (PID: 16160)
11:00:40  [Apache] 	Attempting to stop Apache (PID: 2076)
11:00:41  [Apache] 	Status change detected: stopped
11:00:41  [mysql] 	Attempting to stop MySQL app...
11:00:41  [mysql] 	Status change detected: stopped
11:00:44  [main] 	Deinitializing Modules
11:00:44  [main] 	Deinitializing Control Panel

